INFO - 2025-03-11 17:50:56 --> Session: Class initialized using 'CodeIgniter\Session\Handlers\FileHandler' driver.
INFO - 2025-03-11 18:08:04 --> Session: Class initialized using 'CodeIgniter\Session\Handlers\FileHandler' driver.
INFO - 2025-03-11 18:11:23 --> Session: Class initialized using 'CodeIgniter\Session\Handlers\FileHandler' driver.
INFO - 2025-03-11 18:17:20 --> Session: Class initialized using 'CodeIgniter\Session\Handlers\FileHandler' driver.
INFO - 2025-03-11 18:18:06 --> Session: Class initialized using 'CodeIgniter\Session\Handlers\FileHandler' driver.
INFO - 2025-03-11 18:18:07 --> Session: Class initialized using 'CodeIgniter\Session\Handlers\FileHandler' driver.
INFO - 2025-03-11 18:18:08 --> Session: Class initialized using 'CodeIgniter\Session\Handlers\FileHandler' driver.
INFO - 2025-03-11 18:18:09 --> Session: Class initialized using 'CodeIgniter\Session\Handlers\FileHandler' driver.
INFO - 2025-03-11 18:18:09 --> Session: Class initialized using 'CodeIgniter\Session\Handlers\FileHandler' driver.
INFO - 2025-03-11 18:18:09 --> Session: Class initialized using 'CodeIgniter\Session\Handlers\FileHandler' driver.
CRITICAL - 2025-03-11 21:18:49 --> Class "CodeIgniter\Filters\Debug" not found
in SYSTEMPATH/Filters/Filters.php on line 173.
 1 SYSTEMPATH/CodeIgniter.php(514): CodeIgniter\Filters\Filters->run()
 2 SYSTEMPATH/CodeIgniter.php(353): CodeIgniter\CodeIgniter->handleRequest()
 3 FCPATH/index.php(79): CodeIgniter\CodeIgniter->run()
CRITICAL - 2025-03-11 21:18:55 --> Class "CodeIgniter\Filters\Debug" not found
in SYSTEMPATH/Filters/Filters.php on line 173.
 1 SYSTEMPATH/CodeIgniter.php(514): CodeIgniter\Filters\Filters->run()
 2 SYSTEMPATH/CodeIgniter.php(353): CodeIgniter\CodeIgniter->handleRequest()
 3 FCPATH/index.php(79): CodeIgniter\CodeIgniter->run()
CRITICAL - 2025-03-11 21:20:50 --> Class "CodeIgniter\Filters\Debug" not found
in SYSTEMPATH/Filters/Filters.php on line 173.
 1 SYSTEMPATH/CodeIgniter.php(514): CodeIgniter\Filters\Filters->run()
 2 SYSTEMPATH/CodeIgniter.php(353): CodeIgniter\CodeIgniter->handleRequest()
 3 FCPATH/index.php(79): CodeIgniter\CodeIgniter->run()
CRITICAL - 2025-03-11 21:21:02 --> Class "CodeIgniter\Filters\Debug" not found
in SYSTEMPATH/Filters/Filters.php on line 173.
 1 SYSTEMPATH/CodeIgniter.php(514): CodeIgniter\Filters\Filters->run()
 2 SYSTEMPATH/CodeIgniter.php(353): CodeIgniter\CodeIgniter->handleRequest()
 3 FCPATH/index.php(79): CodeIgniter\CodeIgniter->run()
CRITICAL - 2025-03-11 21:23:45 --> Class "CodeIgniter\Filters\Debug" not found
in SYSTEMPATH/Filters/Filters.php on line 173.
 1 SYSTEMPATH/CodeIgniter.php(514): CodeIgniter\Filters\Filters->run()
 2 SYSTEMPATH/CodeIgniter.php(353): CodeIgniter\CodeIgniter->handleRequest()
 3 FCPATH/index.php(79): CodeIgniter\CodeIgniter->run()
CRITICAL - 2025-03-11 21:24:45 --> Class "CodeIgniter\Filters\Debug" not found
in SYSTEMPATH/Filters/Filters.php on line 173.
 1 SYSTEMPATH/CodeIgniter.php(514): CodeIgniter\Filters\Filters->run()
 2 SYSTEMPATH/CodeIgniter.php(353): CodeIgniter\CodeIgniter->handleRequest()
 3 FCPATH/index.php(79): CodeIgniter\CodeIgniter->run()
CRITICAL - 2025-03-11 21:24:46 --> Class "CodeIgniter\Filters\Debug" not found
in SYSTEMPATH/Filters/Filters.php on line 173.
 1 SYSTEMPATH/CodeIgniter.php(514): CodeIgniter\Filters\Filters->run()
 2 SYSTEMPATH/CodeIgniter.php(353): CodeIgniter\CodeIgniter->handleRequest()
 3 FCPATH/index.php(79): CodeIgniter\CodeIgniter->run()
CRITICAL - 2025-03-11 21:24:57 --> Class "CodeIgniter\Filters\Debug" not found
in SYSTEMPATH/Filters/Filters.php on line 173.
 1 SYSTEMPATH/CodeIgniter.php(514): CodeIgniter\Filters\Filters->run()
 2 SYSTEMPATH/CodeIgniter.php(353): CodeIgniter\CodeIgniter->handleRequest()
 3 FCPATH/index.php(79): CodeIgniter\CodeIgniter->run()
INFO - 2025-03-11 21:24:59 --> Session: Class initialized using 'CodeIgniter\Session\Handlers\FileHandler' driver.
CRITICAL - 2025-03-11 21:24:59 --> Class "CodeIgniter\Filters\Debug" not found
in SYSTEMPATH/Filters/Filters.php on line 173.
 1 SYSTEMPATH/CodeIgniter.php(514): CodeIgniter\Filters\Filters->run()
 2 SYSTEMPATH/CodeIgniter.php(353): CodeIgniter\CodeIgniter->handleRequest()
 3 FCPATH/index.php(79): CodeIgniter\CodeIgniter->run()
INFO - 2025-03-11 21:26:06 --> Session: Class initialized using 'CodeIgniter\Session\Handlers\FileHandler' driver.
INFO - 2025-03-11 21:26:33 --> Session: Class initialized using 'CodeIgniter\Session\Handlers\FileHandler' driver.
INFO - 2025-03-11 21:27:12 --> Session: Class initialized using 'CodeIgniter\Session\Handlers\FileHandler' driver.
