CRITICAL - 2025-03-10 18:06:39 --> Undefined variable $ruta
in APPPATH/Controllers/Admin/Tickets.php on line 764.
 1 APPPATH/Controllers/Admin/Tickets.php(764): CodeIgniter\Debug\Exceptions->errorHandler()
 2 SYSTEMPATH/CodeIgniter.php(919): App\Controllers\Admin\Tickets->crear()
 3 SYSTEMPATH/CodeIgniter.php(494): CodeIgniter\CodeIgniter->runController()
 4 SYSTEMPATH/CodeIgniter.php(353): CodeIgniter\CodeIgniter->handleRequest()
 5 FCPATH/index.php(79): CodeIgniter\CodeIgniter->run()
CRITICAL - 2025-03-10 18:06:48 --> Undefined variable $ruta
in APPPATH/Controllers/Admin/Tickets.php on line 764.
 1 APPPATH/Controllers/Admin/Tickets.php(764): CodeIgniter\Debug\Exceptions->errorHandler()
 2 SYSTEMPATH/CodeIgniter.php(919): App\Controllers\Admin\Tickets->crear()
 3 SYSTEMPATH/CodeIgniter.php(494): CodeIgniter\CodeIgniter->runController()
 4 SYSTEMPATH/CodeIgniter.php(353): CodeIgniter\CodeIgniter->handleRequest()
 5 FCPATH/index.php(79): CodeIgniter\CodeIgniter->run()
CRITICAL - 2025-03-10 18:07:43 --> Undefined variable $ruta
in APPPATH/Controllers/Admin/Tickets.php on line 764.
 1 APPPATH/Controllers/Admin/Tickets.php(764): CodeIgniter\Debug\Exceptions->errorHandler()
 2 SYSTEMPATH/CodeIgniter.php(919): App\Controllers\Admin\Tickets->crear()
 3 SYSTEMPATH/CodeIgniter.php(494): CodeIgniter\CodeIgniter->runController()
 4 SYSTEMPATH/CodeIgniter.php(353): CodeIgniter\CodeIgniter->handleRequest()
 5 FCPATH/index.php(79): CodeIgniter\CodeIgniter->run()
