INFO - 2023-10-11 09:02:10 --> Session: Class initialized using 'CodeIgniter\Session\Handlers\FileHandler' driver.
INFO - 2023-10-11 09:02:47 --> Session: Class initialized using 'CodeIgniter\Session\Handlers\FileHandler' driver.
INFO - 2023-10-11 09:02:47 --> Session: Class initialized using 'CodeIgniter\Session\Handlers\FileHandler' driver.
INFO - 2023-10-11 09:03:20 --> Session: Class initialized using 'CodeIgniter\Session\Handlers\FileHandler' driver.
INFO - 2023-10-11 09:03:57 --> Session: Class initialized using 'CodeIgniter\Session\Handlers\FileHandler' driver.
INFO - 2023-10-11 09:03:58 --> Session: Class initialized using 'CodeIgniter\Session\Handlers\FileHandler' driver.
INFO - 2023-10-11 09:04:02 --> Session: Class initialized using 'CodeIgniter\Session\Handlers\FileHandler' driver.
INFO - 2023-10-11 09:05:41 --> Session: Class initialized using 'CodeIgniter\Session\Handlers\FileHandler' driver.
CRITICAL - 2023-10-11 09:05:41 --> Array to string conversion
in APPPATH/Views/plantilla/header.php on line 75.
 1 APPPATH/Views/plantilla/header.php(75): CodeIgniter\Debug\Exceptions->errorHandler(2, 'Array to string conversion', '/opt/lampp/htdocs/CertifexPro2/app/Views/plantilla/header.php', 75)
 2 SYSTEMPATH/View/View.php(226): include('/opt/lampp/htdocs/CertifexPro2/app/Views/plantilla/header.php')
 3 SYSTEMPATH/View/View.php(229): CodeIgniter\View\View->CodeIgniter\View\{closure}()
 4 SYSTEMPATH/Common.php(1188): CodeIgniter\View\View->render('plantilla/header', [], true)
 5 APPPATH/Controllers/Notificaciones.php(54): view('plantilla/header', [...])
 6 SYSTEMPATH/CodeIgniter.php(919): App\Controllers\Notificaciones->index()
 7 SYSTEMPATH/CodeIgniter.php(494): CodeIgniter\CodeIgniter->runController(Object(App\Controllers\Notificaciones))
 8 SYSTEMPATH/CodeIgniter.php(353): CodeIgniter\CodeIgniter->handleRequest(null, Object(Config\Cache), false)
 9 FCPATH/index.php(79): CodeIgniter\CodeIgniter->run()
INFO - 2023-10-11 09:06:19 --> Session: Class initialized using 'CodeIgniter\Session\Handlers\FileHandler' driver.
CRITICAL - 2023-10-11 09:06:19 --> Array to string conversion
in APPPATH/Views/plantilla/header.php on line 75.
 1 APPPATH/Views/plantilla/header.php(75): CodeIgniter\Debug\Exceptions->errorHandler(2, 'Array to string conversion', '/opt/lampp/htdocs/CertifexPro2/app/Views/plantilla/header.php', 75)
 2 SYSTEMPATH/View/View.php(226): include('/opt/lampp/htdocs/CertifexPro2/app/Views/plantilla/header.php')
 3 SYSTEMPATH/View/View.php(229): CodeIgniter\View\View->CodeIgniter\View\{closure}()
 4 SYSTEMPATH/Common.php(1188): CodeIgniter\View\View->render('plantilla/header', [], true)
 5 APPPATH/Controllers/Notificaciones.php(54): view('plantilla/header', [...])
 6 SYSTEMPATH/CodeIgniter.php(919): App\Controllers\Notificaciones->index()
 7 SYSTEMPATH/CodeIgniter.php(494): CodeIgniter\CodeIgniter->runController(Object(App\Controllers\Notificaciones))
 8 SYSTEMPATH/CodeIgniter.php(353): CodeIgniter\CodeIgniter->handleRequest(null, Object(Config\Cache), false)
 9 FCPATH/index.php(79): CodeIgniter\CodeIgniter->run()
INFO - 2023-10-11 09:06:21 --> Session: Class initialized using 'CodeIgniter\Session\Handlers\FileHandler' driver.
CRITICAL - 2023-10-11 09:06:21 --> Array to string conversion
in APPPATH/Views/plantilla/header.php on line 75.
 1 APPPATH/Views/plantilla/header.php(75): CodeIgniter\Debug\Exceptions->errorHandler(2, 'Array to string conversion', '/opt/lampp/htdocs/CertifexPro2/app/Views/plantilla/header.php', 75)
 2 SYSTEMPATH/View/View.php(226): include('/opt/lampp/htdocs/CertifexPro2/app/Views/plantilla/header.php')
 3 SYSTEMPATH/View/View.php(229): CodeIgniter\View\View->CodeIgniter\View\{closure}()
 4 SYSTEMPATH/Common.php(1188): CodeIgniter\View\View->render('plantilla/header', [], true)
 5 APPPATH/Controllers/Notificaciones.php(54): view('plantilla/header', [...])
 6 SYSTEMPATH/CodeIgniter.php(919): App\Controllers\Notificaciones->index()
 7 SYSTEMPATH/CodeIgniter.php(494): CodeIgniter\CodeIgniter->runController(Object(App\Controllers\Notificaciones))
 8 SYSTEMPATH/CodeIgniter.php(353): CodeIgniter\CodeIgniter->handleRequest(null, Object(Config\Cache), false)
 9 FCPATH/index.php(79): CodeIgniter\CodeIgniter->run()
INFO - 2023-10-11 09:06:21 --> Session: Class initialized using 'CodeIgniter\Session\Handlers\FileHandler' driver.
CRITICAL - 2023-10-11 09:06:21 --> Array to string conversion
in APPPATH/Views/plantilla/header.php on line 75.
 1 APPPATH/Views/plantilla/header.php(75): CodeIgniter\Debug\Exceptions->errorHandler(2, 'Array to string conversion', '/opt/lampp/htdocs/CertifexPro2/app/Views/plantilla/header.php', 75)
 2 SYSTEMPATH/View/View.php(226): include('/opt/lampp/htdocs/CertifexPro2/app/Views/plantilla/header.php')
 3 SYSTEMPATH/View/View.php(229): CodeIgniter\View\View->CodeIgniter\View\{closure}()
 4 SYSTEMPATH/Common.php(1188): CodeIgniter\View\View->render('plantilla/header', [], true)
 5 APPPATH/Controllers/Notificaciones.php(54): view('plantilla/header', [...])
 6 SYSTEMPATH/CodeIgniter.php(919): App\Controllers\Notificaciones->index()
 7 SYSTEMPATH/CodeIgniter.php(494): CodeIgniter\CodeIgniter->runController(Object(App\Controllers\Notificaciones))
 8 SYSTEMPATH/CodeIgniter.php(353): CodeIgniter\CodeIgniter->handleRequest(null, Object(Config\Cache), false)
 9 FCPATH/index.php(79): CodeIgniter\CodeIgniter->run()
INFO - 2023-10-11 09:06:21 --> Session: Class initialized using 'CodeIgniter\Session\Handlers\FileHandler' driver.
CRITICAL - 2023-10-11 09:06:21 --> Array to string conversion
in APPPATH/Views/plantilla/header.php on line 75.
 1 APPPATH/Views/plantilla/header.php(75): CodeIgniter\Debug\Exceptions->errorHandler(2, 'Array to string conversion', '/opt/lampp/htdocs/CertifexPro2/app/Views/plantilla/header.php', 75)
 2 SYSTEMPATH/View/View.php(226): include('/opt/lampp/htdocs/CertifexPro2/app/Views/plantilla/header.php')
 3 SYSTEMPATH/View/View.php(229): CodeIgniter\View\View->CodeIgniter\View\{closure}()
 4 SYSTEMPATH/Common.php(1188): CodeIgniter\View\View->render('plantilla/header', [], true)
 5 APPPATH/Controllers/Notificaciones.php(54): view('plantilla/header', [...])
 6 SYSTEMPATH/CodeIgniter.php(919): App\Controllers\Notificaciones->index()
 7 SYSTEMPATH/CodeIgniter.php(494): CodeIgniter\CodeIgniter->runController(Object(App\Controllers\Notificaciones))
 8 SYSTEMPATH/CodeIgniter.php(353): CodeIgniter\CodeIgniter->handleRequest(null, Object(Config\Cache), false)
 9 FCPATH/index.php(79): CodeIgniter\CodeIgniter->run()
INFO - 2023-10-11 09:06:50 --> Session: Class initialized using 'CodeIgniter\Session\Handlers\FileHandler' driver.
CRITICAL - 2023-10-11 09:06:50 --> Array to string conversion
in APPPATH/Views/plantilla/header.php on line 75.
 1 APPPATH/Views/plantilla/header.php(75): CodeIgniter\Debug\Exceptions->errorHandler(2, 'Array to string conversion', '/opt/lampp/htdocs/CertifexPro2/app/Views/plantilla/header.php', 75)
 2 SYSTEMPATH/View/View.php(226): include('/opt/lampp/htdocs/CertifexPro2/app/Views/plantilla/header.php')
 3 SYSTEMPATH/View/View.php(229): CodeIgniter\View\View->CodeIgniter\View\{closure}()
 4 SYSTEMPATH/Common.php(1188): CodeIgniter\View\View->render('plantilla/header', [], true)
 5 APPPATH/Controllers/Notificaciones.php(54): view('plantilla/header', [...])
 6 SYSTEMPATH/CodeIgniter.php(919): App\Controllers\Notificaciones->index()
 7 SYSTEMPATH/CodeIgniter.php(494): CodeIgniter\CodeIgniter->runController(Object(App\Controllers\Notificaciones))
 8 SYSTEMPATH/CodeIgniter.php(353): CodeIgniter\CodeIgniter->handleRequest(null, Object(Config\Cache), false)
 9 FCPATH/index.php(79): CodeIgniter\CodeIgniter->run()
INFO - 2023-10-11 09:07:08 --> Session: Class initialized using 'CodeIgniter\Session\Handlers\FileHandler' driver.
INFO - 2023-10-11 09:07:57 --> Session: Class initialized using 'CodeIgniter\Session\Handlers\FileHandler' driver.
INFO - 2023-10-11 09:08:21 --> Session: Class initialized using 'CodeIgniter\Session\Handlers\FileHandler' driver.
INFO - 2023-10-11 09:08:32 --> Session: Class initialized using 'CodeIgniter\Session\Handlers\FileHandler' driver.
INFO - 2023-10-11 09:08:36 --> Session: Class initialized using 'CodeIgniter\Session\Handlers\FileHandler' driver.
INFO - 2023-10-11 09:14:36 --> Session: Class initialized using 'CodeIgniter\Session\Handlers\FileHandler' driver.
INFO - 2023-10-11 09:14:37 --> Session: Class initialized using 'CodeIgniter\Session\Handlers\FileHandler' driver.
INFO - 2023-10-11 09:15:05 --> Session: Class initialized using 'CodeIgniter\Session\Handlers\FileHandler' driver.
INFO - 2023-10-11 09:15:05 --> Session: Class initialized using 'CodeIgniter\Session\Handlers\FileHandler' driver.
INFO - 2023-10-11 09:15:07 --> Session: Class initialized using 'CodeIgniter\Session\Handlers\FileHandler' driver.
INFO - 2023-10-11 09:15:09 --> Session: Class initialized using 'CodeIgniter\Session\Handlers\FileHandler' driver.
INFO - 2023-10-11 09:16:05 --> Session: Class initialized using 'CodeIgniter\Session\Handlers\FileHandler' driver.
INFO - 2023-10-11 09:18:32 --> Session: Class initialized using 'CodeIgniter\Session\Handlers\FileHandler' driver.
INFO - 2023-10-11 09:21:32 --> Session: Class initialized using 'CodeIgniter\Session\Handlers\FileHandler' driver.
ERROR - 2023-10-11 09:21:32 --> mysqli_sql_exception: Unknown column 'search_terms' in 'field list' in /opt/lampp/htdocs/CertifexPro2/system/Database/MySQLi/Connection.php:306
Stack trace:
#0 /opt/lampp/htdocs/CertifexPro2/system/Database/MySQLi/Connection.php(306): mysqli->query('INSERT INTO `tb...', 0)
#1 /opt/lampp/htdocs/CertifexPro2/system/Database/BaseConnection.php(692): CodeIgniter\Database\MySQLi\Connection->execute('INSERT INTO `tb...')
#2 /opt/lampp/htdocs/CertifexPro2/system/Database/BaseConnection.php(606): CodeIgniter\Database\BaseConnection->simpleQuery('INSERT INTO `tb...')
#3 /opt/lampp/htdocs/CertifexPro2/system/Database/BaseBuilder.php(2308): CodeIgniter\Database\BaseConnection->query('INSERT INTO `tb...', Array, false)
#4 /opt/lampp/htdocs/CertifexPro2/app/Models/CertificadosModel.php(71): CodeIgniter\Database\BaseBuilder->insert(Array)
#5 /opt/lampp/htdocs/CertifexPro2/app/Controllers/Certificados.php(281): App\Models\CertificadosModel->setCrearCertificado(Array)
#6 /opt/lampp/htdocs/CertifexPro2/system/CodeIgniter.php(919): App\Controllers\Certificados->crear()
#7 /opt/lampp/htdocs/CertifexPro2/system/CodeIgniter.php(494): CodeIgniter\CodeIgniter->runController(Object(App\Controllers\Certificados))
#8 /opt/lampp/htdocs/CertifexPro2/system/CodeIgniter.php(353): CodeIgniter\CodeIgniter->handleRequest(NULL, Object(Config\Cache), false)
#9 /opt/lampp/htdocs/CertifexPro2/index.php(79): CodeIgniter\CodeIgniter->run()
#10 {main}
CRITICAL - 2023-10-11 09:21:32 --> Unknown column 'search_terms' in 'field list'
in SYSTEMPATH/Database/BaseConnection.php on line 646.
 1 SYSTEMPATH/Database/BaseBuilder.php(2308): CodeIgniter\Database\BaseConnection->query('INSERT INTO `tbl_certificados` (`id_estudiante`, `search_terms`, `titulo_certificado`, `id_plantilla`, `nombre_instructor`, `tipo_certificado`, `descripcion_certificado`, `duracion_tiempo`, `fecha_creacion_certificado`, `id_usuario`, `id_certificado`) VALUES (:id_estudiante:, :search_terms:, :titulo_certificado:, :id_plantilla:, :nombre_instructor:, :tipo_certificado:, :descripcion_certificado:, :duracion_tiempo:, :fecha_creacion_certificado:, :id_usuario:, :id_certificado:)', [...], false)
 2 APPPATH/Models/CertificadosModel.php(71): CodeIgniter\Database\BaseBuilder->insert([...])
 3 APPPATH/Controllers/Certificados.php(281): App\Models\CertificadosModel->setCrearCertificado([...])
 4 SYSTEMPATH/CodeIgniter.php(919): App\Controllers\Certificados->crear()
 5 SYSTEMPATH/CodeIgniter.php(494): CodeIgniter\CodeIgniter->runController(Object(App\Controllers\Certificados))
 6 SYSTEMPATH/CodeIgniter.php(353): CodeIgniter\CodeIgniter->handleRequest(null, Object(Config\Cache), false)
 7 FCPATH/index.php(79): CodeIgniter\CodeIgniter->run()
INFO - 2023-10-11 09:24:19 --> Session: Class initialized using 'CodeIgniter\Session\Handlers\FileHandler' driver.
INFO - 2023-10-11 09:25:29 --> Session: Class initialized using 'CodeIgniter\Session\Handlers\FileHandler' driver.
INFO - 2023-10-11 09:25:30 --> Session: Class initialized using 'CodeIgniter\Session\Handlers\FileHandler' driver.
INFO - 2023-10-11 09:26:21 --> Session: Class initialized using 'CodeIgniter\Session\Handlers\FileHandler' driver.
INFO - 2023-10-11 09:26:27 --> Session: Class initialized using 'CodeIgniter\Session\Handlers\FileHandler' driver.
INFO - 2023-10-11 09:28:12 --> Session: Class initialized using 'CodeIgniter\Session\Handlers\FileHandler' driver.
INFO - 2023-10-11 09:28:12 --> Session: Class initialized using 'CodeIgniter\Session\Handlers\FileHandler' driver.
INFO - 2023-10-11 09:28:13 --> Session: Class initialized using 'CodeIgniter\Session\Handlers\FileHandler' driver.
INFO - 2023-10-11 09:29:17 --> Session: Class initialized using 'CodeIgniter\Session\Handlers\FileHandler' driver.
INFO - 2023-10-11 09:30:42 --> Session: Class initialized using 'CodeIgniter\Session\Handlers\FileHandler' driver.
INFO - 2023-10-11 09:31:50 --> Session: Class initialized using 'CodeIgniter\Session\Handlers\FileHandler' driver.
INFO - 2023-10-11 09:32:38 --> Session: Class initialized using 'CodeIgniter\Session\Handlers\FileHandler' driver.
INFO - 2023-10-11 09:46:05 --> Session: Class initialized using 'CodeIgniter\Session\Handlers\FileHandler' driver.
INFO - 2023-10-11 09:47:10 --> Session: Class initialized using 'CodeIgniter\Session\Handlers\FileHandler' driver.
INFO - 2023-10-11 10:26:25 --> Session: Class initialized using 'CodeIgniter\Session\Handlers\FileHandler' driver.
CRITICAL - 2023-10-11 10:26:25 --> Undefined variable $correo
in APPPATH/Controllers/Autenticacion.php on line 251.
 1 APPPATH/Controllers/Autenticacion.php(251): CodeIgniter\Debug\Exceptions->errorHandler(2, 'Undefined variable $correo', '/opt/lampp/htdocs/CertifexPro2/app/Controllers/Autenticacion.php', 251)
 2 SYSTEMPATH/CodeIgniter.php(919): App\Controllers\Autenticacion->crear()
 3 SYSTEMPATH/CodeIgniter.php(494): CodeIgniter\CodeIgniter->runController(Object(App\Controllers\Autenticacion))
 4 SYSTEMPATH/CodeIgniter.php(353): CodeIgniter\CodeIgniter->handleRequest(null, Object(Config\Cache), false)
 5 FCPATH/index.php(79): CodeIgniter\CodeIgniter->run()
INFO - 2023-10-11 10:26:37 --> Session: Class initialized using 'CodeIgniter\Session\Handlers\FileHandler' driver.
INFO - 2023-10-11 10:34:00 --> Session: Class initialized using 'CodeIgniter\Session\Handlers\FileHandler' driver.
INFO - 2023-10-11 10:34:00 --> Session: Class initialized using 'CodeIgniter\Session\Handlers\FileHandler' driver.
INFO - 2023-10-11 11:51:00 --> Session: Class initialized using 'CodeIgniter\Session\Handlers\FileHandler' driver.
INFO - 2023-10-11 11:53:20 --> Session: Class initialized using 'CodeIgniter\Session\Handlers\FileHandler' driver.
