CRITICAL - 2024-07-31 08:22:58 --> Archivo inválido: coordinador/incl/inicio-pagina.php
in SYSTEMPATH/Exceptions/FrameworkException.php on line 39.
 1 SYSTEMPATH/View/View.php(214): CodeIgniter\Exceptions\FrameworkException::forInvalidFile()
 2 SYSTEMPATH/Common.php(1188): CodeIgniter\View\View->render()
 3 APPPATH/Controllers/Empresa/Notificaciones.php(39): view()
 4 SYSTEMPATH/CodeIgniter.php(919): App\Controllers\Empresa\Notificaciones->index()
 5 SYSTEMPATH/CodeIgniter.php(494): CodeIgniter\CodeIgniter->runController()
 6 SYSTEMPATH/CodeIgniter.php(353): CodeIgniter\CodeIgniter->handleRequest()
 7 FCPATH/index.php(79): CodeIgniter\CodeIgniter->run()
CRITICAL - 2024-07-31 08:38:55 --> Trying to access array offset on value of type null
in APPPATH/Controllers/Admin/Membresias.php on line 239.
 1 APPPATH/Controllers/Admin/Membresias.php(239): CodeIgniter\Debug\Exceptions->errorHandler()
 2 SYSTEMPATH/CodeIgniter.php(919): App\Controllers\Admin\Membresias->detalle()
 3 SYSTEMPATH/CodeIgniter.php(494): CodeIgniter\CodeIgniter->runController()
 4 SYSTEMPATH/CodeIgniter.php(353): CodeIgniter\CodeIgniter->handleRequest()
 5 FCPATH/index.php(79): CodeIgniter\CodeIgniter->run()
CRITICAL - 2024-07-31 08:39:01 --> Trying to access array offset on value of type null
in APPPATH/Controllers/Admin/Membresias.php on line 239.
 1 APPPATH/Controllers/Admin/Membresias.php(239): CodeIgniter\Debug\Exceptions->errorHandler()
 2 SYSTEMPATH/CodeIgniter.php(919): App\Controllers\Admin\Membresias->detalle()
 3 SYSTEMPATH/CodeIgniter.php(494): CodeIgniter\CodeIgniter->runController()
 4 SYSTEMPATH/CodeIgniter.php(353): CodeIgniter\CodeIgniter->handleRequest()
 5 FCPATH/index.php(79): CodeIgniter\CodeIgniter->run()
ERROR - 2024-07-31 08:46:38 --> mysqli_sql_exception: Unknown column 'id_eempresa' in 'where clause' in /home/u826814276/domains/rondero360.com/public_html/system/Database/MySQLi/Connection.php:306
Stack trace:
#0 /home/u826814276/domains/rondero360.com/public_html/system/Database/MySQLi/Connection.php(306): mysqli->query()
#1 /home/u826814276/domains/rondero360.com/public_html/system/Database/BaseConnection.php(692): CodeIgniter\Database\MySQLi\Connection->execute()
#2 /home/u826814276/domains/rondero360.com/public_html/system/Database/BaseConnection.php(606): CodeIgniter\Database\BaseConnection->simpleQuery()
#3 /home/u826814276/domains/rondero360.com/public_html/system/Database/BaseBuilder.php(1615): CodeIgniter\Database\BaseConnection->query()
#4 /home/u826814276/domains/rondero360.com/public_html/system/Model.php(237): CodeIgniter\Database\BaseBuilder->get()
#5 /home/u826814276/domains/rondero360.com/public_html/system/BaseModel.php(624): CodeIgniter\Model->doFindAll()
#6 /home/u826814276/domains/rondero360.com/public_html/app/Models/NovedadesSupervisoresModel.php(20): CodeIgniter\BaseModel->findAll()
#7 /home/u826814276/domains/rondero360.com/public_html/app/Controllers/Empresa/Supervisores.php(590): App\Models\NovedadesSupervisoresModel->obtenerNovedades()
#8 /home/u826814276/domains/rondero360.com/public_html/system/CodeIgniter.php(919): App\Controllers\Empresa\Supervisores->novedades()
#9 /home/u826814276/domains/rondero360.com/public_html/system/CodeIgniter.php(494): CodeIgniter\CodeIgniter->runController()
#10 /home/u826814276/domains/rondero360.com/public_html/system/CodeIgniter.php(353): CodeIgniter\CodeIgniter->handleRequest()
#11 /home/u826814276/domains/rondero360.com/public_html/index.php(79): CodeIgniter\CodeIgniter->run()
#12 {main}
CRITICAL - 2024-07-31 08:46:38 --> Unknown column 'id_eempresa' in 'where clause'
in SYSTEMPATH/Database/BaseConnection.php on line 646.
 1 SYSTEMPATH/Database/BaseBuilder.php(1615): CodeIgniter\Database\BaseConnection->query()
 2 SYSTEMPATH/Model.php(237): CodeIgniter\Database\BaseBuilder->get()
 3 SYSTEMPATH/BaseModel.php(624): CodeIgniter\Model->doFindAll()
 4 APPPATH/Models/NovedadesSupervisoresModel.php(20): CodeIgniter\BaseModel->findAll()
 5 APPPATH/Controllers/Empresa/Supervisores.php(590): App\Models\NovedadesSupervisoresModel->obtenerNovedades()
 6 SYSTEMPATH/CodeIgniter.php(919): App\Controllers\Empresa\Supervisores->novedades()
 7 SYSTEMPATH/CodeIgniter.php(494): CodeIgniter\CodeIgniter->runController()
 8 SYSTEMPATH/CodeIgniter.php(353): CodeIgniter\CodeIgniter->handleRequest()
 9 FCPATH/index.php(79): CodeIgniter\CodeIgniter->run()
ERROR - 2024-07-31 08:46:47 --> mysqli_sql_exception: Unknown column 'id_eempresa' in 'where clause' in /home/u826814276/domains/rondero360.com/public_html/system/Database/MySQLi/Connection.php:306
Stack trace:
#0 /home/u826814276/domains/rondero360.com/public_html/system/Database/MySQLi/Connection.php(306): mysqli->query()
#1 /home/u826814276/domains/rondero360.com/public_html/system/Database/BaseConnection.php(692): CodeIgniter\Database\MySQLi\Connection->execute()
#2 /home/u826814276/domains/rondero360.com/public_html/system/Database/BaseConnection.php(606): CodeIgniter\Database\BaseConnection->simpleQuery()
#3 /home/u826814276/domains/rondero360.com/public_html/system/Database/BaseBuilder.php(1615): CodeIgniter\Database\BaseConnection->query()
#4 /home/u826814276/domains/rondero360.com/public_html/system/Model.php(237): CodeIgniter\Database\BaseBuilder->get()
#5 /home/u826814276/domains/rondero360.com/public_html/system/BaseModel.php(624): CodeIgniter\Model->doFindAll()
#6 /home/u826814276/domains/rondero360.com/public_html/app/Models/NovedadesSupervisoresModel.php(20): CodeIgniter\BaseModel->findAll()
#7 /home/u826814276/domains/rondero360.com/public_html/app/Controllers/Empresa/Supervisores.php(590): App\Models\NovedadesSupervisoresModel->obtenerNovedades()
#8 /home/u826814276/domains/rondero360.com/public_html/system/CodeIgniter.php(919): App\Controllers\Empresa\Supervisores->novedades()
#9 /home/u826814276/domains/rondero360.com/public_html/system/CodeIgniter.php(494): CodeIgniter\CodeIgniter->runController()
#10 /home/u826814276/domains/rondero360.com/public_html/system/CodeIgniter.php(353): CodeIgniter\CodeIgniter->handleRequest()
#11 /home/u826814276/domains/rondero360.com/public_html/index.php(79): CodeIgniter\CodeIgniter->run()
#12 {main}
CRITICAL - 2024-07-31 08:46:47 --> Unknown column 'id_eempresa' in 'where clause'
in SYSTEMPATH/Database/BaseConnection.php on line 646.
 1 SYSTEMPATH/Database/BaseBuilder.php(1615): CodeIgniter\Database\BaseConnection->query()
 2 SYSTEMPATH/Model.php(237): CodeIgniter\Database\BaseBuilder->get()
 3 SYSTEMPATH/BaseModel.php(624): CodeIgniter\Model->doFindAll()
 4 APPPATH/Models/NovedadesSupervisoresModel.php(20): CodeIgniter\BaseModel->findAll()
 5 APPPATH/Controllers/Empresa/Supervisores.php(590): App\Models\NovedadesSupervisoresModel->obtenerNovedades()
 6 SYSTEMPATH/CodeIgniter.php(919): App\Controllers\Empresa\Supervisores->novedades()
 7 SYSTEMPATH/CodeIgniter.php(494): CodeIgniter\CodeIgniter->runController()
 8 SYSTEMPATH/CodeIgniter.php(353): CodeIgniter\CodeIgniter->handleRequest()
 9 FCPATH/index.php(79): CodeIgniter\CodeIgniter->run()
ERROR - 2024-07-31 08:46:56 --> mysqli_sql_exception: Unknown column 'id_empresa' in 'where clause' in /home/u826814276/domains/rondero360.com/public_html/system/Database/MySQLi/Connection.php:306
Stack trace:
#0 /home/u826814276/domains/rondero360.com/public_html/system/Database/MySQLi/Connection.php(306): mysqli->query()
#1 /home/u826814276/domains/rondero360.com/public_html/system/Database/BaseConnection.php(692): CodeIgniter\Database\MySQLi\Connection->execute()
#2 /home/u826814276/domains/rondero360.com/public_html/system/Database/BaseConnection.php(606): CodeIgniter\Database\BaseConnection->simpleQuery()
#3 /home/u826814276/domains/rondero360.com/public_html/system/Database/BaseBuilder.php(1615): CodeIgniter\Database\BaseConnection->query()
#4 /home/u826814276/domains/rondero360.com/public_html/system/Model.php(237): CodeIgniter\Database\BaseBuilder->get()
#5 /home/u826814276/domains/rondero360.com/public_html/system/BaseModel.php(624): CodeIgniter\Model->doFindAll()
#6 /home/u826814276/domains/rondero360.com/public_html/app/Models/NovedadesSupervisoresModel.php(20): CodeIgniter\BaseModel->findAll()
#7 /home/u826814276/domains/rondero360.com/public_html/app/Controllers/Empresa/Supervisores.php(590): App\Models\NovedadesSupervisoresModel->obtenerNovedades()
#8 /home/u826814276/domains/rondero360.com/public_html/system/CodeIgniter.php(919): App\Controllers\Empresa\Supervisores->novedades()
#9 /home/u826814276/domains/rondero360.com/public_html/system/CodeIgniter.php(494): CodeIgniter\CodeIgniter->runController()
#10 /home/u826814276/domains/rondero360.com/public_html/system/CodeIgniter.php(353): CodeIgniter\CodeIgniter->handleRequest()
#11 /home/u826814276/domains/rondero360.com/public_html/index.php(79): CodeIgniter\CodeIgniter->run()
#12 {main}
CRITICAL - 2024-07-31 08:46:56 --> Unknown column 'id_empresa' in 'where clause'
in SYSTEMPATH/Database/BaseConnection.php on line 646.
 1 SYSTEMPATH/Database/BaseBuilder.php(1615): CodeIgniter\Database\BaseConnection->query()
 2 SYSTEMPATH/Model.php(237): CodeIgniter\Database\BaseBuilder->get()
 3 SYSTEMPATH/BaseModel.php(624): CodeIgniter\Model->doFindAll()
 4 APPPATH/Models/NovedadesSupervisoresModel.php(20): CodeIgniter\BaseModel->findAll()
 5 APPPATH/Controllers/Empresa/Supervisores.php(590): App\Models\NovedadesSupervisoresModel->obtenerNovedades()
 6 SYSTEMPATH/CodeIgniter.php(919): App\Controllers\Empresa\Supervisores->novedades()
 7 SYSTEMPATH/CodeIgniter.php(494): CodeIgniter\CodeIgniter->runController()
 8 SYSTEMPATH/CodeIgniter.php(353): CodeIgniter\CodeIgniter->handleRequest()
 9 FCPATH/index.php(79): CodeIgniter\CodeIgniter->run()
ERROR - 2024-07-31 08:46:58 --> mysqli_sql_exception: Unknown column 'id_empresa' in 'where clause' in /home/u826814276/domains/rondero360.com/public_html/system/Database/MySQLi/Connection.php:306
Stack trace:
#0 /home/u826814276/domains/rondero360.com/public_html/system/Database/MySQLi/Connection.php(306): mysqli->query()
#1 /home/u826814276/domains/rondero360.com/public_html/system/Database/BaseConnection.php(692): CodeIgniter\Database\MySQLi\Connection->execute()
#2 /home/u826814276/domains/rondero360.com/public_html/system/Database/BaseConnection.php(606): CodeIgniter\Database\BaseConnection->simpleQuery()
#3 /home/u826814276/domains/rondero360.com/public_html/system/Database/BaseBuilder.php(1615): CodeIgniter\Database\BaseConnection->query()
#4 /home/u826814276/domains/rondero360.com/public_html/system/Model.php(237): CodeIgniter\Database\BaseBuilder->get()
#5 /home/u826814276/domains/rondero360.com/public_html/system/BaseModel.php(624): CodeIgniter\Model->doFindAll()
#6 /home/u826814276/domains/rondero360.com/public_html/app/Models/NovedadesSupervisoresModel.php(20): CodeIgniter\BaseModel->findAll()
#7 /home/u826814276/domains/rondero360.com/public_html/app/Controllers/Empresa/Supervisores.php(590): App\Models\NovedadesSupervisoresModel->obtenerNovedades()
#8 /home/u826814276/domains/rondero360.com/public_html/system/CodeIgniter.php(919): App\Controllers\Empresa\Supervisores->novedades()
#9 /home/u826814276/domains/rondero360.com/public_html/system/CodeIgniter.php(494): CodeIgniter\CodeIgniter->runController()
#10 /home/u826814276/domains/rondero360.com/public_html/system/CodeIgniter.php(353): CodeIgniter\CodeIgniter->handleRequest()
#11 /home/u826814276/domains/rondero360.com/public_html/index.php(79): CodeIgniter\CodeIgniter->run()
#12 {main}
CRITICAL - 2024-07-31 08:46:58 --> Unknown column 'id_empresa' in 'where clause'
in SYSTEMPATH/Database/BaseConnection.php on line 646.
 1 SYSTEMPATH/Database/BaseBuilder.php(1615): CodeIgniter\Database\BaseConnection->query()
 2 SYSTEMPATH/Model.php(237): CodeIgniter\Database\BaseBuilder->get()
 3 SYSTEMPATH/BaseModel.php(624): CodeIgniter\Model->doFindAll()
 4 APPPATH/Models/NovedadesSupervisoresModel.php(20): CodeIgniter\BaseModel->findAll()
 5 APPPATH/Controllers/Empresa/Supervisores.php(590): App\Models\NovedadesSupervisoresModel->obtenerNovedades()
 6 SYSTEMPATH/CodeIgniter.php(919): App\Controllers\Empresa\Supervisores->novedades()
 7 SYSTEMPATH/CodeIgniter.php(494): CodeIgniter\CodeIgniter->runController()
 8 SYSTEMPATH/CodeIgniter.php(353): CodeIgniter\CodeIgniter->handleRequest()
 9 FCPATH/index.php(79): CodeIgniter\CodeIgniter->run()
ERROR - 2024-07-31 08:46:59 --> mysqli_sql_exception: Unknown column 'id_empresa' in 'where clause' in /home/u826814276/domains/rondero360.com/public_html/system/Database/MySQLi/Connection.php:306
Stack trace:
#0 /home/u826814276/domains/rondero360.com/public_html/system/Database/MySQLi/Connection.php(306): mysqli->query()
#1 /home/u826814276/domains/rondero360.com/public_html/system/Database/BaseConnection.php(692): CodeIgniter\Database\MySQLi\Connection->execute()
#2 /home/u826814276/domains/rondero360.com/public_html/system/Database/BaseConnection.php(606): CodeIgniter\Database\BaseConnection->simpleQuery()
#3 /home/u826814276/domains/rondero360.com/public_html/system/Database/BaseBuilder.php(1615): CodeIgniter\Database\BaseConnection->query()
#4 /home/u826814276/domains/rondero360.com/public_html/system/Model.php(237): CodeIgniter\Database\BaseBuilder->get()
#5 /home/u826814276/domains/rondero360.com/public_html/system/BaseModel.php(624): CodeIgniter\Model->doFindAll()
#6 /home/u826814276/domains/rondero360.com/public_html/app/Models/NovedadesSupervisoresModel.php(20): CodeIgniter\BaseModel->findAll()
#7 /home/u826814276/domains/rondero360.com/public_html/app/Controllers/Empresa/Supervisores.php(590): App\Models\NovedadesSupervisoresModel->obtenerNovedades()
#8 /home/u826814276/domains/rondero360.com/public_html/system/CodeIgniter.php(919): App\Controllers\Empresa\Supervisores->novedades()
#9 /home/u826814276/domains/rondero360.com/public_html/system/CodeIgniter.php(494): CodeIgniter\CodeIgniter->runController()
#10 /home/u826814276/domains/rondero360.com/public_html/system/CodeIgniter.php(353): CodeIgniter\CodeIgniter->handleRequest()
#11 /home/u826814276/domains/rondero360.com/public_html/index.php(79): CodeIgniter\CodeIgniter->run()
#12 {main}
CRITICAL - 2024-07-31 08:46:59 --> Unknown column 'id_empresa' in 'where clause'
in SYSTEMPATH/Database/BaseConnection.php on line 646.
 1 SYSTEMPATH/Database/BaseBuilder.php(1615): CodeIgniter\Database\BaseConnection->query()
 2 SYSTEMPATH/Model.php(237): CodeIgniter\Database\BaseBuilder->get()
 3 SYSTEMPATH/BaseModel.php(624): CodeIgniter\Model->doFindAll()
 4 APPPATH/Models/NovedadesSupervisoresModel.php(20): CodeIgniter\BaseModel->findAll()
 5 APPPATH/Controllers/Empresa/Supervisores.php(590): App\Models\NovedadesSupervisoresModel->obtenerNovedades()
 6 SYSTEMPATH/CodeIgniter.php(919): App\Controllers\Empresa\Supervisores->novedades()
 7 SYSTEMPATH/CodeIgniter.php(494): CodeIgniter\CodeIgniter->runController()
 8 SYSTEMPATH/CodeIgniter.php(353): CodeIgniter\CodeIgniter->handleRequest()
 9 FCPATH/index.php(79): CodeIgniter\CodeIgniter->run()
INFO - 2024-07-31 08:47:13 --> Session: Class initialized using 'CodeIgniter\Session\Handlers\FileHandler' driver.
ERROR - 2024-07-31 08:47:13 --> mysqli_sql_exception: Unknown column 'id_empresa' in 'where clause' in /home/u826814276/domains/rondero360.com/public_html/system/Database/MySQLi/Connection.php:306
Stack trace:
#0 /home/u826814276/domains/rondero360.com/public_html/system/Database/MySQLi/Connection.php(306): mysqli->query()
#1 /home/u826814276/domains/rondero360.com/public_html/system/Database/BaseConnection.php(692): CodeIgniter\Database\MySQLi\Connection->execute()
#2 /home/u826814276/domains/rondero360.com/public_html/system/Database/BaseConnection.php(606): CodeIgniter\Database\BaseConnection->simpleQuery()
#3 /home/u826814276/domains/rondero360.com/public_html/system/Database/BaseBuilder.php(1615): CodeIgniter\Database\BaseConnection->query()
#4 /home/u826814276/domains/rondero360.com/public_html/system/Model.php(237): CodeIgniter\Database\BaseBuilder->get()
#5 /home/u826814276/domains/rondero360.com/public_html/system/BaseModel.php(624): CodeIgniter\Model->doFindAll()
#6 /home/u826814276/domains/rondero360.com/public_html/app/Models/NovedadesSupervisoresModel.php(20): CodeIgniter\BaseModel->findAll()
#7 /home/u826814276/domains/rondero360.com/public_html/app/Controllers/Empresa/Supervisores.php(590): App\Models\NovedadesSupervisoresModel->obtenerNovedades()
#8 /home/u826814276/domains/rondero360.com/public_html/system/CodeIgniter.php(919): App\Controllers\Empresa\Supervisores->novedades()
#9 /home/u826814276/domains/rondero360.com/public_html/system/CodeIgniter.php(494): CodeIgniter\CodeIgniter->runController()
#10 /home/u826814276/domains/rondero360.com/public_html/system/CodeIgniter.php(353): CodeIgniter\CodeIgniter->handleRequest()
#11 /home/u826814276/domains/rondero360.com/public_html/index.php(79): CodeIgniter\CodeIgniter->run()
#12 {main}
CRITICAL - 2024-07-31 08:47:13 --> Unknown column 'id_empresa' in 'where clause'
in SYSTEMPATH/Database/BaseConnection.php on line 646.
 1 SYSTEMPATH/Database/BaseBuilder.php(1615): CodeIgniter\Database\BaseConnection->query()
 2 SYSTEMPATH/Model.php(237): CodeIgniter\Database\BaseBuilder->get()
 3 SYSTEMPATH/BaseModel.php(624): CodeIgniter\Model->doFindAll()
 4 APPPATH/Models/NovedadesSupervisoresModel.php(20): CodeIgniter\BaseModel->findAll()
 5 APPPATH/Controllers/Empresa/Supervisores.php(590): App\Models\NovedadesSupervisoresModel->obtenerNovedades()
 6 SYSTEMPATH/CodeIgniter.php(919): App\Controllers\Empresa\Supervisores->novedades()
 7 SYSTEMPATH/CodeIgniter.php(494): CodeIgniter\CodeIgniter->runController()
 8 SYSTEMPATH/CodeIgniter.php(353): CodeIgniter\CodeIgniter->handleRequest()
 9 FCPATH/index.php(79): CodeIgniter\CodeIgniter->run()
ERROR - 2024-07-31 08:47:26 --> mysqli_sql_exception: Unknown column 'id_empresa' in 'where clause' in /home/u826814276/domains/rondero360.com/public_html/system/Database/MySQLi/Connection.php:306
Stack trace:
#0 /home/u826814276/domains/rondero360.com/public_html/system/Database/MySQLi/Connection.php(306): mysqli->query()
#1 /home/u826814276/domains/rondero360.com/public_html/system/Database/BaseConnection.php(692): CodeIgniter\Database\MySQLi\Connection->execute()
#2 /home/u826814276/domains/rondero360.com/public_html/system/Database/BaseConnection.php(606): CodeIgniter\Database\BaseConnection->simpleQuery()
#3 /home/u826814276/domains/rondero360.com/public_html/system/Database/BaseBuilder.php(1615): CodeIgniter\Database\BaseConnection->query()
#4 /home/u826814276/domains/rondero360.com/public_html/system/Model.php(237): CodeIgniter\Database\BaseBuilder->get()
#5 /home/u826814276/domains/rondero360.com/public_html/system/BaseModel.php(624): CodeIgniter\Model->doFindAll()
#6 /home/u826814276/domains/rondero360.com/public_html/app/Models/NovedadesSupervisoresModel.php(20): CodeIgniter\BaseModel->findAll()
#7 /home/u826814276/domains/rondero360.com/public_html/app/Controllers/Empresa/Supervisores.php(590): App\Models\NovedadesSupervisoresModel->obtenerNovedades()
#8 /home/u826814276/domains/rondero360.com/public_html/system/CodeIgniter.php(919): App\Controllers\Empresa\Supervisores->novedades()
#9 /home/u826814276/domains/rondero360.com/public_html/system/CodeIgniter.php(494): CodeIgniter\CodeIgniter->runController()
#10 /home/u826814276/domains/rondero360.com/public_html/system/CodeIgniter.php(353): CodeIgniter\CodeIgniter->handleRequest()
#11 /home/u826814276/domains/rondero360.com/public_html/index.php(79): CodeIgniter\CodeIgniter->run()
#12 {main}
CRITICAL - 2024-07-31 08:47:26 --> Unknown column 'id_empresa' in 'where clause'
in SYSTEMPATH/Database/BaseConnection.php on line 646.
 1 SYSTEMPATH/Database/BaseBuilder.php(1615): CodeIgniter\Database\BaseConnection->query()
 2 SYSTEMPATH/Model.php(237): CodeIgniter\Database\BaseBuilder->get()
 3 SYSTEMPATH/BaseModel.php(624): CodeIgniter\Model->doFindAll()
 4 APPPATH/Models/NovedadesSupervisoresModel.php(20): CodeIgniter\BaseModel->findAll()
 5 APPPATH/Controllers/Empresa/Supervisores.php(590): App\Models\NovedadesSupervisoresModel->obtenerNovedades()
 6 SYSTEMPATH/CodeIgniter.php(919): App\Controllers\Empresa\Supervisores->novedades()
 7 SYSTEMPATH/CodeIgniter.php(494): CodeIgniter\CodeIgniter->runController()
 8 SYSTEMPATH/CodeIgniter.php(353): CodeIgniter\CodeIgniter->handleRequest()
 9 FCPATH/index.php(79): CodeIgniter\CodeIgniter->run()
ERROR - 2024-07-31 08:47:28 --> mysqli_sql_exception: Unknown column 'id_empresa' in 'where clause' in /home/u826814276/domains/rondero360.com/public_html/system/Database/MySQLi/Connection.php:306
Stack trace:
#0 /home/u826814276/domains/rondero360.com/public_html/system/Database/MySQLi/Connection.php(306): mysqli->query()
#1 /home/u826814276/domains/rondero360.com/public_html/system/Database/BaseConnection.php(692): CodeIgniter\Database\MySQLi\Connection->execute()
#2 /home/u826814276/domains/rondero360.com/public_html/system/Database/BaseConnection.php(606): CodeIgniter\Database\BaseConnection->simpleQuery()
#3 /home/u826814276/domains/rondero360.com/public_html/system/Database/BaseBuilder.php(1615): CodeIgniter\Database\BaseConnection->query()
#4 /home/u826814276/domains/rondero360.com/public_html/system/Model.php(237): CodeIgniter\Database\BaseBuilder->get()
#5 /home/u826814276/domains/rondero360.com/public_html/system/BaseModel.php(624): CodeIgniter\Model->doFindAll()
#6 /home/u826814276/domains/rondero360.com/public_html/app/Models/NovedadesSupervisoresModel.php(20): CodeIgniter\BaseModel->findAll()
#7 /home/u826814276/domains/rondero360.com/public_html/app/Controllers/Empresa/Supervisores.php(590): App\Models\NovedadesSupervisoresModel->obtenerNovedades()
#8 /home/u826814276/domains/rondero360.com/public_html/system/CodeIgniter.php(919): App\Controllers\Empresa\Supervisores->novedades()
#9 /home/u826814276/domains/rondero360.com/public_html/system/CodeIgniter.php(494): CodeIgniter\CodeIgniter->runController()
#10 /home/u826814276/domains/rondero360.com/public_html/system/CodeIgniter.php(353): CodeIgniter\CodeIgniter->handleRequest()
#11 /home/u826814276/domains/rondero360.com/public_html/index.php(79): CodeIgniter\CodeIgniter->run()
#12 {main}
CRITICAL - 2024-07-31 08:47:28 --> Unknown column 'id_empresa' in 'where clause'
in SYSTEMPATH/Database/BaseConnection.php on line 646.
 1 SYSTEMPATH/Database/BaseBuilder.php(1615): CodeIgniter\Database\BaseConnection->query()
 2 SYSTEMPATH/Model.php(237): CodeIgniter\Database\BaseBuilder->get()
 3 SYSTEMPATH/BaseModel.php(624): CodeIgniter\Model->doFindAll()
 4 APPPATH/Models/NovedadesSupervisoresModel.php(20): CodeIgniter\BaseModel->findAll()
 5 APPPATH/Controllers/Empresa/Supervisores.php(590): App\Models\NovedadesSupervisoresModel->obtenerNovedades()
 6 SYSTEMPATH/CodeIgniter.php(919): App\Controllers\Empresa\Supervisores->novedades()
 7 SYSTEMPATH/CodeIgniter.php(494): CodeIgniter\CodeIgniter->runController()
 8 SYSTEMPATH/CodeIgniter.php(353): CodeIgniter\CodeIgniter->handleRequest()
 9 FCPATH/index.php(79): CodeIgniter\CodeIgniter->run()
ERROR - 2024-07-31 08:47:29 --> mysqli_sql_exception: Unknown column 'id_empresa' in 'where clause' in /home/u826814276/domains/rondero360.com/public_html/system/Database/MySQLi/Connection.php:306
Stack trace:
#0 /home/u826814276/domains/rondero360.com/public_html/system/Database/MySQLi/Connection.php(306): mysqli->query()
#1 /home/u826814276/domains/rondero360.com/public_html/system/Database/BaseConnection.php(692): CodeIgniter\Database\MySQLi\Connection->execute()
#2 /home/u826814276/domains/rondero360.com/public_html/system/Database/BaseConnection.php(606): CodeIgniter\Database\BaseConnection->simpleQuery()
#3 /home/u826814276/domains/rondero360.com/public_html/system/Database/BaseBuilder.php(1615): CodeIgniter\Database\BaseConnection->query()
#4 /home/u826814276/domains/rondero360.com/public_html/system/Model.php(237): CodeIgniter\Database\BaseBuilder->get()
#5 /home/u826814276/domains/rondero360.com/public_html/system/BaseModel.php(624): CodeIgniter\Model->doFindAll()
#6 /home/u826814276/domains/rondero360.com/public_html/app/Models/NovedadesSupervisoresModel.php(20): CodeIgniter\BaseModel->findAll()
#7 /home/u826814276/domains/rondero360.com/public_html/app/Controllers/Empresa/Supervisores.php(590): App\Models\NovedadesSupervisoresModel->obtenerNovedades()
#8 /home/u826814276/domains/rondero360.com/public_html/system/CodeIgniter.php(919): App\Controllers\Empresa\Supervisores->novedades()
#9 /home/u826814276/domains/rondero360.com/public_html/system/CodeIgniter.php(494): CodeIgniter\CodeIgniter->runController()
#10 /home/u826814276/domains/rondero360.com/public_html/system/CodeIgniter.php(353): CodeIgniter\CodeIgniter->handleRequest()
#11 /home/u826814276/domains/rondero360.com/public_html/index.php(79): CodeIgniter\CodeIgniter->run()
#12 {main}
CRITICAL - 2024-07-31 08:47:29 --> Unknown column 'id_empresa' in 'where clause'
in SYSTEMPATH/Database/BaseConnection.php on line 646.
 1 SYSTEMPATH/Database/BaseBuilder.php(1615): CodeIgniter\Database\BaseConnection->query()
 2 SYSTEMPATH/Model.php(237): CodeIgniter\Database\BaseBuilder->get()
 3 SYSTEMPATH/BaseModel.php(624): CodeIgniter\Model->doFindAll()
 4 APPPATH/Models/NovedadesSupervisoresModel.php(20): CodeIgniter\BaseModel->findAll()
 5 APPPATH/Controllers/Empresa/Supervisores.php(590): App\Models\NovedadesSupervisoresModel->obtenerNovedades()
 6 SYSTEMPATH/CodeIgniter.php(919): App\Controllers\Empresa\Supervisores->novedades()
 7 SYSTEMPATH/CodeIgniter.php(494): CodeIgniter\CodeIgniter->runController()
 8 SYSTEMPATH/CodeIgniter.php(353): CodeIgniter\CodeIgniter->handleRequest()
 9 FCPATH/index.php(79): CodeIgniter\CodeIgniter->run()
ERROR - 2024-07-31 08:47:31 --> mysqli_sql_exception: Unknown column 'id_empresa' in 'where clause' in /home/u826814276/domains/rondero360.com/public_html/system/Database/MySQLi/Connection.php:306
Stack trace:
#0 /home/u826814276/domains/rondero360.com/public_html/system/Database/MySQLi/Connection.php(306): mysqli->query()
#1 /home/u826814276/domains/rondero360.com/public_html/system/Database/BaseConnection.php(692): CodeIgniter\Database\MySQLi\Connection->execute()
#2 /home/u826814276/domains/rondero360.com/public_html/system/Database/BaseConnection.php(606): CodeIgniter\Database\BaseConnection->simpleQuery()
#3 /home/u826814276/domains/rondero360.com/public_html/system/Database/BaseBuilder.php(1615): CodeIgniter\Database\BaseConnection->query()
#4 /home/u826814276/domains/rondero360.com/public_html/system/Model.php(237): CodeIgniter\Database\BaseBuilder->get()
#5 /home/u826814276/domains/rondero360.com/public_html/system/BaseModel.php(624): CodeIgniter\Model->doFindAll()
#6 /home/u826814276/domains/rondero360.com/public_html/app/Models/NovedadesSupervisoresModel.php(20): CodeIgniter\BaseModel->findAll()
#7 /home/u826814276/domains/rondero360.com/public_html/app/Controllers/Empresa/Supervisores.php(590): App\Models\NovedadesSupervisoresModel->obtenerNovedades()
#8 /home/u826814276/domains/rondero360.com/public_html/system/CodeIgniter.php(919): App\Controllers\Empresa\Supervisores->novedades()
#9 /home/u826814276/domains/rondero360.com/public_html/system/CodeIgniter.php(494): CodeIgniter\CodeIgniter->runController()
#10 /home/u826814276/domains/rondero360.com/public_html/system/CodeIgniter.php(353): CodeIgniter\CodeIgniter->handleRequest()
#11 /home/u826814276/domains/rondero360.com/public_html/index.php(79): CodeIgniter\CodeIgniter->run()
#12 {main}
CRITICAL - 2024-07-31 08:47:31 --> Unknown column 'id_empresa' in 'where clause'
in SYSTEMPATH/Database/BaseConnection.php on line 646.
 1 SYSTEMPATH/Database/BaseBuilder.php(1615): CodeIgniter\Database\BaseConnection->query()
 2 SYSTEMPATH/Model.php(237): CodeIgniter\Database\BaseBuilder->get()
 3 SYSTEMPATH/BaseModel.php(624): CodeIgniter\Model->doFindAll()
 4 APPPATH/Models/NovedadesSupervisoresModel.php(20): CodeIgniter\BaseModel->findAll()
 5 APPPATH/Controllers/Empresa/Supervisores.php(590): App\Models\NovedadesSupervisoresModel->obtenerNovedades()
 6 SYSTEMPATH/CodeIgniter.php(919): App\Controllers\Empresa\Supervisores->novedades()
 7 SYSTEMPATH/CodeIgniter.php(494): CodeIgniter\CodeIgniter->runController()
 8 SYSTEMPATH/CodeIgniter.php(353): CodeIgniter\CodeIgniter->handleRequest()
 9 FCPATH/index.php(79): CodeIgniter\CodeIgniter->run()
ERROR - 2024-07-31 08:47:39 --> mysqli_sql_exception: Unknown column 'id_empresa' in 'where clause' in /home/u826814276/domains/rondero360.com/public_html/system/Database/MySQLi/Connection.php:306
Stack trace:
#0 /home/u826814276/domains/rondero360.com/public_html/system/Database/MySQLi/Connection.php(306): mysqli->query()
#1 /home/u826814276/domains/rondero360.com/public_html/system/Database/BaseConnection.php(692): CodeIgniter\Database\MySQLi\Connection->execute()
#2 /home/u826814276/domains/rondero360.com/public_html/system/Database/BaseConnection.php(606): CodeIgniter\Database\BaseConnection->simpleQuery()
#3 /home/u826814276/domains/rondero360.com/public_html/system/Database/BaseBuilder.php(1615): CodeIgniter\Database\BaseConnection->query()
#4 /home/u826814276/domains/rondero360.com/public_html/system/Model.php(237): CodeIgniter\Database\BaseBuilder->get()
#5 /home/u826814276/domains/rondero360.com/public_html/system/BaseModel.php(624): CodeIgniter\Model->doFindAll()
#6 /home/u826814276/domains/rondero360.com/public_html/app/Models/NovedadesSupervisoresModel.php(20): CodeIgniter\BaseModel->findAll()
#7 /home/u826814276/domains/rondero360.com/public_html/app/Controllers/Empresa/Supervisores.php(590): App\Models\NovedadesSupervisoresModel->obtenerNovedades()
#8 /home/u826814276/domains/rondero360.com/public_html/system/CodeIgniter.php(919): App\Controllers\Empresa\Supervisores->novedades()
#9 /home/u826814276/domains/rondero360.com/public_html/system/CodeIgniter.php(494): CodeIgniter\CodeIgniter->runController()
#10 /home/u826814276/domains/rondero360.com/public_html/system/CodeIgniter.php(353): CodeIgniter\CodeIgniter->handleRequest()
#11 /home/u826814276/domains/rondero360.com/public_html/index.php(79): CodeIgniter\CodeIgniter->run()
#12 {main}
CRITICAL - 2024-07-31 08:47:39 --> Unknown column 'id_empresa' in 'where clause'
in SYSTEMPATH/Database/BaseConnection.php on line 646.
 1 SYSTEMPATH/Database/BaseBuilder.php(1615): CodeIgniter\Database\BaseConnection->query()
 2 SYSTEMPATH/Model.php(237): CodeIgniter\Database\BaseBuilder->get()
 3 SYSTEMPATH/BaseModel.php(624): CodeIgniter\Model->doFindAll()
 4 APPPATH/Models/NovedadesSupervisoresModel.php(20): CodeIgniter\BaseModel->findAll()
 5 APPPATH/Controllers/Empresa/Supervisores.php(590): App\Models\NovedadesSupervisoresModel->obtenerNovedades()
 6 SYSTEMPATH/CodeIgniter.php(919): App\Controllers\Empresa\Supervisores->novedades()
 7 SYSTEMPATH/CodeIgniter.php(494): CodeIgniter\CodeIgniter->runController()
 8 SYSTEMPATH/CodeIgniter.php(353): CodeIgniter\CodeIgniter->handleRequest()
 9 FCPATH/index.php(79): CodeIgniter\CodeIgniter->run()
ERROR - 2024-07-31 08:47:40 --> mysqli_sql_exception: Unknown column 'id_empresa' in 'where clause' in /home/u826814276/domains/rondero360.com/public_html/system/Database/MySQLi/Connection.php:306
Stack trace:
#0 /home/u826814276/domains/rondero360.com/public_html/system/Database/MySQLi/Connection.php(306): mysqli->query()
#1 /home/u826814276/domains/rondero360.com/public_html/system/Database/BaseConnection.php(692): CodeIgniter\Database\MySQLi\Connection->execute()
#2 /home/u826814276/domains/rondero360.com/public_html/system/Database/BaseConnection.php(606): CodeIgniter\Database\BaseConnection->simpleQuery()
#3 /home/u826814276/domains/rondero360.com/public_html/system/Database/BaseBuilder.php(1615): CodeIgniter\Database\BaseConnection->query()
#4 /home/u826814276/domains/rondero360.com/public_html/system/Model.php(237): CodeIgniter\Database\BaseBuilder->get()
#5 /home/u826814276/domains/rondero360.com/public_html/system/BaseModel.php(624): CodeIgniter\Model->doFindAll()
#6 /home/u826814276/domains/rondero360.com/public_html/app/Models/NovedadesSupervisoresModel.php(20): CodeIgniter\BaseModel->findAll()
#7 /home/u826814276/domains/rondero360.com/public_html/app/Controllers/Empresa/Supervisores.php(590): App\Models\NovedadesSupervisoresModel->obtenerNovedades()
#8 /home/u826814276/domains/rondero360.com/public_html/system/CodeIgniter.php(919): App\Controllers\Empresa\Supervisores->novedades()
#9 /home/u826814276/domains/rondero360.com/public_html/system/CodeIgniter.php(494): CodeIgniter\CodeIgniter->runController()
#10 /home/u826814276/domains/rondero360.com/public_html/system/CodeIgniter.php(353): CodeIgniter\CodeIgniter->handleRequest()
#11 /home/u826814276/domains/rondero360.com/public_html/index.php(79): CodeIgniter\CodeIgniter->run()
#12 {main}
CRITICAL - 2024-07-31 08:47:40 --> Unknown column 'id_empresa' in 'where clause'
in SYSTEMPATH/Database/BaseConnection.php on line 646.
 1 SYSTEMPATH/Database/BaseBuilder.php(1615): CodeIgniter\Database\BaseConnection->query()
 2 SYSTEMPATH/Model.php(237): CodeIgniter\Database\BaseBuilder->get()
 3 SYSTEMPATH/BaseModel.php(624): CodeIgniter\Model->doFindAll()
 4 APPPATH/Models/NovedadesSupervisoresModel.php(20): CodeIgniter\BaseModel->findAll()
 5 APPPATH/Controllers/Empresa/Supervisores.php(590): App\Models\NovedadesSupervisoresModel->obtenerNovedades()
 6 SYSTEMPATH/CodeIgniter.php(919): App\Controllers\Empresa\Supervisores->novedades()
 7 SYSTEMPATH/CodeIgniter.php(494): CodeIgniter\CodeIgniter->runController()
 8 SYSTEMPATH/CodeIgniter.php(353): CodeIgniter\CodeIgniter->handleRequest()
 9 FCPATH/index.php(79): CodeIgniter\CodeIgniter->run()
ERROR - 2024-07-31 08:47:46 --> mysqli_sql_exception: Unknown column 'id_empresa' in 'where clause' in /home/u826814276/domains/rondero360.com/public_html/system/Database/MySQLi/Connection.php:306
Stack trace:
#0 /home/u826814276/domains/rondero360.com/public_html/system/Database/MySQLi/Connection.php(306): mysqli->query()
#1 /home/u826814276/domains/rondero360.com/public_html/system/Database/BaseConnection.php(692): CodeIgniter\Database\MySQLi\Connection->execute()
#2 /home/u826814276/domains/rondero360.com/public_html/system/Database/BaseConnection.php(606): CodeIgniter\Database\BaseConnection->simpleQuery()
#3 /home/u826814276/domains/rondero360.com/public_html/system/Database/BaseBuilder.php(1615): CodeIgniter\Database\BaseConnection->query()
#4 /home/u826814276/domains/rondero360.com/public_html/system/Model.php(237): CodeIgniter\Database\BaseBuilder->get()
#5 /home/u826814276/domains/rondero360.com/public_html/system/BaseModel.php(624): CodeIgniter\Model->doFindAll()
#6 /home/u826814276/domains/rondero360.com/public_html/app/Models/NovedadesSupervisoresModel.php(20): CodeIgniter\BaseModel->findAll()
#7 /home/u826814276/domains/rondero360.com/public_html/app/Controllers/Empresa/Supervisores.php(590): App\Models\NovedadesSupervisoresModel->obtenerNovedades()
#8 /home/u826814276/domains/rondero360.com/public_html/system/CodeIgniter.php(919): App\Controllers\Empresa\Supervisores->novedades()
#9 /home/u826814276/domains/rondero360.com/public_html/system/CodeIgniter.php(494): CodeIgniter\CodeIgniter->runController()
#10 /home/u826814276/domains/rondero360.com/public_html/system/CodeIgniter.php(353): CodeIgniter\CodeIgniter->handleRequest()
#11 /home/u826814276/domains/rondero360.com/public_html/index.php(79): CodeIgniter\CodeIgniter->run()
#12 {main}
CRITICAL - 2024-07-31 08:47:46 --> Unknown column 'id_empresa' in 'where clause'
in SYSTEMPATH/Database/BaseConnection.php on line 646.
 1 SYSTEMPATH/Database/BaseBuilder.php(1615): CodeIgniter\Database\BaseConnection->query()
 2 SYSTEMPATH/Model.php(237): CodeIgniter\Database\BaseBuilder->get()
 3 SYSTEMPATH/BaseModel.php(624): CodeIgniter\Model->doFindAll()
 4 APPPATH/Models/NovedadesSupervisoresModel.php(20): CodeIgniter\BaseModel->findAll()
 5 APPPATH/Controllers/Empresa/Supervisores.php(590): App\Models\NovedadesSupervisoresModel->obtenerNovedades()
 6 SYSTEMPATH/CodeIgniter.php(919): App\Controllers\Empresa\Supervisores->novedades()
 7 SYSTEMPATH/CodeIgniter.php(494): CodeIgniter\CodeIgniter->runController()
 8 SYSTEMPATH/CodeIgniter.php(353): CodeIgniter\CodeIgniter->handleRequest()
 9 FCPATH/index.php(79): CodeIgniter\CodeIgniter->run()
ERROR - 2024-07-31 08:47:47 --> mysqli_sql_exception: Unknown column 'id_empresa' in 'where clause' in /home/u826814276/domains/rondero360.com/public_html/system/Database/MySQLi/Connection.php:306
Stack trace:
#0 /home/u826814276/domains/rondero360.com/public_html/system/Database/MySQLi/Connection.php(306): mysqli->query()
#1 /home/u826814276/domains/rondero360.com/public_html/system/Database/BaseConnection.php(692): CodeIgniter\Database\MySQLi\Connection->execute()
#2 /home/u826814276/domains/rondero360.com/public_html/system/Database/BaseConnection.php(606): CodeIgniter\Database\BaseConnection->simpleQuery()
#3 /home/u826814276/domains/rondero360.com/public_html/system/Database/BaseBuilder.php(1615): CodeIgniter\Database\BaseConnection->query()
#4 /home/u826814276/domains/rondero360.com/public_html/system/Model.php(237): CodeIgniter\Database\BaseBuilder->get()
#5 /home/u826814276/domains/rondero360.com/public_html/system/BaseModel.php(624): CodeIgniter\Model->doFindAll()
#6 /home/u826814276/domains/rondero360.com/public_html/app/Models/NovedadesSupervisoresModel.php(20): CodeIgniter\BaseModel->findAll()
#7 /home/u826814276/domains/rondero360.com/public_html/app/Controllers/Empresa/Supervisores.php(590): App\Models\NovedadesSupervisoresModel->obtenerNovedades()
#8 /home/u826814276/domains/rondero360.com/public_html/system/CodeIgniter.php(919): App\Controllers\Empresa\Supervisores->novedades()
#9 /home/u826814276/domains/rondero360.com/public_html/system/CodeIgniter.php(494): CodeIgniter\CodeIgniter->runController()
#10 /home/u826814276/domains/rondero360.com/public_html/system/CodeIgniter.php(353): CodeIgniter\CodeIgniter->handleRequest()
#11 /home/u826814276/domains/rondero360.com/public_html/index.php(79): CodeIgniter\CodeIgniter->run()
#12 {main}
CRITICAL - 2024-07-31 08:47:47 --> Unknown column 'id_empresa' in 'where clause'
in SYSTEMPATH/Database/BaseConnection.php on line 646.
 1 SYSTEMPATH/Database/BaseBuilder.php(1615): CodeIgniter\Database\BaseConnection->query()
 2 SYSTEMPATH/Model.php(237): CodeIgniter\Database\BaseBuilder->get()
 3 SYSTEMPATH/BaseModel.php(624): CodeIgniter\Model->doFindAll()
 4 APPPATH/Models/NovedadesSupervisoresModel.php(20): CodeIgniter\BaseModel->findAll()
 5 APPPATH/Controllers/Empresa/Supervisores.php(590): App\Models\NovedadesSupervisoresModel->obtenerNovedades()
 6 SYSTEMPATH/CodeIgniter.php(919): App\Controllers\Empresa\Supervisores->novedades()
 7 SYSTEMPATH/CodeIgniter.php(494): CodeIgniter\CodeIgniter->runController()
 8 SYSTEMPATH/CodeIgniter.php(353): CodeIgniter\CodeIgniter->handleRequest()
 9 FCPATH/index.php(79): CodeIgniter\CodeIgniter->run()
ERROR - 2024-07-31 08:47:48 --> mysqli_sql_exception: Unknown column 'id_empresa' in 'where clause' in /home/u826814276/domains/rondero360.com/public_html/system/Database/MySQLi/Connection.php:306
Stack trace:
#0 /home/u826814276/domains/rondero360.com/public_html/system/Database/MySQLi/Connection.php(306): mysqli->query()
#1 /home/u826814276/domains/rondero360.com/public_html/system/Database/BaseConnection.php(692): CodeIgniter\Database\MySQLi\Connection->execute()
#2 /home/u826814276/domains/rondero360.com/public_html/system/Database/BaseConnection.php(606): CodeIgniter\Database\BaseConnection->simpleQuery()
#3 /home/u826814276/domains/rondero360.com/public_html/system/Database/BaseBuilder.php(1615): CodeIgniter\Database\BaseConnection->query()
#4 /home/u826814276/domains/rondero360.com/public_html/system/Model.php(237): CodeIgniter\Database\BaseBuilder->get()
#5 /home/u826814276/domains/rondero360.com/public_html/system/BaseModel.php(624): CodeIgniter\Model->doFindAll()
#6 /home/u826814276/domains/rondero360.com/public_html/app/Models/NovedadesSupervisoresModel.php(20): CodeIgniter\BaseModel->findAll()
#7 /home/u826814276/domains/rondero360.com/public_html/app/Controllers/Empresa/Supervisores.php(590): App\Models\NovedadesSupervisoresModel->obtenerNovedades()
#8 /home/u826814276/domains/rondero360.com/public_html/system/CodeIgniter.php(919): App\Controllers\Empresa\Supervisores->novedades()
#9 /home/u826814276/domains/rondero360.com/public_html/system/CodeIgniter.php(494): CodeIgniter\CodeIgniter->runController()
#10 /home/u826814276/domains/rondero360.com/public_html/system/CodeIgniter.php(353): CodeIgniter\CodeIgniter->handleRequest()
#11 /home/u826814276/domains/rondero360.com/public_html/index.php(79): CodeIgniter\CodeIgniter->run()
#12 {main}
CRITICAL - 2024-07-31 08:47:48 --> Unknown column 'id_empresa' in 'where clause'
in SYSTEMPATH/Database/BaseConnection.php on line 646.
 1 SYSTEMPATH/Database/BaseBuilder.php(1615): CodeIgniter\Database\BaseConnection->query()
 2 SYSTEMPATH/Model.php(237): CodeIgniter\Database\BaseBuilder->get()
 3 SYSTEMPATH/BaseModel.php(624): CodeIgniter\Model->doFindAll()
 4 APPPATH/Models/NovedadesSupervisoresModel.php(20): CodeIgniter\BaseModel->findAll()
 5 APPPATH/Controllers/Empresa/Supervisores.php(590): App\Models\NovedadesSupervisoresModel->obtenerNovedades()
 6 SYSTEMPATH/CodeIgniter.php(919): App\Controllers\Empresa\Supervisores->novedades()
 7 SYSTEMPATH/CodeIgniter.php(494): CodeIgniter\CodeIgniter->runController()
 8 SYSTEMPATH/CodeIgniter.php(353): CodeIgniter\CodeIgniter->handleRequest()
 9 FCPATH/index.php(79): CodeIgniter\CodeIgniter->run()
ERROR - 2024-07-31 08:47:49 --> mysqli_sql_exception: Unknown column 'id_empresa' in 'where clause' in /home/u826814276/domains/rondero360.com/public_html/system/Database/MySQLi/Connection.php:306
Stack trace:
#0 /home/u826814276/domains/rondero360.com/public_html/system/Database/MySQLi/Connection.php(306): mysqli->query()
#1 /home/u826814276/domains/rondero360.com/public_html/system/Database/BaseConnection.php(692): CodeIgniter\Database\MySQLi\Connection->execute()
#2 /home/u826814276/domains/rondero360.com/public_html/system/Database/BaseConnection.php(606): CodeIgniter\Database\BaseConnection->simpleQuery()
#3 /home/u826814276/domains/rondero360.com/public_html/system/Database/BaseBuilder.php(1615): CodeIgniter\Database\BaseConnection->query()
#4 /home/u826814276/domains/rondero360.com/public_html/system/Model.php(237): CodeIgniter\Database\BaseBuilder->get()
#5 /home/u826814276/domains/rondero360.com/public_html/system/BaseModel.php(624): CodeIgniter\Model->doFindAll()
#6 /home/u826814276/domains/rondero360.com/public_html/app/Models/NovedadesSupervisoresModel.php(20): CodeIgniter\BaseModel->findAll()
#7 /home/u826814276/domains/rondero360.com/public_html/app/Controllers/Empresa/Supervisores.php(590): App\Models\NovedadesSupervisoresModel->obtenerNovedades()
#8 /home/u826814276/domains/rondero360.com/public_html/system/CodeIgniter.php(919): App\Controllers\Empresa\Supervisores->novedades()
#9 /home/u826814276/domains/rondero360.com/public_html/system/CodeIgniter.php(494): CodeIgniter\CodeIgniter->runController()
#10 /home/u826814276/domains/rondero360.com/public_html/system/CodeIgniter.php(353): CodeIgniter\CodeIgniter->handleRequest()
#11 /home/u826814276/domains/rondero360.com/public_html/index.php(79): CodeIgniter\CodeIgniter->run()
#12 {main}
CRITICAL - 2024-07-31 08:47:49 --> Unknown column 'id_empresa' in 'where clause'
in SYSTEMPATH/Database/BaseConnection.php on line 646.
 1 SYSTEMPATH/Database/BaseBuilder.php(1615): CodeIgniter\Database\BaseConnection->query()
 2 SYSTEMPATH/Model.php(237): CodeIgniter\Database\BaseBuilder->get()
 3 SYSTEMPATH/BaseModel.php(624): CodeIgniter\Model->doFindAll()
 4 APPPATH/Models/NovedadesSupervisoresModel.php(20): CodeIgniter\BaseModel->findAll()
 5 APPPATH/Controllers/Empresa/Supervisores.php(590): App\Models\NovedadesSupervisoresModel->obtenerNovedades()
 6 SYSTEMPATH/CodeIgniter.php(919): App\Controllers\Empresa\Supervisores->novedades()
 7 SYSTEMPATH/CodeIgniter.php(494): CodeIgniter\CodeIgniter->runController()
 8 SYSTEMPATH/CodeIgniter.php(353): CodeIgniter\CodeIgniter->handleRequest()
 9 FCPATH/index.php(79): CodeIgniter\CodeIgniter->run()
ERROR - 2024-07-31 08:47:49 --> mysqli_sql_exception: Unknown column 'id_empresa' in 'where clause' in /home/u826814276/domains/rondero360.com/public_html/system/Database/MySQLi/Connection.php:306
Stack trace:
#0 /home/u826814276/domains/rondero360.com/public_html/system/Database/MySQLi/Connection.php(306): mysqli->query()
#1 /home/u826814276/domains/rondero360.com/public_html/system/Database/BaseConnection.php(692): CodeIgniter\Database\MySQLi\Connection->execute()
#2 /home/u826814276/domains/rondero360.com/public_html/system/Database/BaseConnection.php(606): CodeIgniter\Database\BaseConnection->simpleQuery()
#3 /home/u826814276/domains/rondero360.com/public_html/system/Database/BaseBuilder.php(1615): CodeIgniter\Database\BaseConnection->query()
#4 /home/u826814276/domains/rondero360.com/public_html/system/Model.php(237): CodeIgniter\Database\BaseBuilder->get()
#5 /home/u826814276/domains/rondero360.com/public_html/system/BaseModel.php(624): CodeIgniter\Model->doFindAll()
#6 /home/u826814276/domains/rondero360.com/public_html/app/Models/NovedadesSupervisoresModel.php(20): CodeIgniter\BaseModel->findAll()
#7 /home/u826814276/domains/rondero360.com/public_html/app/Controllers/Empresa/Supervisores.php(590): App\Models\NovedadesSupervisoresModel->obtenerNovedades()
#8 /home/u826814276/domains/rondero360.com/public_html/system/CodeIgniter.php(919): App\Controllers\Empresa\Supervisores->novedades()
#9 /home/u826814276/domains/rondero360.com/public_html/system/CodeIgniter.php(494): CodeIgniter\CodeIgniter->runController()
#10 /home/u826814276/domains/rondero360.com/public_html/system/CodeIgniter.php(353): CodeIgniter\CodeIgniter->handleRequest()
#11 /home/u826814276/domains/rondero360.com/public_html/index.php(79): CodeIgniter\CodeIgniter->run()
#12 {main}
CRITICAL - 2024-07-31 08:47:49 --> Unknown column 'id_empresa' in 'where clause'
in SYSTEMPATH/Database/BaseConnection.php on line 646.
 1 SYSTEMPATH/Database/BaseBuilder.php(1615): CodeIgniter\Database\BaseConnection->query()
 2 SYSTEMPATH/Model.php(237): CodeIgniter\Database\BaseBuilder->get()
 3 SYSTEMPATH/BaseModel.php(624): CodeIgniter\Model->doFindAll()
 4 APPPATH/Models/NovedadesSupervisoresModel.php(20): CodeIgniter\BaseModel->findAll()
 5 APPPATH/Controllers/Empresa/Supervisores.php(590): App\Models\NovedadesSupervisoresModel->obtenerNovedades()
 6 SYSTEMPATH/CodeIgniter.php(919): App\Controllers\Empresa\Supervisores->novedades()
 7 SYSTEMPATH/CodeIgniter.php(494): CodeIgniter\CodeIgniter->runController()
 8 SYSTEMPATH/CodeIgniter.php(353): CodeIgniter\CodeIgniter->handleRequest()
 9 FCPATH/index.php(79): CodeIgniter\CodeIgniter->run()
ERROR - 2024-07-31 08:47:50 --> mysqli_sql_exception: Unknown column 'id_empresa' in 'where clause' in /home/u826814276/domains/rondero360.com/public_html/system/Database/MySQLi/Connection.php:306
Stack trace:
#0 /home/u826814276/domains/rondero360.com/public_html/system/Database/MySQLi/Connection.php(306): mysqli->query()
#1 /home/u826814276/domains/rondero360.com/public_html/system/Database/BaseConnection.php(692): CodeIgniter\Database\MySQLi\Connection->execute()
#2 /home/u826814276/domains/rondero360.com/public_html/system/Database/BaseConnection.php(606): CodeIgniter\Database\BaseConnection->simpleQuery()
#3 /home/u826814276/domains/rondero360.com/public_html/system/Database/BaseBuilder.php(1615): CodeIgniter\Database\BaseConnection->query()
#4 /home/u826814276/domains/rondero360.com/public_html/system/Model.php(237): CodeIgniter\Database\BaseBuilder->get()
#5 /home/u826814276/domains/rondero360.com/public_html/system/BaseModel.php(624): CodeIgniter\Model->doFindAll()
#6 /home/u826814276/domains/rondero360.com/public_html/app/Models/NovedadesSupervisoresModel.php(20): CodeIgniter\BaseModel->findAll()
#7 /home/u826814276/domains/rondero360.com/public_html/app/Controllers/Empresa/Supervisores.php(590): App\Models\NovedadesSupervisoresModel->obtenerNovedades()
#8 /home/u826814276/domains/rondero360.com/public_html/system/CodeIgniter.php(919): App\Controllers\Empresa\Supervisores->novedades()
#9 /home/u826814276/domains/rondero360.com/public_html/system/CodeIgniter.php(494): CodeIgniter\CodeIgniter->runController()
#10 /home/u826814276/domains/rondero360.com/public_html/system/CodeIgniter.php(353): CodeIgniter\CodeIgniter->handleRequest()
#11 /home/u826814276/domains/rondero360.com/public_html/index.php(79): CodeIgniter\CodeIgniter->run()
#12 {main}
CRITICAL - 2024-07-31 08:47:50 --> Unknown column 'id_empresa' in 'where clause'
in SYSTEMPATH/Database/BaseConnection.php on line 646.
 1 SYSTEMPATH/Database/BaseBuilder.php(1615): CodeIgniter\Database\BaseConnection->query()
 2 SYSTEMPATH/Model.php(237): CodeIgniter\Database\BaseBuilder->get()
 3 SYSTEMPATH/BaseModel.php(624): CodeIgniter\Model->doFindAll()
 4 APPPATH/Models/NovedadesSupervisoresModel.php(20): CodeIgniter\BaseModel->findAll()
 5 APPPATH/Controllers/Empresa/Supervisores.php(590): App\Models\NovedadesSupervisoresModel->obtenerNovedades()
 6 SYSTEMPATH/CodeIgniter.php(919): App\Controllers\Empresa\Supervisores->novedades()
 7 SYSTEMPATH/CodeIgniter.php(494): CodeIgniter\CodeIgniter->runController()
 8 SYSTEMPATH/CodeIgniter.php(353): CodeIgniter\CodeIgniter->handleRequest()
 9 FCPATH/index.php(79): CodeIgniter\CodeIgniter->run()
ERROR - 2024-07-31 08:47:51 --> mysqli_sql_exception: Unknown column 'id_empresa' in 'where clause' in /home/u826814276/domains/rondero360.com/public_html/system/Database/MySQLi/Connection.php:306
Stack trace:
#0 /home/u826814276/domains/rondero360.com/public_html/system/Database/MySQLi/Connection.php(306): mysqli->query()
#1 /home/u826814276/domains/rondero360.com/public_html/system/Database/BaseConnection.php(692): CodeIgniter\Database\MySQLi\Connection->execute()
#2 /home/u826814276/domains/rondero360.com/public_html/system/Database/BaseConnection.php(606): CodeIgniter\Database\BaseConnection->simpleQuery()
#3 /home/u826814276/domains/rondero360.com/public_html/system/Database/BaseBuilder.php(1615): CodeIgniter\Database\BaseConnection->query()
#4 /home/u826814276/domains/rondero360.com/public_html/system/Model.php(237): CodeIgniter\Database\BaseBuilder->get()
#5 /home/u826814276/domains/rondero360.com/public_html/system/BaseModel.php(624): CodeIgniter\Model->doFindAll()
#6 /home/u826814276/domains/rondero360.com/public_html/app/Models/NovedadesSupervisoresModel.php(20): CodeIgniter\BaseModel->findAll()
#7 /home/u826814276/domains/rondero360.com/public_html/app/Controllers/Empresa/Supervisores.php(590): App\Models\NovedadesSupervisoresModel->obtenerNovedades()
#8 /home/u826814276/domains/rondero360.com/public_html/system/CodeIgniter.php(919): App\Controllers\Empresa\Supervisores->novedades()
#9 /home/u826814276/domains/rondero360.com/public_html/system/CodeIgniter.php(494): CodeIgniter\CodeIgniter->runController()
#10 /home/u826814276/domains/rondero360.com/public_html/system/CodeIgniter.php(353): CodeIgniter\CodeIgniter->handleRequest()
#11 /home/u826814276/domains/rondero360.com/public_html/index.php(79): CodeIgniter\CodeIgniter->run()
#12 {main}
CRITICAL - 2024-07-31 08:47:51 --> Unknown column 'id_empresa' in 'where clause'
in SYSTEMPATH/Database/BaseConnection.php on line 646.
 1 SYSTEMPATH/Database/BaseBuilder.php(1615): CodeIgniter\Database\BaseConnection->query()
 2 SYSTEMPATH/Model.php(237): CodeIgniter\Database\BaseBuilder->get()
 3 SYSTEMPATH/BaseModel.php(624): CodeIgniter\Model->doFindAll()
 4 APPPATH/Models/NovedadesSupervisoresModel.php(20): CodeIgniter\BaseModel->findAll()
 5 APPPATH/Controllers/Empresa/Supervisores.php(590): App\Models\NovedadesSupervisoresModel->obtenerNovedades()
 6 SYSTEMPATH/CodeIgniter.php(919): App\Controllers\Empresa\Supervisores->novedades()
 7 SYSTEMPATH/CodeIgniter.php(494): CodeIgniter\CodeIgniter->runController()
 8 SYSTEMPATH/CodeIgniter.php(353): CodeIgniter\CodeIgniter->handleRequest()
 9 FCPATH/index.php(79): CodeIgniter\CodeIgniter->run()
ERROR - 2024-07-31 08:47:51 --> mysqli_sql_exception: Unknown column 'id_empresa' in 'where clause' in /home/u826814276/domains/rondero360.com/public_html/system/Database/MySQLi/Connection.php:306
Stack trace:
#0 /home/u826814276/domains/rondero360.com/public_html/system/Database/MySQLi/Connection.php(306): mysqli->query()
#1 /home/u826814276/domains/rondero360.com/public_html/system/Database/BaseConnection.php(692): CodeIgniter\Database\MySQLi\Connection->execute()
#2 /home/u826814276/domains/rondero360.com/public_html/system/Database/BaseConnection.php(606): CodeIgniter\Database\BaseConnection->simpleQuery()
#3 /home/u826814276/domains/rondero360.com/public_html/system/Database/BaseBuilder.php(1615): CodeIgniter\Database\BaseConnection->query()
#4 /home/u826814276/domains/rondero360.com/public_html/system/Model.php(237): CodeIgniter\Database\BaseBuilder->get()
#5 /home/u826814276/domains/rondero360.com/public_html/system/BaseModel.php(624): CodeIgniter\Model->doFindAll()
#6 /home/u826814276/domains/rondero360.com/public_html/app/Models/NovedadesSupervisoresModel.php(20): CodeIgniter\BaseModel->findAll()
#7 /home/u826814276/domains/rondero360.com/public_html/app/Controllers/Empresa/Supervisores.php(590): App\Models\NovedadesSupervisoresModel->obtenerNovedades()
#8 /home/u826814276/domains/rondero360.com/public_html/system/CodeIgniter.php(919): App\Controllers\Empresa\Supervisores->novedades()
#9 /home/u826814276/domains/rondero360.com/public_html/system/CodeIgniter.php(494): CodeIgniter\CodeIgniter->runController()
#10 /home/u826814276/domains/rondero360.com/public_html/system/CodeIgniter.php(353): CodeIgniter\CodeIgniter->handleRequest()
#11 /home/u826814276/domains/rondero360.com/public_html/index.php(79): CodeIgniter\CodeIgniter->run()
#12 {main}
CRITICAL - 2024-07-31 08:47:51 --> Unknown column 'id_empresa' in 'where clause'
in SYSTEMPATH/Database/BaseConnection.php on line 646.
 1 SYSTEMPATH/Database/BaseBuilder.php(1615): CodeIgniter\Database\BaseConnection->query()
 2 SYSTEMPATH/Model.php(237): CodeIgniter\Database\BaseBuilder->get()
 3 SYSTEMPATH/BaseModel.php(624): CodeIgniter\Model->doFindAll()
 4 APPPATH/Models/NovedadesSupervisoresModel.php(20): CodeIgniter\BaseModel->findAll()
 5 APPPATH/Controllers/Empresa/Supervisores.php(590): App\Models\NovedadesSupervisoresModel->obtenerNovedades()
 6 SYSTEMPATH/CodeIgniter.php(919): App\Controllers\Empresa\Supervisores->novedades()
 7 SYSTEMPATH/CodeIgniter.php(494): CodeIgniter\CodeIgniter->runController()
 8 SYSTEMPATH/CodeIgniter.php(353): CodeIgniter\CodeIgniter->handleRequest()
 9 FCPATH/index.php(79): CodeIgniter\CodeIgniter->run()
ERROR - 2024-07-31 08:47:52 --> mysqli_sql_exception: Unknown column 'id_empresa' in 'where clause' in /home/u826814276/domains/rondero360.com/public_html/system/Database/MySQLi/Connection.php:306
Stack trace:
#0 /home/u826814276/domains/rondero360.com/public_html/system/Database/MySQLi/Connection.php(306): mysqli->query()
#1 /home/u826814276/domains/rondero360.com/public_html/system/Database/BaseConnection.php(692): CodeIgniter\Database\MySQLi\Connection->execute()
#2 /home/u826814276/domains/rondero360.com/public_html/system/Database/BaseConnection.php(606): CodeIgniter\Database\BaseConnection->simpleQuery()
#3 /home/u826814276/domains/rondero360.com/public_html/system/Database/BaseBuilder.php(1615): CodeIgniter\Database\BaseConnection->query()
#4 /home/u826814276/domains/rondero360.com/public_html/system/Model.php(237): CodeIgniter\Database\BaseBuilder->get()
#5 /home/u826814276/domains/rondero360.com/public_html/system/BaseModel.php(624): CodeIgniter\Model->doFindAll()
#6 /home/u826814276/domains/rondero360.com/public_html/app/Models/NovedadesSupervisoresModel.php(20): CodeIgniter\BaseModel->findAll()
#7 /home/u826814276/domains/rondero360.com/public_html/app/Controllers/Empresa/Supervisores.php(590): App\Models\NovedadesSupervisoresModel->obtenerNovedades()
#8 /home/u826814276/domains/rondero360.com/public_html/system/CodeIgniter.php(919): App\Controllers\Empresa\Supervisores->novedades()
#9 /home/u826814276/domains/rondero360.com/public_html/system/CodeIgniter.php(494): CodeIgniter\CodeIgniter->runController()
#10 /home/u826814276/domains/rondero360.com/public_html/system/CodeIgniter.php(353): CodeIgniter\CodeIgniter->handleRequest()
#11 /home/u826814276/domains/rondero360.com/public_html/index.php(79): CodeIgniter\CodeIgniter->run()
#12 {main}
CRITICAL - 2024-07-31 08:47:52 --> Unknown column 'id_empresa' in 'where clause'
in SYSTEMPATH/Database/BaseConnection.php on line 646.
 1 SYSTEMPATH/Database/BaseBuilder.php(1615): CodeIgniter\Database\BaseConnection->query()
 2 SYSTEMPATH/Model.php(237): CodeIgniter\Database\BaseBuilder->get()
 3 SYSTEMPATH/BaseModel.php(624): CodeIgniter\Model->doFindAll()
 4 APPPATH/Models/NovedadesSupervisoresModel.php(20): CodeIgniter\BaseModel->findAll()
 5 APPPATH/Controllers/Empresa/Supervisores.php(590): App\Models\NovedadesSupervisoresModel->obtenerNovedades()
 6 SYSTEMPATH/CodeIgniter.php(919): App\Controllers\Empresa\Supervisores->novedades()
 7 SYSTEMPATH/CodeIgniter.php(494): CodeIgniter\CodeIgniter->runController()
 8 SYSTEMPATH/CodeIgniter.php(353): CodeIgniter\CodeIgniter->handleRequest()
 9 FCPATH/index.php(79): CodeIgniter\CodeIgniter->run()
ERROR - 2024-07-31 08:47:52 --> mysqli_sql_exception: Unknown column 'id_empresa' in 'where clause' in /home/u826814276/domains/rondero360.com/public_html/system/Database/MySQLi/Connection.php:306
Stack trace:
#0 /home/u826814276/domains/rondero360.com/public_html/system/Database/MySQLi/Connection.php(306): mysqli->query()
#1 /home/u826814276/domains/rondero360.com/public_html/system/Database/BaseConnection.php(692): CodeIgniter\Database\MySQLi\Connection->execute()
#2 /home/u826814276/domains/rondero360.com/public_html/system/Database/BaseConnection.php(606): CodeIgniter\Database\BaseConnection->simpleQuery()
#3 /home/u826814276/domains/rondero360.com/public_html/system/Database/BaseBuilder.php(1615): CodeIgniter\Database\BaseConnection->query()
#4 /home/u826814276/domains/rondero360.com/public_html/system/Model.php(237): CodeIgniter\Database\BaseBuilder->get()
#5 /home/u826814276/domains/rondero360.com/public_html/system/BaseModel.php(624): CodeIgniter\Model->doFindAll()
#6 /home/u826814276/domains/rondero360.com/public_html/app/Models/NovedadesSupervisoresModel.php(20): CodeIgniter\BaseModel->findAll()
#7 /home/u826814276/domains/rondero360.com/public_html/app/Controllers/Empresa/Supervisores.php(590): App\Models\NovedadesSupervisoresModel->obtenerNovedades()
#8 /home/u826814276/domains/rondero360.com/public_html/system/CodeIgniter.php(919): App\Controllers\Empresa\Supervisores->novedades()
#9 /home/u826814276/domains/rondero360.com/public_html/system/CodeIgniter.php(494): CodeIgniter\CodeIgniter->runController()
#10 /home/u826814276/domains/rondero360.com/public_html/system/CodeIgniter.php(353): CodeIgniter\CodeIgniter->handleRequest()
#11 /home/u826814276/domains/rondero360.com/public_html/index.php(79): CodeIgniter\CodeIgniter->run()
#12 {main}
CRITICAL - 2024-07-31 08:47:52 --> Unknown column 'id_empresa' in 'where clause'
in SYSTEMPATH/Database/BaseConnection.php on line 646.
 1 SYSTEMPATH/Database/BaseBuilder.php(1615): CodeIgniter\Database\BaseConnection->query()
 2 SYSTEMPATH/Model.php(237): CodeIgniter\Database\BaseBuilder->get()
 3 SYSTEMPATH/BaseModel.php(624): CodeIgniter\Model->doFindAll()
 4 APPPATH/Models/NovedadesSupervisoresModel.php(20): CodeIgniter\BaseModel->findAll()
 5 APPPATH/Controllers/Empresa/Supervisores.php(590): App\Models\NovedadesSupervisoresModel->obtenerNovedades()
 6 SYSTEMPATH/CodeIgniter.php(919): App\Controllers\Empresa\Supervisores->novedades()
 7 SYSTEMPATH/CodeIgniter.php(494): CodeIgniter\CodeIgniter->runController()
 8 SYSTEMPATH/CodeIgniter.php(353): CodeIgniter\CodeIgniter->handleRequest()
 9 FCPATH/index.php(79): CodeIgniter\CodeIgniter->run()
ERROR - 2024-07-31 08:47:53 --> mysqli_sql_exception: Unknown column 'id_empresa' in 'where clause' in /home/u826814276/domains/rondero360.com/public_html/system/Database/MySQLi/Connection.php:306
Stack trace:
#0 /home/u826814276/domains/rondero360.com/public_html/system/Database/MySQLi/Connection.php(306): mysqli->query()
#1 /home/u826814276/domains/rondero360.com/public_html/system/Database/BaseConnection.php(692): CodeIgniter\Database\MySQLi\Connection->execute()
#2 /home/u826814276/domains/rondero360.com/public_html/system/Database/BaseConnection.php(606): CodeIgniter\Database\BaseConnection->simpleQuery()
#3 /home/u826814276/domains/rondero360.com/public_html/system/Database/BaseBuilder.php(1615): CodeIgniter\Database\BaseConnection->query()
#4 /home/u826814276/domains/rondero360.com/public_html/system/Model.php(237): CodeIgniter\Database\BaseBuilder->get()
#5 /home/u826814276/domains/rondero360.com/public_html/system/BaseModel.php(624): CodeIgniter\Model->doFindAll()
#6 /home/u826814276/domains/rondero360.com/public_html/app/Models/NovedadesSupervisoresModel.php(20): CodeIgniter\BaseModel->findAll()
#7 /home/u826814276/domains/rondero360.com/public_html/app/Controllers/Empresa/Supervisores.php(590): App\Models\NovedadesSupervisoresModel->obtenerNovedades()
#8 /home/u826814276/domains/rondero360.com/public_html/system/CodeIgniter.php(919): App\Controllers\Empresa\Supervisores->novedades()
#9 /home/u826814276/domains/rondero360.com/public_html/system/CodeIgniter.php(494): CodeIgniter\CodeIgniter->runController()
#10 /home/u826814276/domains/rondero360.com/public_html/system/CodeIgniter.php(353): CodeIgniter\CodeIgniter->handleRequest()
#11 /home/u826814276/domains/rondero360.com/public_html/index.php(79): CodeIgniter\CodeIgniter->run()
#12 {main}
CRITICAL - 2024-07-31 08:47:53 --> Unknown column 'id_empresa' in 'where clause'
in SYSTEMPATH/Database/BaseConnection.php on line 646.
 1 SYSTEMPATH/Database/BaseBuilder.php(1615): CodeIgniter\Database\BaseConnection->query()
 2 SYSTEMPATH/Model.php(237): CodeIgniter\Database\BaseBuilder->get()
 3 SYSTEMPATH/BaseModel.php(624): CodeIgniter\Model->doFindAll()
 4 APPPATH/Models/NovedadesSupervisoresModel.php(20): CodeIgniter\BaseModel->findAll()
 5 APPPATH/Controllers/Empresa/Supervisores.php(590): App\Models\NovedadesSupervisoresModel->obtenerNovedades()
 6 SYSTEMPATH/CodeIgniter.php(919): App\Controllers\Empresa\Supervisores->novedades()
 7 SYSTEMPATH/CodeIgniter.php(494): CodeIgniter\CodeIgniter->runController()
 8 SYSTEMPATH/CodeIgniter.php(353): CodeIgniter\CodeIgniter->handleRequest()
 9 FCPATH/index.php(79): CodeIgniter\CodeIgniter->run()
ERROR - 2024-07-31 08:47:54 --> mysqli_sql_exception: Unknown column 'id_empresa' in 'where clause' in /home/u826814276/domains/rondero360.com/public_html/system/Database/MySQLi/Connection.php:306
Stack trace:
#0 /home/u826814276/domains/rondero360.com/public_html/system/Database/MySQLi/Connection.php(306): mysqli->query()
#1 /home/u826814276/domains/rondero360.com/public_html/system/Database/BaseConnection.php(692): CodeIgniter\Database\MySQLi\Connection->execute()
#2 /home/u826814276/domains/rondero360.com/public_html/system/Database/BaseConnection.php(606): CodeIgniter\Database\BaseConnection->simpleQuery()
#3 /home/u826814276/domains/rondero360.com/public_html/system/Database/BaseBuilder.php(1615): CodeIgniter\Database\BaseConnection->query()
#4 /home/u826814276/domains/rondero360.com/public_html/system/Model.php(237): CodeIgniter\Database\BaseBuilder->get()
#5 /home/u826814276/domains/rondero360.com/public_html/system/BaseModel.php(624): CodeIgniter\Model->doFindAll()
#6 /home/u826814276/domains/rondero360.com/public_html/app/Models/NovedadesSupervisoresModel.php(20): CodeIgniter\BaseModel->findAll()
#7 /home/u826814276/domains/rondero360.com/public_html/app/Controllers/Empresa/Supervisores.php(590): App\Models\NovedadesSupervisoresModel->obtenerNovedades()
#8 /home/u826814276/domains/rondero360.com/public_html/system/CodeIgniter.php(919): App\Controllers\Empresa\Supervisores->novedades()
#9 /home/u826814276/domains/rondero360.com/public_html/system/CodeIgniter.php(494): CodeIgniter\CodeIgniter->runController()
#10 /home/u826814276/domains/rondero360.com/public_html/system/CodeIgniter.php(353): CodeIgniter\CodeIgniter->handleRequest()
#11 /home/u826814276/domains/rondero360.com/public_html/index.php(79): CodeIgniter\CodeIgniter->run()
#12 {main}
CRITICAL - 2024-07-31 08:47:54 --> Unknown column 'id_empresa' in 'where clause'
in SYSTEMPATH/Database/BaseConnection.php on line 646.
 1 SYSTEMPATH/Database/BaseBuilder.php(1615): CodeIgniter\Database\BaseConnection->query()
 2 SYSTEMPATH/Model.php(237): CodeIgniter\Database\BaseBuilder->get()
 3 SYSTEMPATH/BaseModel.php(624): CodeIgniter\Model->doFindAll()
 4 APPPATH/Models/NovedadesSupervisoresModel.php(20): CodeIgniter\BaseModel->findAll()
 5 APPPATH/Controllers/Empresa/Supervisores.php(590): App\Models\NovedadesSupervisoresModel->obtenerNovedades()
 6 SYSTEMPATH/CodeIgniter.php(919): App\Controllers\Empresa\Supervisores->novedades()
 7 SYSTEMPATH/CodeIgniter.php(494): CodeIgniter\CodeIgniter->runController()
 8 SYSTEMPATH/CodeIgniter.php(353): CodeIgniter\CodeIgniter->handleRequest()
 9 FCPATH/index.php(79): CodeIgniter\CodeIgniter->run()
ERROR - 2024-07-31 08:47:54 --> mysqli_sql_exception: Unknown column 'id_empresa' in 'where clause' in /home/u826814276/domains/rondero360.com/public_html/system/Database/MySQLi/Connection.php:306
Stack trace:
#0 /home/u826814276/domains/rondero360.com/public_html/system/Database/MySQLi/Connection.php(306): mysqli->query()
#1 /home/u826814276/domains/rondero360.com/public_html/system/Database/BaseConnection.php(692): CodeIgniter\Database\MySQLi\Connection->execute()
#2 /home/u826814276/domains/rondero360.com/public_html/system/Database/BaseConnection.php(606): CodeIgniter\Database\BaseConnection->simpleQuery()
#3 /home/u826814276/domains/rondero360.com/public_html/system/Database/BaseBuilder.php(1615): CodeIgniter\Database\BaseConnection->query()
#4 /home/u826814276/domains/rondero360.com/public_html/system/Model.php(237): CodeIgniter\Database\BaseBuilder->get()
#5 /home/u826814276/domains/rondero360.com/public_html/system/BaseModel.php(624): CodeIgniter\Model->doFindAll()
#6 /home/u826814276/domains/rondero360.com/public_html/app/Models/NovedadesSupervisoresModel.php(20): CodeIgniter\BaseModel->findAll()
#7 /home/u826814276/domains/rondero360.com/public_html/app/Controllers/Empresa/Supervisores.php(590): App\Models\NovedadesSupervisoresModel->obtenerNovedades()
#8 /home/u826814276/domains/rondero360.com/public_html/system/CodeIgniter.php(919): App\Controllers\Empresa\Supervisores->novedades()
#9 /home/u826814276/domains/rondero360.com/public_html/system/CodeIgniter.php(494): CodeIgniter\CodeIgniter->runController()
#10 /home/u826814276/domains/rondero360.com/public_html/system/CodeIgniter.php(353): CodeIgniter\CodeIgniter->handleRequest()
#11 /home/u826814276/domains/rondero360.com/public_html/index.php(79): CodeIgniter\CodeIgniter->run()
#12 {main}
CRITICAL - 2024-07-31 08:47:54 --> Unknown column 'id_empresa' in 'where clause'
in SYSTEMPATH/Database/BaseConnection.php on line 646.
 1 SYSTEMPATH/Database/BaseBuilder.php(1615): CodeIgniter\Database\BaseConnection->query()
 2 SYSTEMPATH/Model.php(237): CodeIgniter\Database\BaseBuilder->get()
 3 SYSTEMPATH/BaseModel.php(624): CodeIgniter\Model->doFindAll()
 4 APPPATH/Models/NovedadesSupervisoresModel.php(20): CodeIgniter\BaseModel->findAll()
 5 APPPATH/Controllers/Empresa/Supervisores.php(590): App\Models\NovedadesSupervisoresModel->obtenerNovedades()
 6 SYSTEMPATH/CodeIgniter.php(919): App\Controllers\Empresa\Supervisores->novedades()
 7 SYSTEMPATH/CodeIgniter.php(494): CodeIgniter\CodeIgniter->runController()
 8 SYSTEMPATH/CodeIgniter.php(353): CodeIgniter\CodeIgniter->handleRequest()
 9 FCPATH/index.php(79): CodeIgniter\CodeIgniter->run()
ERROR - 2024-07-31 08:48:08 --> mysqli_sql_exception: Unknown column 'id_empresa' in 'where clause' in /home/u826814276/domains/rondero360.com/public_html/system/Database/MySQLi/Connection.php:306
Stack trace:
#0 /home/u826814276/domains/rondero360.com/public_html/system/Database/MySQLi/Connection.php(306): mysqli->query()
#1 /home/u826814276/domains/rondero360.com/public_html/system/Database/BaseConnection.php(692): CodeIgniter\Database\MySQLi\Connection->execute()
#2 /home/u826814276/domains/rondero360.com/public_html/system/Database/BaseConnection.php(606): CodeIgniter\Database\BaseConnection->simpleQuery()
#3 /home/u826814276/domains/rondero360.com/public_html/system/Database/BaseBuilder.php(1615): CodeIgniter\Database\BaseConnection->query()
#4 /home/u826814276/domains/rondero360.com/public_html/system/Model.php(237): CodeIgniter\Database\BaseBuilder->get()
#5 /home/u826814276/domains/rondero360.com/public_html/system/BaseModel.php(624): CodeIgniter\Model->doFindAll()
#6 /home/u826814276/domains/rondero360.com/public_html/app/Models/NovedadesSupervisoresModel.php(20): CodeIgniter\BaseModel->findAll()
#7 /home/u826814276/domains/rondero360.com/public_html/app/Controllers/Empresa/Supervisores.php(590): App\Models\NovedadesSupervisoresModel->obtenerNovedades()
#8 /home/u826814276/domains/rondero360.com/public_html/system/CodeIgniter.php(919): App\Controllers\Empresa\Supervisores->novedades()
#9 /home/u826814276/domains/rondero360.com/public_html/system/CodeIgniter.php(494): CodeIgniter\CodeIgniter->runController()
#10 /home/u826814276/domains/rondero360.com/public_html/system/CodeIgniter.php(353): CodeIgniter\CodeIgniter->handleRequest()
#11 /home/u826814276/domains/rondero360.com/public_html/index.php(79): CodeIgniter\CodeIgniter->run()
#12 {main}
CRITICAL - 2024-07-31 08:48:08 --> Unknown column 'id_empresa' in 'where clause'
in SYSTEMPATH/Database/BaseConnection.php on line 646.
 1 SYSTEMPATH/Database/BaseBuilder.php(1615): CodeIgniter\Database\BaseConnection->query()
 2 SYSTEMPATH/Model.php(237): CodeIgniter\Database\BaseBuilder->get()
 3 SYSTEMPATH/BaseModel.php(624): CodeIgniter\Model->doFindAll()
 4 APPPATH/Models/NovedadesSupervisoresModel.php(20): CodeIgniter\BaseModel->findAll()
 5 APPPATH/Controllers/Empresa/Supervisores.php(590): App\Models\NovedadesSupervisoresModel->obtenerNovedades()
 6 SYSTEMPATH/CodeIgniter.php(919): App\Controllers\Empresa\Supervisores->novedades()
 7 SYSTEMPATH/CodeIgniter.php(494): CodeIgniter\CodeIgniter->runController()
 8 SYSTEMPATH/CodeIgniter.php(353): CodeIgniter\CodeIgniter->handleRequest()
 9 FCPATH/index.php(79): CodeIgniter\CodeIgniter->run()
ERROR - 2024-07-31 08:48:09 --> mysqli_sql_exception: Unknown column 'id_empresa' in 'where clause' in /home/u826814276/domains/rondero360.com/public_html/system/Database/MySQLi/Connection.php:306
Stack trace:
#0 /home/u826814276/domains/rondero360.com/public_html/system/Database/MySQLi/Connection.php(306): mysqli->query()
#1 /home/u826814276/domains/rondero360.com/public_html/system/Database/BaseConnection.php(692): CodeIgniter\Database\MySQLi\Connection->execute()
#2 /home/u826814276/domains/rondero360.com/public_html/system/Database/BaseConnection.php(606): CodeIgniter\Database\BaseConnection->simpleQuery()
#3 /home/u826814276/domains/rondero360.com/public_html/system/Database/BaseBuilder.php(1615): CodeIgniter\Database\BaseConnection->query()
#4 /home/u826814276/domains/rondero360.com/public_html/system/Model.php(237): CodeIgniter\Database\BaseBuilder->get()
#5 /home/u826814276/domains/rondero360.com/public_html/system/BaseModel.php(624): CodeIgniter\Model->doFindAll()
#6 /home/u826814276/domains/rondero360.com/public_html/app/Models/NovedadesSupervisoresModel.php(20): CodeIgniter\BaseModel->findAll()
#7 /home/u826814276/domains/rondero360.com/public_html/app/Controllers/Empresa/Supervisores.php(590): App\Models\NovedadesSupervisoresModel->obtenerNovedades()
#8 /home/u826814276/domains/rondero360.com/public_html/system/CodeIgniter.php(919): App\Controllers\Empresa\Supervisores->novedades()
#9 /home/u826814276/domains/rondero360.com/public_html/system/CodeIgniter.php(494): CodeIgniter\CodeIgniter->runController()
#10 /home/u826814276/domains/rondero360.com/public_html/system/CodeIgniter.php(353): CodeIgniter\CodeIgniter->handleRequest()
#11 /home/u826814276/domains/rondero360.com/public_html/index.php(79): CodeIgniter\CodeIgniter->run()
#12 {main}
CRITICAL - 2024-07-31 08:48:09 --> Unknown column 'id_empresa' in 'where clause'
in SYSTEMPATH/Database/BaseConnection.php on line 646.
 1 SYSTEMPATH/Database/BaseBuilder.php(1615): CodeIgniter\Database\BaseConnection->query()
 2 SYSTEMPATH/Model.php(237): CodeIgniter\Database\BaseBuilder->get()
 3 SYSTEMPATH/BaseModel.php(624): CodeIgniter\Model->doFindAll()
 4 APPPATH/Models/NovedadesSupervisoresModel.php(20): CodeIgniter\BaseModel->findAll()
 5 APPPATH/Controllers/Empresa/Supervisores.php(590): App\Models\NovedadesSupervisoresModel->obtenerNovedades()
 6 SYSTEMPATH/CodeIgniter.php(919): App\Controllers\Empresa\Supervisores->novedades()
 7 SYSTEMPATH/CodeIgniter.php(494): CodeIgniter\CodeIgniter->runController()
 8 SYSTEMPATH/CodeIgniter.php(353): CodeIgniter\CodeIgniter->handleRequest()
 9 FCPATH/index.php(79): CodeIgniter\CodeIgniter->run()
ERROR - 2024-07-31 08:49:18 --> mysqli_sql_exception: Unknown column 'id_empresa' in 'where clause' in /home/u826814276/domains/rondero360.com/public_html/system/Database/MySQLi/Connection.php:306
Stack trace:
#0 /home/u826814276/domains/rondero360.com/public_html/system/Database/MySQLi/Connection.php(306): mysqli->query()
#1 /home/u826814276/domains/rondero360.com/public_html/system/Database/BaseConnection.php(692): CodeIgniter\Database\MySQLi\Connection->execute()
#2 /home/u826814276/domains/rondero360.com/public_html/system/Database/BaseConnection.php(606): CodeIgniter\Database\BaseConnection->simpleQuery()
#3 /home/u826814276/domains/rondero360.com/public_html/system/Database/BaseBuilder.php(1615): CodeIgniter\Database\BaseConnection->query()
#4 /home/u826814276/domains/rondero360.com/public_html/system/Model.php(237): CodeIgniter\Database\BaseBuilder->get()
#5 /home/u826814276/domains/rondero360.com/public_html/system/BaseModel.php(624): CodeIgniter\Model->doFindAll()
#6 /home/u826814276/domains/rondero360.com/public_html/app/Models/NovedadesSupervisoresModel.php(20): CodeIgniter\BaseModel->findAll()
#7 /home/u826814276/domains/rondero360.com/public_html/app/Controllers/Empresa/Supervisores.php(590): App\Models\NovedadesSupervisoresModel->obtenerNovedades()
#8 /home/u826814276/domains/rondero360.com/public_html/system/CodeIgniter.php(919): App\Controllers\Empresa\Supervisores->novedades()
#9 /home/u826814276/domains/rondero360.com/public_html/system/CodeIgniter.php(494): CodeIgniter\CodeIgniter->runController()
#10 /home/u826814276/domains/rondero360.com/public_html/system/CodeIgniter.php(353): CodeIgniter\CodeIgniter->handleRequest()
#11 /home/u826814276/domains/rondero360.com/public_html/index.php(79): CodeIgniter\CodeIgniter->run()
#12 {main}
CRITICAL - 2024-07-31 08:49:18 --> Unknown column 'id_empresa' in 'where clause'
in SYSTEMPATH/Database/BaseConnection.php on line 646.
 1 SYSTEMPATH/Database/BaseBuilder.php(1615): CodeIgniter\Database\BaseConnection->query()
 2 SYSTEMPATH/Model.php(237): CodeIgniter\Database\BaseBuilder->get()
 3 SYSTEMPATH/BaseModel.php(624): CodeIgniter\Model->doFindAll()
 4 APPPATH/Models/NovedadesSupervisoresModel.php(20): CodeIgniter\BaseModel->findAll()
 5 APPPATH/Controllers/Empresa/Supervisores.php(590): App\Models\NovedadesSupervisoresModel->obtenerNovedades()
 6 SYSTEMPATH/CodeIgniter.php(919): App\Controllers\Empresa\Supervisores->novedades()
 7 SYSTEMPATH/CodeIgniter.php(494): CodeIgniter\CodeIgniter->runController()
 8 SYSTEMPATH/CodeIgniter.php(353): CodeIgniter\CodeIgniter->handleRequest()
 9 FCPATH/index.php(79): CodeIgniter\CodeIgniter->run()
CRITICAL - 2024-07-31 08:49:54 --> Too few arguments to function App\Models\NovedadesSupervisoresModel::obtenerNovedades(), 0 passed in /home/u826814276/domains/rondero360.com/public_html/app/Controllers/Empresa/Supervisores.php on line 590 and exactly 1 expected
in APPPATH/Models/NovedadesSupervisoresModel.php on line 17.
 1 APPPATH/Controllers/Empresa/Supervisores.php(590): App\Models\NovedadesSupervisoresModel->obtenerNovedades()
 2 SYSTEMPATH/CodeIgniter.php(919): App\Controllers\Empresa\Supervisores->novedades()
 3 SYSTEMPATH/CodeIgniter.php(494): CodeIgniter\CodeIgniter->runController()
 4 SYSTEMPATH/CodeIgniter.php(353): CodeIgniter\CodeIgniter->handleRequest()
 5 FCPATH/index.php(79): CodeIgniter\CodeIgniter->run()
CRITICAL - 2024-07-31 08:49:56 --> Too few arguments to function App\Models\NovedadesSupervisoresModel::obtenerNovedades(), 0 passed in /home/u826814276/domains/rondero360.com/public_html/app/Controllers/Empresa/Supervisores.php on line 590 and exactly 1 expected
in APPPATH/Models/NovedadesSupervisoresModel.php on line 17.
 1 APPPATH/Controllers/Empresa/Supervisores.php(590): App\Models\NovedadesSupervisoresModel->obtenerNovedades()
 2 SYSTEMPATH/CodeIgniter.php(919): App\Controllers\Empresa\Supervisores->novedades()
 3 SYSTEMPATH/CodeIgniter.php(494): CodeIgniter\CodeIgniter->runController()
 4 SYSTEMPATH/CodeIgniter.php(353): CodeIgniter\CodeIgniter->handleRequest()
 5 FCPATH/index.php(79): CodeIgniter\CodeIgniter->run()
CRITICAL - 2024-07-31 08:49:56 --> Too few arguments to function App\Models\NovedadesSupervisoresModel::obtenerNovedades(), 0 passed in /home/u826814276/domains/rondero360.com/public_html/app/Controllers/Empresa/Supervisores.php on line 590 and exactly 1 expected
in APPPATH/Models/NovedadesSupervisoresModel.php on line 17.
 1 APPPATH/Controllers/Empresa/Supervisores.php(590): App\Models\NovedadesSupervisoresModel->obtenerNovedades()
 2 SYSTEMPATH/CodeIgniter.php(919): App\Controllers\Empresa\Supervisores->novedades()
 3 SYSTEMPATH/CodeIgniter.php(494): CodeIgniter\CodeIgniter->runController()
 4 SYSTEMPATH/CodeIgniter.php(353): CodeIgniter\CodeIgniter->handleRequest()
 5 FCPATH/index.php(79): CodeIgniter\CodeIgniter->run()
CRITICAL - 2024-07-31 09:18:49 --> Trying to access array offset on value of type null
in APPPATH/Views/coordinadores/codigos/detalle-codigo.php on line 183.
 1 APPPATH/Views/coordinadores/codigos/detalle-codigo.php(183): CodeIgniter\Debug\Exceptions->errorHandler()
 2 SYSTEMPATH/View/View.php(226): include('/home/u826814276/domains/rondero360.com/public_html/app/Views/coordinadores/codigos/detalle-codigo.php')
 3 SYSTEMPATH/View/View.php(229): CodeIgniter\View\View->CodeIgniter\View\{closure}()
 4 SYSTEMPATH/Common.php(1188): CodeIgniter\View\View->render()
 5 APPPATH/Controllers/Coordinador/Codigos.php(81): view()
 6 SYSTEMPATH/CodeIgniter.php(919): App\Controllers\Coordinador\Codigos->detalle()
 7 SYSTEMPATH/CodeIgniter.php(494): CodeIgniter\CodeIgniter->runController()
 8 SYSTEMPATH/CodeIgniter.php(353): CodeIgniter\CodeIgniter->handleRequest()
 9 FCPATH/index.php(79): CodeIgniter\CodeIgniter->run()
CRITICAL - 2024-07-31 19:41:37 --> Trying to access array offset on value of type null
in APPPATH/Views/empresa/horarios/lista-horarios.php on line 82.
 1 APPPATH/Views/empresa/horarios/lista-horarios.php(82): CodeIgniter\Debug\Exceptions->errorHandler()
 2 SYSTEMPATH/View/View.php(226): include('/home/u826814276/domains/rondero360.com/public_html/app/Views/empresa/horarios/lista-horarios.php')
 3 SYSTEMPATH/View/View.php(229): CodeIgniter\View\View->CodeIgniter\View\{closure}()
 4 SYSTEMPATH/Common.php(1188): CodeIgniter\View\View->render()
 5 APPPATH/Controllers/Empresa/Horarios.php(58): view()
 6 SYSTEMPATH/CodeIgniter.php(919): App\Controllers\Empresa\Horarios->index()
 7 SYSTEMPATH/CodeIgniter.php(494): CodeIgniter\CodeIgniter->runController()
 8 SYSTEMPATH/CodeIgniter.php(353): CodeIgniter\CodeIgniter->handleRequest()
 9 FCPATH/index.php(79): CodeIgniter\CodeIgniter->run()
CRITICAL - 2024-07-31 19:41:40 --> Trying to access array offset on value of type null
in APPPATH/Views/empresa/horarios/lista-horarios.php on line 82.
 1 APPPATH/Views/empresa/horarios/lista-horarios.php(82): CodeIgniter\Debug\Exceptions->errorHandler()
 2 SYSTEMPATH/View/View.php(226): include('/home/u826814276/domains/rondero360.com/public_html/app/Views/empresa/horarios/lista-horarios.php')
 3 SYSTEMPATH/View/View.php(229): CodeIgniter\View\View->CodeIgniter\View\{closure}()
 4 SYSTEMPATH/Common.php(1188): CodeIgniter\View\View->render()
 5 APPPATH/Controllers/Empresa/Horarios.php(58): view()
 6 SYSTEMPATH/CodeIgniter.php(919): App\Controllers\Empresa\Horarios->index()
 7 SYSTEMPATH/CodeIgniter.php(494): CodeIgniter\CodeIgniter->runController()
 8 SYSTEMPATH/CodeIgniter.php(353): CodeIgniter\CodeIgniter->handleRequest()
 9 FCPATH/index.php(79): CodeIgniter\CodeIgniter->run()
