CRITICAL - 2024-01-10 10:46:06 --> Trying to access array offset on value of type null
in APPPATH/Views/company/puestos/detalle-puesto.php on line 86.
 1 APPPATH/Views/company/puestos/detalle-puesto.php(86): CodeIgniter\Debug\Exceptions->errorHandler()
 2 SYSTEMPATH/View/View.php(226): include('/home/u826814276/domains/rondero360.com/public_html/app/Views/company/puestos/detalle-puesto.php')
 3 SYSTEMPATH/View/View.php(229): CodeIgniter\View\View->CodeIgniter\View\{closure}()
 4 SYSTEMPATH/Common.php(1188): CodeIgniter\View\View->render()
 5 APPPATH/Controllers/Company/Puestos.php(65): view()
 6 SYSTEMPATH/CodeIgniter.php(919): App\Controllers\Company\Puestos->detalle()
 7 SYSTEMPATH/CodeIgniter.php(494): CodeIgniter\CodeIgniter->runController()
 8 SYSTEMPATH/CodeIgniter.php(353): CodeIgniter\CodeIgniter->handleRequest()
 9 FCPATH/index.php(79): CodeIgniter\CodeIgniter->run()
ERROR - 2024-01-10 11:33:29 --> mysqli_sql_exception: Duplicate entry 'rodaheva@gmail.com' for key 'correo_usuario' in /home/u826814276/domains/rondero360.com/public_html/system/Database/MySQLi/Connection.php:306
Stack trace:
#0 /home/u826814276/domains/rondero360.com/public_html/system/Database/MySQLi/Connection.php(306): mysqli->query()
#1 /home/u826814276/domains/rondero360.com/public_html/system/Database/BaseConnection.php(692): CodeIgniter\Database\MySQLi\Connection->execute()
#2 /home/u826814276/domains/rondero360.com/public_html/system/Database/BaseConnection.php(606): CodeIgniter\Database\BaseConnection->simpleQuery()
#3 /home/u826814276/domains/rondero360.com/public_html/system/Database/BaseBuilder.php(2308): CodeIgniter\Database\BaseConnection->query()
#4 /home/u826814276/domains/rondero360.com/public_html/system/Model.php(319): CodeIgniter\Database\BaseBuilder->insert()
#5 /home/u826814276/domains/rondero360.com/public_html/system/BaseModel.php(788): CodeIgniter\Model->doInsert()
#6 /home/u826814276/domains/rondero360.com/public_html/system/Model.php(715): CodeIgniter\BaseModel->insert()
#7 /home/u826814276/domains/rondero360.com/public_html/app/Models/UsuariosModel.php(43): CodeIgniter\Model->insert()
#8 /home/u826814276/domains/rondero360.com/public_html/app/Controllers/Company/Usuarios.php(124): App\Models\UsuariosModel->crearUsuario()
#9 /home/u826814276/domains/rondero360.com/public_html/system/CodeIgniter.php(919): App\Controllers\Company\Usuarios->crear()
#10 /home/u826814276/domains/rondero360.com/public_html/system/CodeIgniter.php(494): CodeIgniter\CodeIgniter->runController()
#11 /home/u826814276/domains/rondero360.com/public_html/system/CodeIgniter.php(353): CodeIgniter\CodeIgniter->handleRequest()
#12 /home/u826814276/domains/rondero360.com/public_html/index.php(79): CodeIgniter\CodeIgniter->run()
#13 {main}
CRITICAL - 2024-01-10 11:33:29 --> Duplicate entry 'rodaheva@gmail.com' for key 'correo_usuario'
in SYSTEMPATH/Database/BaseConnection.php on line 646.
 1 SYSTEMPATH/Database/BaseBuilder.php(2308): CodeIgniter\Database\BaseConnection->query()
 2 SYSTEMPATH/Model.php(319): CodeIgniter\Database\BaseBuilder->insert()
 3 SYSTEMPATH/BaseModel.php(788): CodeIgniter\Model->doInsert()
 4 SYSTEMPATH/Model.php(715): CodeIgniter\BaseModel->insert()
 5 APPPATH/Models/UsuariosModel.php(43): CodeIgniter\Model->insert()
 6 APPPATH/Controllers/Company/Usuarios.php(124): App\Models\UsuariosModel->crearUsuario()
 7 SYSTEMPATH/CodeIgniter.php(919): App\Controllers\Company\Usuarios->crear()
 8 SYSTEMPATH/CodeIgniter.php(494): CodeIgniter\CodeIgniter->runController()
 9 SYSTEMPATH/CodeIgniter.php(353): CodeIgniter\CodeIgniter->handleRequest()
10 FCPATH/index.php(79): CodeIgniter\CodeIgniter->run()
ERROR - 2024-01-10 11:33:34 --> mysqli_sql_exception: Duplicate entry 'rodaheva@gmail.com' for key 'correo_usuario' in /home/u826814276/domains/rondero360.com/public_html/system/Database/MySQLi/Connection.php:306
Stack trace:
#0 /home/u826814276/domains/rondero360.com/public_html/system/Database/MySQLi/Connection.php(306): mysqli->query()
#1 /home/u826814276/domains/rondero360.com/public_html/system/Database/BaseConnection.php(692): CodeIgniter\Database\MySQLi\Connection->execute()
#2 /home/u826814276/domains/rondero360.com/public_html/system/Database/BaseConnection.php(606): CodeIgniter\Database\BaseConnection->simpleQuery()
#3 /home/u826814276/domains/rondero360.com/public_html/system/Database/BaseBuilder.php(2308): CodeIgniter\Database\BaseConnection->query()
#4 /home/u826814276/domains/rondero360.com/public_html/system/Model.php(319): CodeIgniter\Database\BaseBuilder->insert()
#5 /home/u826814276/domains/rondero360.com/public_html/system/BaseModel.php(788): CodeIgniter\Model->doInsert()
#6 /home/u826814276/domains/rondero360.com/public_html/system/Model.php(715): CodeIgniter\BaseModel->insert()
#7 /home/u826814276/domains/rondero360.com/public_html/app/Models/UsuariosModel.php(43): CodeIgniter\Model->insert()
#8 /home/u826814276/domains/rondero360.com/public_html/app/Controllers/Company/Usuarios.php(124): App\Models\UsuariosModel->crearUsuario()
#9 /home/u826814276/domains/rondero360.com/public_html/system/CodeIgniter.php(919): App\Controllers\Company\Usuarios->crear()
#10 /home/u826814276/domains/rondero360.com/public_html/system/CodeIgniter.php(494): CodeIgniter\CodeIgniter->runController()
#11 /home/u826814276/domains/rondero360.com/public_html/system/CodeIgniter.php(353): CodeIgniter\CodeIgniter->handleRequest()
#12 /home/u826814276/domains/rondero360.com/public_html/index.php(79): CodeIgniter\CodeIgniter->run()
#13 {main}
CRITICAL - 2024-01-10 11:33:34 --> Duplicate entry 'rodaheva@gmail.com' for key 'correo_usuario'
in SYSTEMPATH/Database/BaseConnection.php on line 646.
 1 SYSTEMPATH/Database/BaseBuilder.php(2308): CodeIgniter\Database\BaseConnection->query()
 2 SYSTEMPATH/Model.php(319): CodeIgniter\Database\BaseBuilder->insert()
 3 SYSTEMPATH/BaseModel.php(788): CodeIgniter\Model->doInsert()
 4 SYSTEMPATH/Model.php(715): CodeIgniter\BaseModel->insert()
 5 APPPATH/Models/UsuariosModel.php(43): CodeIgniter\Model->insert()
 6 APPPATH/Controllers/Company/Usuarios.php(124): App\Models\UsuariosModel->crearUsuario()
 7 SYSTEMPATH/CodeIgniter.php(919): App\Controllers\Company\Usuarios->crear()
 8 SYSTEMPATH/CodeIgniter.php(494): CodeIgniter\CodeIgniter->runController()
 9 SYSTEMPATH/CodeIgniter.php(353): CodeIgniter\CodeIgniter->handleRequest()
10 FCPATH/index.php(79): CodeIgniter\CodeIgniter->run()
INFO - 2024-01-10 14:53:44 --> Session: Class initialized using 'CodeIgniter\Session\Handlers\FileHandler' driver.
INFO - 2024-01-10 14:53:45 --> Session: Class initialized using 'CodeIgniter\Session\Handlers\FileHandler' driver.
INFO - 2024-01-10 14:53:50 --> Session: Class initialized using 'CodeIgniter\Session\Handlers\FileHandler' driver.
INFO - 2024-01-10 14:53:50 --> Session: Class initialized using 'CodeIgniter\Session\Handlers\FileHandler' driver.
INFO - 2024-01-10 14:56:33 --> Session: Class initialized using 'CodeIgniter\Session\Handlers\FileHandler' driver.
INFO - 2024-01-10 14:57:09 --> Session: Class initialized using 'CodeIgniter\Session\Handlers\FileHandler' driver.
INFO - 2024-01-10 15:00:06 --> Session: Class initialized using 'CodeIgniter\Session\Handlers\FileHandler' driver.
INFO - 2024-01-10 15:00:09 --> Session: Class initialized using 'CodeIgniter\Session\Handlers\FileHandler' driver.
INFO - 2024-01-10 15:00:10 --> Session: Class initialized using 'CodeIgniter\Session\Handlers\FileHandler' driver.
INFO - 2024-01-10 15:00:12 --> Session: Class initialized using 'CodeIgniter\Session\Handlers\FileHandler' driver.
INFO - 2024-01-10 15:00:14 --> Session: Class initialized using 'CodeIgniter\Session\Handlers\FileHandler' driver.
INFO - 2024-01-10 15:00:20 --> Session: Class initialized using 'CodeIgniter\Session\Handlers\FileHandler' driver.
INFO - 2024-01-10 15:01:16 --> Session: Class initialized using 'CodeIgniter\Session\Handlers\FileHandler' driver.
INFO - 2024-01-10 15:01:19 --> Session: Class initialized using 'CodeIgniter\Session\Handlers\FileHandler' driver.
INFO - 2024-01-10 15:01:20 --> Session: Class initialized using 'CodeIgniter\Session\Handlers\FileHandler' driver.
INFO - 2024-01-10 15:01:23 --> Session: Class initialized using 'CodeIgniter\Session\Handlers\FileHandler' driver.
INFO - 2024-01-10 15:01:24 --> Session: Class initialized using 'CodeIgniter\Session\Handlers\FileHandler' driver.
INFO - 2024-01-10 15:01:32 --> Session: Class initialized using 'CodeIgniter\Session\Handlers\FileHandler' driver.
INFO - 2024-01-10 15:02:14 --> Session: Class initialized using 'CodeIgniter\Session\Handlers\FileHandler' driver.
INFO - 2024-01-10 15:02:18 --> Session: Class initialized using 'CodeIgniter\Session\Handlers\FileHandler' driver.
INFO - 2024-01-10 15:02:18 --> Session: Class initialized using 'CodeIgniter\Session\Handlers\FileHandler' driver.
INFO - 2024-01-10 15:02:22 --> Session: Class initialized using 'CodeIgniter\Session\Handlers\FileHandler' driver.
INFO - 2024-01-10 15:02:22 --> Session: Class initialized using 'CodeIgniter\Session\Handlers\FileHandler' driver.
INFO - 2024-01-10 15:02:34 --> Session: Class initialized using 'CodeIgniter\Session\Handlers\FileHandler' driver.
INFO - 2024-01-10 15:02:48 --> Session: Class initialized using 'CodeIgniter\Session\Handlers\FileHandler' driver.
INFO - 2024-01-10 15:02:49 --> Session: Class initialized using 'CodeIgniter\Session\Handlers\FileHandler' driver.
INFO - 2024-01-10 15:04:28 --> Session: Class initialized using 'CodeIgniter\Session\Handlers\FileHandler' driver.
INFO - 2024-01-10 15:04:28 --> Session: Class initialized using 'CodeIgniter\Session\Handlers\FileHandler' driver.
INFO - 2024-01-10 15:05:06 --> Session: Class initialized using 'CodeIgniter\Session\Handlers\FileHandler' driver.
INFO - 2024-01-10 15:05:08 --> Session: Class initialized using 'CodeIgniter\Session\Handlers\FileHandler' driver.
INFO - 2024-01-10 15:05:12 --> Session: Class initialized using 'CodeIgniter\Session\Handlers\FileHandler' driver.
INFO - 2024-01-10 15:07:02 --> Session: Class initialized using 'CodeIgniter\Session\Handlers\FileHandler' driver.
INFO - 2024-01-10 15:18:49 --> Session: Class initialized using 'CodeIgniter\Session\Handlers\FileHandler' driver.
INFO - 2024-01-10 15:18:49 --> Session: Class initialized using 'CodeIgniter\Session\Handlers\FileHandler' driver.
INFO - 2024-01-10 15:18:54 --> Session: Class initialized using 'CodeIgniter\Session\Handlers\FileHandler' driver.
INFO - 2024-01-10 15:18:55 --> Session: Class initialized using 'CodeIgniter\Session\Handlers\FileHandler' driver.
INFO - 2024-01-10 15:20:25 --> Session: Class initialized using 'CodeIgniter\Session\Handlers\FileHandler' driver.
INFO - 2024-01-10 15:20:25 --> Session: Class initialized using 'CodeIgniter\Session\Handlers\FileHandler' driver.
INFO - 2024-01-10 15:20:29 --> Session: Class initialized using 'CodeIgniter\Session\Handlers\FileHandler' driver.
INFO - 2024-01-10 15:20:30 --> Session: Class initialized using 'CodeIgniter\Session\Handlers\FileHandler' driver.
INFO - 2024-01-10 15:20:52 --> Session: Class initialized using 'CodeIgniter\Session\Handlers\FileHandler' driver.
INFO - 2024-01-10 15:21:00 --> Session: Class initialized using 'CodeIgniter\Session\Handlers\FileHandler' driver.
INFO - 2024-01-10 15:23:46 --> Session: Class initialized using 'CodeIgniter\Session\Handlers\FileHandler' driver.
INFO - 2024-01-10 15:25:44 --> Session: Class initialized using 'CodeIgniter\Session\Handlers\FileHandler' driver.
INFO - 2024-01-10 15:25:46 --> Session: Class initialized using 'CodeIgniter\Session\Handlers\FileHandler' driver.
INFO - 2024-01-10 15:28:21 --> Session: Class initialized using 'CodeIgniter\Session\Handlers\FileHandler' driver.
INFO - 2024-01-10 15:32:37 --> Session: Class initialized using 'CodeIgniter\Session\Handlers\FileHandler' driver.
INFO - 2024-01-10 15:39:29 --> Session: Class initialized using 'CodeIgniter\Session\Handlers\FileHandler' driver.
INFO - 2024-01-10 15:40:01 --> Session: Class initialized using 'CodeIgniter\Session\Handlers\FileHandler' driver.
INFO - 2024-01-10 15:40:45 --> Session: Class initialized using 'CodeIgniter\Session\Handlers\FileHandler' driver.
CRITICAL - 2024-01-10 15:40:45 --> Object of class App\Models\CodigosModel could not be converted to string
in APPPATH/Models/CodigosModel.php on line 23.
 1 APPPATH/Controllers/Admin/Codigos.php(159): App\Models\CodigosModel->obtenerCodigosExportar()
 2 SYSTEMPATH/CodeIgniter.php(919): App\Controllers\Admin\Codigos->exportar()
 3 SYSTEMPATH/CodeIgniter.php(494): CodeIgniter\CodeIgniter->runController()
 4 SYSTEMPATH/CodeIgniter.php(353): CodeIgniter\CodeIgniter->handleRequest()
 5 FCPATH/index.php(79): CodeIgniter\CodeIgniter->run()
INFO - 2024-01-10 15:42:20 --> Session: Class initialized using 'CodeIgniter\Session\Handlers\FileHandler' driver.
CRITICAL - 2024-01-10 15:42:20 --> Call to undefined method CodeIgniter\HTTP\DownloadResponse::deleteFileAfterSend()
in APPPATH/Controllers/Admin/Codigos.php on line 176.
 1 SYSTEMPATH/CodeIgniter.php(919): App\Controllers\Admin\Codigos->exportar()
 2 SYSTEMPATH/CodeIgniter.php(494): CodeIgniter\CodeIgniter->runController()
 3 SYSTEMPATH/CodeIgniter.php(353): CodeIgniter\CodeIgniter->handleRequest()
 4 FCPATH/index.php(79): CodeIgniter\CodeIgniter->run()
INFO - 2024-01-10 15:43:12 --> Session: Class initialized using 'CodeIgniter\Session\Handlers\FileHandler' driver.
INFO - 2024-01-10 15:47:28 --> Session: Class initialized using 'CodeIgniter\Session\Handlers\FileHandler' driver.
INFO - 2024-01-10 15:49:32 --> Session: Class initialized using 'CodeIgniter\Session\Handlers\FileHandler' driver.
INFO - 2024-01-10 15:51:24 --> Session: Class initialized using 'CodeIgniter\Session\Handlers\FileHandler' driver.
INFO - 2024-01-10 15:51:37 --> Session: Class initialized using 'CodeIgniter\Session\Handlers\FileHandler' driver.
INFO - 2024-01-10 15:51:44 --> Session: Class initialized using 'CodeIgniter\Session\Handlers\FileHandler' driver.
INFO - 2024-01-10 15:57:47 --> Session: Class initialized using 'CodeIgniter\Session\Handlers\FileHandler' driver.
INFO - 2024-01-10 17:36:49 --> Session: Class initialized using 'CodeIgniter\Session\Handlers\FileHandler' driver.
INFO - 2024-01-10 18:32:52 --> Session: Class initialized using 'CodeIgniter\Session\Handlers\FileHandler' driver.
INFO - 2024-01-10 19:24:21 --> Session: Class initialized using 'CodeIgniter\Session\Handlers\FileHandler' driver.
INFO - 2024-01-10 19:24:53 --> Session: Class initialized using 'CodeIgniter\Session\Handlers\FileHandler' driver.
INFO - 2024-01-10 21:19:46 --> Session: Class initialized using 'CodeIgniter\Session\Handlers\FileHandler' driver.
INFO - 2024-01-10 22:28:05 --> Session: Class initialized using 'CodeIgniter\Session\Handlers\FileHandler' driver.
INFO - 2024-01-10 22:28:29 --> Session: Class initialized using 'CodeIgniter\Session\Handlers\FileHandler' driver.
INFO - 2024-01-10 22:32:04 --> Session: Class initialized using 'CodeIgniter\Session\Handlers\FileHandler' driver.
