INFO - 2025-05-19 10:54:26 --> Session: Class initialized using 'CodeIgniter\Session\Handlers\FileHandler' driver.
INFO - 2025-05-19 11:23:41 --> Session: Class initialized using 'CodeIgniter\Session\Handlers\FileHandler' driver.
INFO - 2025-05-19 11:28:36 --> Session: Class initialized using 'CodeIgniter\Session\Handlers\FileHandler' driver.
INFO - 2025-05-19 12:37:21 --> Session: Class initialized using 'CodeIgniter\Session\Handlers\FileHandler' driver.
INFO - 2025-05-19 12:37:41 --> Session: Class initialized using 'CodeIgniter\Session\Handlers\FileHandler' driver.
INFO - 2025-05-19 12:37:52 --> Session: Class initialized using 'CodeIgniter\Session\Handlers\FileHandler' driver.
INFO - 2025-05-19 13:30:15 --> Session: Class initialized using 'CodeIgniter\Session\Handlers\FileHandler' driver.
ERROR - 2025-05-19 13:30:15 --> mysqli_sql_exception: Cannot add or update a child row: a foreign key constraint fails (`u905615609_metrixprueba`.`tbl_acciones_ticket`, CONSTRAINT `tbl_acciones_ticket_ibfk_2` FOREIGN KEY (`ticket_id`) REFERENCES `tbl_tickets` (`id`) ON DELETE CASCADE ON UPDATE CASCADE) in C:\laragon\www\api\system\Database\MySQLi\Connection.php:306
Stack trace:
#0 C:\laragon\www\api\system\Database\MySQLi\Connection.php(306): mysqli->query('INSERT INTO `tb...', 0)
#1 C:\laragon\www\api\system\Database\BaseConnection.php(692): CodeIgniter\Database\MySQLi\Connection->execute('INSERT INTO `tb...')
#2 C:\laragon\www\api\system\Database\BaseConnection.php(606): CodeIgniter\Database\BaseConnection->simpleQuery('INSERT INTO `tb...')
#3 C:\laragon\www\api\system\Database\BaseBuilder.php(2308): CodeIgniter\Database\BaseConnection->query('INSERT INTO `tb...', Array, false)
#4 C:\laragon\www\api\system\Model.php(319): CodeIgniter\Database\BaseBuilder->insert()
#5 C:\laragon\www\api\system\BaseModel.php(788): CodeIgniter\Model->doInsert(Array)
#6 C:\laragon\www\api\system\Model.php(715): CodeIgniter\BaseModel->insert(Array, true)
#7 C:\laragon\www\api\app\Controllers\Incidencias.php(330): CodeIgniter\Model->insert(Array)
#8 C:\laragon\www\api\system\CodeIgniter.php(919): App\Controllers\Incidencias->actualizarEstado()
#9 C:\laragon\www\api\system\CodeIgniter.php(494): CodeIgniter\CodeIgniter->runController(Object(App\Controllers\Incidencias))
#10 C:\laragon\www\api\system\CodeIgniter.php(353): CodeIgniter\CodeIgniter->handleRequest(NULL, Object(Config\Cache), false)
#11 C:\laragon\www\api\public\index.php(80): CodeIgniter\CodeIgniter->run()
#12 C:\laragon\www\api\system\Commands\Server\rewrite.php(47): require_once('C:\\laragon\\www\\...')
#13 {main}
CRITICAL - 2025-05-19 13:30:15 --> Cannot add or update a child row: a foreign key constraint fails (`u905615609_metrixprueba`.`tbl_acciones_ticket`, CONSTRAINT `tbl_acciones_ticket_ibfk_2` FOREIGN KEY (`ticket_id`) REFERENCES `tbl_tickets` (`id`) ON DELETE CASCADE ON UPDATE CASCADE)
in SYSTEMPATH\Database\BaseConnection.php on line 646.
 1 SYSTEMPATH\Database\BaseBuilder.php(2308): CodeIgniter\Database\BaseConnection->query('INSERT INTO `tbl_acciones_ticket` (`descripcion`) VALUES (:descripcion:)', [...], false)
 2 SYSTEMPATH\Model.php(319): CodeIgniter\Database\BaseBuilder->insert()
 3 SYSTEMPATH\BaseModel.php(788): CodeIgniter\Model->doInsert([...])
 4 SYSTEMPATH\Model.php(715): CodeIgniter\BaseModel->insert([...], true)
 5 APPPATH\Controllers\Incidencias.php(330): CodeIgniter\Model->insert([...])
 6 SYSTEMPATH\CodeIgniter.php(919): App\Controllers\Incidencias->actualizarEstado()
 7 SYSTEMPATH\CodeIgniter.php(494): CodeIgniter\CodeIgniter->runController(Object(App\Controllers\Incidencias))
 8 SYSTEMPATH\CodeIgniter.php(353): CodeIgniter\CodeIgniter->handleRequest(null, Object(Config\Cache), false)
 9 FCPATH\index.php(80): CodeIgniter\CodeIgniter->run()
10 SYSTEMPATH\Commands\Server\rewrite.php(47): require_once('C:\\laragon\\www\\api\\public\\index.php')
INFO - 2025-05-19 13:30:40 --> Session: Class initialized using 'CodeIgniter\Session\Handlers\FileHandler' driver.
ERROR - 2025-05-19 13:30:40 --> mysqli_sql_exception: Cannot add or update a child row: a foreign key constraint fails (`u905615609_metrixprueba`.`tbl_acciones_ticket`, CONSTRAINT `tbl_acciones_ticket_ibfk_2` FOREIGN KEY (`ticket_id`) REFERENCES `tbl_tickets` (`id`) ON DELETE CASCADE ON UPDATE CASCADE) in C:\laragon\www\api\system\Database\MySQLi\Connection.php:306
Stack trace:
#0 C:\laragon\www\api\system\Database\MySQLi\Connection.php(306): mysqli->query('INSERT INTO `tb...', 0)
#1 C:\laragon\www\api\system\Database\BaseConnection.php(692): CodeIgniter\Database\MySQLi\Connection->execute('INSERT INTO `tb...')
#2 C:\laragon\www\api\system\Database\BaseConnection.php(606): CodeIgniter\Database\BaseConnection->simpleQuery('INSERT INTO `tb...')
#3 C:\laragon\www\api\system\Database\BaseBuilder.php(2308): CodeIgniter\Database\BaseConnection->query('INSERT INTO `tb...', Array, false)
#4 C:\laragon\www\api\system\Model.php(319): CodeIgniter\Database\BaseBuilder->insert()
#5 C:\laragon\www\api\system\BaseModel.php(788): CodeIgniter\Model->doInsert(Array)
#6 C:\laragon\www\api\system\Model.php(715): CodeIgniter\BaseModel->insert(Array, true)
#7 C:\laragon\www\api\app\Controllers\Incidencias.php(330): CodeIgniter\Model->insert(Array)
#8 C:\laragon\www\api\system\CodeIgniter.php(919): App\Controllers\Incidencias->actualizarEstado()
#9 C:\laragon\www\api\system\CodeIgniter.php(494): CodeIgniter\CodeIgniter->runController(Object(App\Controllers\Incidencias))
#10 C:\laragon\www\api\system\CodeIgniter.php(353): CodeIgniter\CodeIgniter->handleRequest(NULL, Object(Config\Cache), false)
#11 C:\laragon\www\api\public\index.php(80): CodeIgniter\CodeIgniter->run()
#12 C:\laragon\www\api\system\Commands\Server\rewrite.php(47): require_once('C:\\laragon\\www\\...')
#13 {main}
CRITICAL - 2025-05-19 13:30:40 --> Cannot add or update a child row: a foreign key constraint fails (`u905615609_metrixprueba`.`tbl_acciones_ticket`, CONSTRAINT `tbl_acciones_ticket_ibfk_2` FOREIGN KEY (`ticket_id`) REFERENCES `tbl_tickets` (`id`) ON DELETE CASCADE ON UPDATE CASCADE)
in SYSTEMPATH\Database\BaseConnection.php on line 646.
 1 SYSTEMPATH\Database\BaseBuilder.php(2308): CodeIgniter\Database\BaseConnection->query('INSERT INTO `tbl_acciones_ticket` (`descripcion`) VALUES (:descripcion:)', [...], false)
 2 SYSTEMPATH\Model.php(319): CodeIgniter\Database\BaseBuilder->insert()
 3 SYSTEMPATH\BaseModel.php(788): CodeIgniter\Model->doInsert([...])
 4 SYSTEMPATH\Model.php(715): CodeIgniter\BaseModel->insert([...], true)
 5 APPPATH\Controllers\Incidencias.php(330): CodeIgniter\Model->insert([...])
 6 SYSTEMPATH\CodeIgniter.php(919): App\Controllers\Incidencias->actualizarEstado()
 7 SYSTEMPATH\CodeIgniter.php(494): CodeIgniter\CodeIgniter->runController(Object(App\Controllers\Incidencias))
 8 SYSTEMPATH\CodeIgniter.php(353): CodeIgniter\CodeIgniter->handleRequest(null, Object(Config\Cache), false)
 9 FCPATH\index.php(80): CodeIgniter\CodeIgniter->run()
10 SYSTEMPATH\Commands\Server\rewrite.php(47): require_once('C:\\laragon\\www\\api\\public\\index.php')
INFO - 2025-05-19 13:33:31 --> Session: Class initialized using 'CodeIgniter\Session\Handlers\FileHandler' driver.
ERROR - 2025-05-19 13:33:31 --> mysqli_sql_exception: Cannot add or update a child row: a foreign key constraint fails (`u905615609_metrixprueba`.`tbl_acciones_ticket`, CONSTRAINT `tbl_acciones_ticket_ibfk_2` FOREIGN KEY (`ticket_id`) REFERENCES `tbl_tickets` (`id`) ON DELETE CASCADE ON UPDATE CASCADE) in C:\laragon\www\api\system\Database\MySQLi\Connection.php:306
Stack trace:
#0 C:\laragon\www\api\system\Database\MySQLi\Connection.php(306): mysqli->query('INSERT INTO `tb...', 0)
#1 C:\laragon\www\api\system\Database\BaseConnection.php(692): CodeIgniter\Database\MySQLi\Connection->execute('INSERT INTO `tb...')
#2 C:\laragon\www\api\system\Database\BaseConnection.php(606): CodeIgniter\Database\BaseConnection->simpleQuery('INSERT INTO `tb...')
#3 C:\laragon\www\api\system\Database\BaseBuilder.php(2308): CodeIgniter\Database\BaseConnection->query('INSERT INTO `tb...', Array, false)
#4 C:\laragon\www\api\system\Model.php(319): CodeIgniter\Database\BaseBuilder->insert()
#5 C:\laragon\www\api\system\BaseModel.php(788): CodeIgniter\Model->doInsert(Array)
#6 C:\laragon\www\api\system\Model.php(715): CodeIgniter\BaseModel->insert(Array, true)
#7 C:\laragon\www\api\app\Controllers\Incidencias.php(330): CodeIgniter\Model->insert(Array)
#8 C:\laragon\www\api\system\CodeIgniter.php(919): App\Controllers\Incidencias->actualizarEstado()
#9 C:\laragon\www\api\system\CodeIgniter.php(494): CodeIgniter\CodeIgniter->runController(Object(App\Controllers\Incidencias))
#10 C:\laragon\www\api\system\CodeIgniter.php(353): CodeIgniter\CodeIgniter->handleRequest(NULL, Object(Config\Cache), false)
#11 C:\laragon\www\api\public\index.php(80): CodeIgniter\CodeIgniter->run()
#12 C:\laragon\www\api\system\Commands\Server\rewrite.php(47): require_once('C:\\laragon\\www\\...')
#13 {main}
CRITICAL - 2025-05-19 13:33:31 --> Cannot add or update a child row: a foreign key constraint fails (`u905615609_metrixprueba`.`tbl_acciones_ticket`, CONSTRAINT `tbl_acciones_ticket_ibfk_2` FOREIGN KEY (`ticket_id`) REFERENCES `tbl_tickets` (`id`) ON DELETE CASCADE ON UPDATE CASCADE)
in SYSTEMPATH\Database\BaseConnection.php on line 646.
 1 SYSTEMPATH\Database\BaseBuilder.php(2308): CodeIgniter\Database\BaseConnection->query('INSERT INTO `tbl_acciones_ticket` (`descripcion`) VALUES (:descripcion:)', [...], false)
 2 SYSTEMPATH\Model.php(319): CodeIgniter\Database\BaseBuilder->insert()
 3 SYSTEMPATH\BaseModel.php(788): CodeIgniter\Model->doInsert([...])
 4 SYSTEMPATH\Model.php(715): CodeIgniter\BaseModel->insert([...], true)
 5 APPPATH\Controllers\Incidencias.php(330): CodeIgniter\Model->insert([...])
 6 SYSTEMPATH\CodeIgniter.php(919): App\Controllers\Incidencias->actualizarEstado()
 7 SYSTEMPATH\CodeIgniter.php(494): CodeIgniter\CodeIgniter->runController(Object(App\Controllers\Incidencias))
 8 SYSTEMPATH\CodeIgniter.php(353): CodeIgniter\CodeIgniter->handleRequest(null, Object(Config\Cache), false)
 9 FCPATH\index.php(80): CodeIgniter\CodeIgniter->run()
10 SYSTEMPATH\Commands\Server\rewrite.php(47): require_once('C:\\laragon\\www\\api\\public\\index.php')
INFO - 2025-05-19 13:33:51 --> Session: Class initialized using 'CodeIgniter\Session\Handlers\FileHandler' driver.
ERROR - 2025-05-19 13:33:51 --> mysqli_sql_exception: Cannot add or update a child row: a foreign key constraint fails (`u905615609_metrixprueba`.`tbl_acciones_ticket`, CONSTRAINT `tbl_acciones_ticket_ibfk_3` FOREIGN KEY (`usuario_id`) REFERENCES `tbl_usuarios` (`id`) ON DELETE CASCADE ON UPDATE CASCADE) in C:\laragon\www\api\system\Database\MySQLi\Connection.php:306
Stack trace:
#0 C:\laragon\www\api\system\Database\MySQLi\Connection.php(306): mysqli->query('INSERT INTO `tb...', 0)
#1 C:\laragon\www\api\system\Database\BaseConnection.php(692): CodeIgniter\Database\MySQLi\Connection->execute('INSERT INTO `tb...')
#2 C:\laragon\www\api\system\Database\BaseConnection.php(606): CodeIgniter\Database\BaseConnection->simpleQuery('INSERT INTO `tb...')
#3 C:\laragon\www\api\system\Database\BaseBuilder.php(2308): CodeIgniter\Database\BaseConnection->query('INSERT INTO `tb...', Array, false)
#4 C:\laragon\www\api\system\Model.php(319): CodeIgniter\Database\BaseBuilder->insert()
#5 C:\laragon\www\api\system\BaseModel.php(788): CodeIgniter\Model->doInsert(Array)
#6 C:\laragon\www\api\system\Model.php(715): CodeIgniter\BaseModel->insert(Array, true)
#7 C:\laragon\www\api\app\Controllers\Incidencias.php(330): CodeIgniter\Model->insert(Array)
#8 C:\laragon\www\api\system\CodeIgniter.php(919): App\Controllers\Incidencias->actualizarEstado()
#9 C:\laragon\www\api\system\CodeIgniter.php(494): CodeIgniter\CodeIgniter->runController(Object(App\Controllers\Incidencias))
#10 C:\laragon\www\api\system\CodeIgniter.php(353): CodeIgniter\CodeIgniter->handleRequest(NULL, Object(Config\Cache), false)
#11 C:\laragon\www\api\public\index.php(80): CodeIgniter\CodeIgniter->run()
#12 C:\laragon\www\api\system\Commands\Server\rewrite.php(47): require_once('C:\\laragon\\www\\...')
#13 {main}
CRITICAL - 2025-05-19 13:33:51 --> Cannot add or update a child row: a foreign key constraint fails (`u905615609_metrixprueba`.`tbl_acciones_ticket`, CONSTRAINT `tbl_acciones_ticket_ibfk_3` FOREIGN KEY (`usuario_id`) REFERENCES `tbl_usuarios` (`id`) ON DELETE CASCADE ON UPDATE CASCADE)
in SYSTEMPATH\Database\BaseConnection.php on line 646.
 1 SYSTEMPATH\Database\BaseBuilder.php(2308): CodeIgniter\Database\BaseConnection->query('INSERT INTO `tbl_acciones_ticket` (`ticket_id`, `descripcion`) VALUES (:ticket_id:, :descripcion:)', [...], false)
 2 SYSTEMPATH\Model.php(319): CodeIgniter\Database\BaseBuilder->insert()
 3 SYSTEMPATH\BaseModel.php(788): CodeIgniter\Model->doInsert([...])
 4 SYSTEMPATH\Model.php(715): CodeIgniter\BaseModel->insert([...], true)
 5 APPPATH\Controllers\Incidencias.php(330): CodeIgniter\Model->insert([...])
 6 SYSTEMPATH\CodeIgniter.php(919): App\Controllers\Incidencias->actualizarEstado()
 7 SYSTEMPATH\CodeIgniter.php(494): CodeIgniter\CodeIgniter->runController(Object(App\Controllers\Incidencias))
 8 SYSTEMPATH\CodeIgniter.php(353): CodeIgniter\CodeIgniter->handleRequest(null, Object(Config\Cache), false)
 9 FCPATH\index.php(80): CodeIgniter\CodeIgniter->run()
10 SYSTEMPATH\Commands\Server\rewrite.php(47): require_once('C:\\laragon\\www\\api\\public\\index.php')
INFO - 2025-05-19 13:35:58 --> Session: Class initialized using 'CodeIgniter\Session\Handlers\FileHandler' driver.
ERROR - 2025-05-19 13:35:58 --> mysqli_sql_exception: Cannot add or update a child row: a foreign key constraint fails (`u905615609_metrixprueba`.`tbl_acciones_ticket`, CONSTRAINT `tbl_acciones_ticket_ibfk_3` FOREIGN KEY (`usuario_id`) REFERENCES `tbl_usuarios` (`id`) ON DELETE CASCADE ON UPDATE CASCADE) in C:\laragon\www\api\system\Database\MySQLi\Connection.php:306
Stack trace:
#0 C:\laragon\www\api\system\Database\MySQLi\Connection.php(306): mysqli->query('INSERT INTO `tb...', 0)
#1 C:\laragon\www\api\system\Database\BaseConnection.php(692): CodeIgniter\Database\MySQLi\Connection->execute('INSERT INTO `tb...')
#2 C:\laragon\www\api\system\Database\BaseConnection.php(606): CodeIgniter\Database\BaseConnection->simpleQuery('INSERT INTO `tb...')
#3 C:\laragon\www\api\system\Database\BaseBuilder.php(2308): CodeIgniter\Database\BaseConnection->query('INSERT INTO `tb...', Array, false)
#4 C:\laragon\www\api\system\Model.php(319): CodeIgniter\Database\BaseBuilder->insert()
#5 C:\laragon\www\api\system\BaseModel.php(788): CodeIgniter\Model->doInsert(Array)
#6 C:\laragon\www\api\system\Model.php(715): CodeIgniter\BaseModel->insert(Array, true)
#7 C:\laragon\www\api\app\Controllers\Incidencias.php(341): CodeIgniter\Model->insert(Array)
#8 C:\laragon\www\api\system\CodeIgniter.php(919): App\Controllers\Incidencias->actualizarEstado()
#9 C:\laragon\www\api\system\CodeIgniter.php(494): CodeIgniter\CodeIgniter->runController(Object(App\Controllers\Incidencias))
#10 C:\laragon\www\api\system\CodeIgniter.php(353): CodeIgniter\CodeIgniter->handleRequest(NULL, Object(Config\Cache), false)
#11 C:\laragon\www\api\public\index.php(80): CodeIgniter\CodeIgniter->run()
#12 C:\laragon\www\api\system\Commands\Server\rewrite.php(47): require_once('C:\\laragon\\www\\...')
#13 {main}
CRITICAL - 2025-05-19 13:35:58 --> Cannot add or update a child row: a foreign key constraint fails (`u905615609_metrixprueba`.`tbl_acciones_ticket`, CONSTRAINT `tbl_acciones_ticket_ibfk_3` FOREIGN KEY (`usuario_id`) REFERENCES `tbl_usuarios` (`id`) ON DELETE CASCADE ON UPDATE CASCADE)
in SYSTEMPATH\Database\BaseConnection.php on line 646.
 1 SYSTEMPATH\Database\BaseBuilder.php(2308): CodeIgniter\Database\BaseConnection->query('INSERT INTO `tbl_acciones_ticket` (`ticket_id`, `descripcion`) VALUES (:ticket_id:, :descripcion:)', [...], false)
 2 SYSTEMPATH\Model.php(319): CodeIgniter\Database\BaseBuilder->insert()
 3 SYSTEMPATH\BaseModel.php(788): CodeIgniter\Model->doInsert([...])
 4 SYSTEMPATH\Model.php(715): CodeIgniter\BaseModel->insert([...], true)
 5 APPPATH\Controllers\Incidencias.php(341): CodeIgniter\Model->insert([...])
 6 SYSTEMPATH\CodeIgniter.php(919): App\Controllers\Incidencias->actualizarEstado()
 7 SYSTEMPATH\CodeIgniter.php(494): CodeIgniter\CodeIgniter->runController(Object(App\Controllers\Incidencias))
 8 SYSTEMPATH\CodeIgniter.php(353): CodeIgniter\CodeIgniter->handleRequest(null, Object(Config\Cache), false)
 9 FCPATH\index.php(80): CodeIgniter\CodeIgniter->run()
10 SYSTEMPATH\Commands\Server\rewrite.php(47): require_once('C:\\laragon\\www\\api\\public\\index.php')
INFO - 2025-05-19 13:38:08 --> Session: Class initialized using 'CodeIgniter\Session\Handlers\FileHandler' driver.
INFO - 2025-05-19 13:41:49 --> Session: Class initialized using 'CodeIgniter\Session\Handlers\FileHandler' driver.
INFO - 2025-05-19 13:42:17 --> Session: Class initialized using 'CodeIgniter\Session\Handlers\FileHandler' driver.
INFO - 2025-05-19 13:50:04 --> Session: Class initialized using 'CodeIgniter\Session\Handlers\FileHandler' driver.
INFO - 2025-05-19 13:55:34 --> Session: Class initialized using 'CodeIgniter\Session\Handlers\FileHandler' driver.
INFO - 2025-05-19 14:01:07 --> Session: Class initialized using 'CodeIgniter\Session\Handlers\FileHandler' driver.
INFO - 2025-05-19 14:01:16 --> Session: Class initialized using 'CodeIgniter\Session\Handlers\FileHandler' driver.
INFO - 2025-05-19 14:01:24 --> Session: Class initialized using 'CodeIgniter\Session\Handlers\FileHandler' driver.
