INFO - 2024-12-07 06:28:29 --> Session: Class initialized using 'CodeIgniter\Session\Handlers\FileHandler' driver.
INFO - 2024-12-07 06:28:29 --> Session: Class initialized using 'CodeIgniter\Session\Handlers\FileHandler' driver.
INFO - 2024-12-07 06:28:29 --> Session: Class initialized using 'CodeIgniter\Session\Handlers\FileHandler' driver.
INFO - 2024-12-07 06:28:38 --> Session: Class initialized using 'CodeIgniter\Session\Handlers\FileHandler' driver.
INFO - 2024-12-07 06:28:39 --> Session: Class initialized using 'CodeIgniter\Session\Handlers\FileHandler' driver.
INFO - 2024-12-07 06:28:43 --> Session: Class initialized using 'CodeIgniter\Session\Handlers\FileHandler' driver.
INFO - 2024-12-07 06:28:46 --> Session: Class initialized using 'CodeIgniter\Session\Handlers\FileHandler' driver.
INFO - 2024-12-07 06:28:52 --> Session: Class initialized using 'CodeIgniter\Session\Handlers\FileHandler' driver.
INFO - 2024-12-07 06:28:52 --> Session: Class initialized using 'CodeIgniter\Session\Handlers\FileHandler' driver.
INFO - 2024-12-07 06:28:52 --> Session: Class initialized using 'CodeIgniter\Session\Handlers\FileHandler' driver.
INFO - 2024-12-07 06:28:54 --> Session: Class initialized using 'CodeIgniter\Session\Handlers\FileHandler' driver.
INFO - 2024-12-07 06:28:55 --> Session: Class initialized using 'CodeIgniter\Session\Handlers\FileHandler' driver.
INFO - 2024-12-07 06:29:05 --> Session: Class initialized using 'CodeIgniter\Session\Handlers\FileHandler' driver.
INFO - 2024-12-07 06:29:12 --> Session: Class initialized using 'CodeIgniter\Session\Handlers\FileHandler' driver.
INFO - 2024-12-07 06:29:34 --> Session: Class initialized using 'CodeIgniter\Session\Handlers\FileHandler' driver.
INFO - 2024-12-07 06:45:03 --> Session: Class initialized using 'CodeIgniter\Session\Handlers\FileHandler' driver.
INFO - 2024-12-07 06:48:25 --> Session: Class initialized using 'CodeIgniter\Session\Handlers\FileHandler' driver.
INFO - 2024-12-07 06:48:26 --> Session: Class initialized using 'CodeIgniter\Session\Handlers\FileHandler' driver.
INFO - 2024-12-07 06:49:23 --> Session: Class initialized using 'CodeIgniter\Session\Handlers\FileHandler' driver.
INFO - 2024-12-07 06:49:23 --> Session: Class initialized using 'CodeIgniter\Session\Handlers\FileHandler' driver.
CRITICAL - 2024-12-07 06:49:23 --> Call to undefined function ol()
in APPPATH\Views\condominio\visitantes\nuevo-visitante.php on line 53.
 1 SYSTEMPATH\View\View.php(226): include()
 2 SYSTEMPATH\View\View.php(229): CodeIgniter\View\View->CodeIgniter\View\{closure}()
 3 SYSTEMPATH\Common.php(1188): CodeIgniter\View\View->render('condominio/visitantes/nuevo-visitante', [], true)
 4 APPPATH\Controllers\Condominio\Visitantes.php(172): view('condominio/visitantes/nuevo-visitante', [...])
 5 SYSTEMPATH\CodeIgniter.php(919): App\Controllers\Condominio\Visitantes->nuevo()
 6 SYSTEMPATH\CodeIgniter.php(494): CodeIgniter\CodeIgniter->runController(Object(App\Controllers\Condominio\Visitantes))
 7 SYSTEMPATH\CodeIgniter.php(353): CodeIgniter\CodeIgniter->handleRequest(null, Object(Config\Cache), false)
 8 FCPATH\index.php(79): CodeIgniter\CodeIgniter->run()
INFO - 2024-12-07 06:49:31 --> Session: Class initialized using 'CodeIgniter\Session\Handlers\FileHandler' driver.
INFO - 2024-12-07 06:49:37 --> Session: Class initialized using 'CodeIgniter\Session\Handlers\FileHandler' driver.
INFO - 2024-12-07 06:49:37 --> Session: Class initialized using 'CodeIgniter\Session\Handlers\FileHandler' driver.
INFO - 2024-12-07 06:49:43 --> Session: Class initialized using 'CodeIgniter\Session\Handlers\FileHandler' driver.
INFO - 2024-12-07 06:49:43 --> Session: Class initialized using 'CodeIgniter\Session\Handlers\FileHandler' driver.
INFO - 2024-12-07 07:52:06 --> Session: Class initialized using 'CodeIgniter\Session\Handlers\FileHandler' driver.
INFO - 2024-12-07 07:52:06 --> Session: Class initialized using 'CodeIgniter\Session\Handlers\FileHandler' driver.
INFO - 2024-12-07 07:55:57 --> Session: Class initialized using 'CodeIgniter\Session\Handlers\FileHandler' driver.
INFO - 2024-12-07 08:04:48 --> Session: Class initialized using 'CodeIgniter\Session\Handlers\FileHandler' driver.
CRITICAL - 2024-12-07 08:04:48 --> Undefined variable $data
in APPPATH\Controllers\Condominio\Visitantes.php on line 112.
 1 APPPATH\Controllers\Condominio\Visitantes.php(112): CodeIgniter\Debug\Exceptions->errorHandler(2, 'Undefined variable $data', 'C:\\xampp\\htdocs\\CONDOMINIO\\app\\Controllers\\Condominio\\Visitantes.php', 112)
 2 SYSTEMPATH\CodeIgniter.php(919): App\Controllers\Condominio\Visitantes->ingreso()
 3 SYSTEMPATH\CodeIgniter.php(494): CodeIgniter\CodeIgniter->runController(Object(App\Controllers\Condominio\Visitantes))
 4 SYSTEMPATH\CodeIgniter.php(353): CodeIgniter\CodeIgniter->handleRequest(null, Object(Config\Cache), false)
 5 FCPATH\index.php(79): CodeIgniter\CodeIgniter->run()
INFO - 2024-12-07 08:05:17 --> Session: Class initialized using 'CodeIgniter\Session\Handlers\FileHandler' driver.
CRITICAL - 2024-12-07 08:05:17 --> Undefined variable $titulo_pagina
in APPPATH\Views\incl\head-application.php on line 7.
 1 APPPATH\Views\incl\head-application.php(7): CodeIgniter\Debug\Exceptions->errorHandler(2, 'Undefined variable $titulo_pagina', 'C:\\xampp\\htdocs\\CONDOMINIO\\app\\Views\\incl\\head-application.php', 7)
 2 SYSTEMPATH\View\View.php(226): include('C:\\xampp\\htdocs\\CONDOMINIO\\app\\Views\\incl\\head-application.php')
 3 SYSTEMPATH\View\View.php(229): CodeIgniter\View\View->CodeIgniter\View\{closure}()
 4 SYSTEMPATH\Common.php(1188): CodeIgniter\View\View->render('incl/head-application', [], true)
 5 APPPATH\Controllers\Condominio\Visitantes.php(113): view('incl/head-application', [...])
 6 SYSTEMPATH\CodeIgniter.php(919): App\Controllers\Condominio\Visitantes->ingreso()
 7 SYSTEMPATH\CodeIgniter.php(494): CodeIgniter\CodeIgniter->runController(Object(App\Controllers\Condominio\Visitantes))
 8 SYSTEMPATH\CodeIgniter.php(353): CodeIgniter\CodeIgniter->handleRequest(null, Object(Config\Cache), false)
 9 FCPATH\index.php(79): CodeIgniter\CodeIgniter->run()
INFO - 2024-12-07 08:05:43 --> Session: Class initialized using 'CodeIgniter\Session\Handlers\FileHandler' driver.
CRITICAL - 2024-12-07 08:05:43 --> Undefined variable $infoVisitante
in APPPATH\Views\condominio\visitantes\formulario-visitante.php on line 50.
 1 APPPATH\Views\condominio\visitantes\formulario-visitante.php(50): CodeIgniter\Debug\Exceptions->errorHandler(2, 'Undefined variable $infoVisitante', 'C:\\xampp\\htdocs\\CONDOMINIO\\app\\Views\\condominio\\visitantes\\formulario-visitante.php', 50)
 2 SYSTEMPATH\View\View.php(226): include('C:\\xampp\\htdocs\\CONDOMINIO\\app\\Views\\condominio\\visitantes\\formulario-visitante.php')
 3 SYSTEMPATH\View\View.php(229): CodeIgniter\View\View->CodeIgniter\View\{closure}()
 4 SYSTEMPATH\Common.php(1188): CodeIgniter\View\View->render('condominio/visitantes/formulario-visitante', [], true)
 5 APPPATH\Controllers\Condominio\Visitantes.php(125): view('condominio/visitantes/formulario-visitante', [...])
 6 SYSTEMPATH\CodeIgniter.php(919): App\Controllers\Condominio\Visitantes->ingreso()
 7 SYSTEMPATH\CodeIgniter.php(494): CodeIgniter\CodeIgniter->runController(Object(App\Controllers\Condominio\Visitantes))
 8 SYSTEMPATH\CodeIgniter.php(353): CodeIgniter\CodeIgniter->handleRequest(null, Object(Config\Cache), false)
 9 FCPATH\index.php(79): CodeIgniter\CodeIgniter->run()
INFO - 2024-12-07 08:06:12 --> Session: Class initialized using 'CodeIgniter\Session\Handlers\FileHandler' driver.
CRITICAL - 2024-12-07 08:06:12 --> Undefined array key "nombre"
in APPPATH\Views\condominio\visitantes\formulario-visitante.php on line 50.
 1 APPPATH\Views\condominio\visitantes\formulario-visitante.php(50): CodeIgniter\Debug\Exceptions->errorHandler(2, 'Undefined array key "nombre"', 'C:\\xampp\\htdocs\\CONDOMINIO\\app\\Views\\condominio\\visitantes\\formulario-visitante.php', 50)
 2 SYSTEMPATH\View\View.php(226): include('C:\\xampp\\htdocs\\CONDOMINIO\\app\\Views\\condominio\\visitantes\\formulario-visitante.php')
 3 SYSTEMPATH\View\View.php(229): CodeIgniter\View\View->CodeIgniter\View\{closure}()
 4 SYSTEMPATH\Common.php(1188): CodeIgniter\View\View->render('condominio/visitantes/formulario-visitante', [], true)
 5 APPPATH\Controllers\Condominio\Visitantes.php(127): view('condominio/visitantes/formulario-visitante', [...])
 6 SYSTEMPATH\CodeIgniter.php(919): App\Controllers\Condominio\Visitantes->ingreso()
 7 SYSTEMPATH\CodeIgniter.php(494): CodeIgniter\CodeIgniter->runController(Object(App\Controllers\Condominio\Visitantes))
 8 SYSTEMPATH\CodeIgniter.php(353): CodeIgniter\CodeIgniter->handleRequest(null, Object(Config\Cache), false)
 9 FCPATH\index.php(79): CodeIgniter\CodeIgniter->run()
INFO - 2024-12-07 08:06:15 --> Session: Class initialized using 'CodeIgniter\Session\Handlers\FileHandler' driver.
CRITICAL - 2024-12-07 08:06:15 --> Undefined array key "nombre"
in APPPATH\Views\condominio\visitantes\formulario-visitante.php on line 50.
 1 APPPATH\Views\condominio\visitantes\formulario-visitante.php(50): CodeIgniter\Debug\Exceptions->errorHandler(2, 'Undefined array key "nombre"', 'C:\\xampp\\htdocs\\CONDOMINIO\\app\\Views\\condominio\\visitantes\\formulario-visitante.php', 50)
 2 SYSTEMPATH\View\View.php(226): include('C:\\xampp\\htdocs\\CONDOMINIO\\app\\Views\\condominio\\visitantes\\formulario-visitante.php')
 3 SYSTEMPATH\View\View.php(229): CodeIgniter\View\View->CodeIgniter\View\{closure}()
 4 SYSTEMPATH\Common.php(1188): CodeIgniter\View\View->render('condominio/visitantes/formulario-visitante', [], true)
 5 APPPATH\Controllers\Condominio\Visitantes.php(127): view('condominio/visitantes/formulario-visitante', [...])
 6 SYSTEMPATH\CodeIgniter.php(919): App\Controllers\Condominio\Visitantes->ingreso()
 7 SYSTEMPATH\CodeIgniter.php(494): CodeIgniter\CodeIgniter->runController(Object(App\Controllers\Condominio\Visitantes))
 8 SYSTEMPATH\CodeIgniter.php(353): CodeIgniter\CodeIgniter->handleRequest(null, Object(Config\Cache), false)
 9 FCPATH\index.php(79): CodeIgniter\CodeIgniter->run()
INFO - 2024-12-07 08:06:28 --> Session: Class initialized using 'CodeIgniter\Session\Handlers\FileHandler' driver.
CRITICAL - 2024-12-07 08:06:28 --> Undefined array key "s_nombre"
in APPPATH\Views\condominio\visitantes\formulario-visitante.php on line 50.
 1 APPPATH\Views\condominio\visitantes\formulario-visitante.php(50): CodeIgniter\Debug\Exceptions->errorHandler(2, 'Undefined array key "s_nombre"', 'C:\\xampp\\htdocs\\CONDOMINIO\\app\\Views\\condominio\\visitantes\\formulario-visitante.php', 50)
 2 SYSTEMPATH\View\View.php(226): include('C:\\xampp\\htdocs\\CONDOMINIO\\app\\Views\\condominio\\visitantes\\formulario-visitante.php')
 3 SYSTEMPATH\View\View.php(229): CodeIgniter\View\View->CodeIgniter\View\{closure}()
 4 SYSTEMPATH\Common.php(1188): CodeIgniter\View\View->render('condominio/visitantes/formulario-visitante', [], true)
 5 APPPATH\Controllers\Condominio\Visitantes.php(127): view('condominio/visitantes/formulario-visitante', [...])
 6 SYSTEMPATH\CodeIgniter.php(919): App\Controllers\Condominio\Visitantes->ingreso()
 7 SYSTEMPATH\CodeIgniter.php(494): CodeIgniter\CodeIgniter->runController(Object(App\Controllers\Condominio\Visitantes))
 8 SYSTEMPATH\CodeIgniter.php(353): CodeIgniter\CodeIgniter->handleRequest(null, Object(Config\Cache), false)
 9 FCPATH\index.php(79): CodeIgniter\CodeIgniter->run()
INFO - 2024-12-07 08:07:11 --> Session: Class initialized using 'CodeIgniter\Session\Handlers\FileHandler' driver.
INFO - 2024-12-07 08:07:31 --> Session: Class initialized using 'CodeIgniter\Session\Handlers\FileHandler' driver.
CRITICAL - 2024-12-07 08:07:31 --> Too few arguments to function App\Controllers\Condominio\Visitantes::buscar(), 1 passed in C:\xampp\htdocs\CONDOMINIO\system\CodeIgniter.php on line 919 and exactly 2 expected
in APPPATH\Controllers\Condominio\Visitantes.php on line 130.
 1 SYSTEMPATH\CodeIgniter.php(919): App\Controllers\Condominio\Visitantes->buscar('1047413715')
 2 SYSTEMPATH\CodeIgniter.php(494): CodeIgniter\CodeIgniter->runController(Object(App\Controllers\Condominio\Visitantes))
 3 SYSTEMPATH\CodeIgniter.php(353): CodeIgniter\CodeIgniter->handleRequest(null, Object(Config\Cache), false)
 4 FCPATH\index.php(79): CodeIgniter\CodeIgniter->run()
INFO - 2024-12-07 08:08:03 --> Session: Class initialized using 'CodeIgniter\Session\Handlers\FileHandler' driver.
INFO - 2024-12-07 08:09:57 --> Session: Class initialized using 'CodeIgniter\Session\Handlers\FileHandler' driver.
INFO - 2024-12-07 08:10:20 --> Session: Class initialized using 'CodeIgniter\Session\Handlers\FileHandler' driver.
CRITICAL - 2024-12-07 08:10:21 --> Cannot access offset of type string on string
in APPPATH\Views\condominio\visitantes\formulario-visitante.php on line 50.
 1 SYSTEMPATH\View\View.php(226): include()
 2 SYSTEMPATH\View\View.php(229): CodeIgniter\View\View->CodeIgniter\View\{closure}()
 3 SYSTEMPATH\Common.php(1188): CodeIgniter\View\View->render('condominio/visitantes/formulario-visitante', [], true)
 4 APPPATH\Controllers\Condominio\Visitantes.php(128): view('condominio/visitantes/formulario-visitante', [...])
 5 SYSTEMPATH\CodeIgniter.php(919): App\Controllers\Condominio\Visitantes->ingreso()
 6 SYSTEMPATH\CodeIgniter.php(494): CodeIgniter\CodeIgniter->runController(Object(App\Controllers\Condominio\Visitantes))
 7 SYSTEMPATH\CodeIgniter.php(353): CodeIgniter\CodeIgniter->handleRequest(null, Object(Config\Cache), false)
 8 FCPATH\index.php(79): CodeIgniter\CodeIgniter->run()
INFO - 2024-12-07 08:10:29 --> Session: Class initialized using 'CodeIgniter\Session\Handlers\FileHandler' driver.
CRITICAL - 2024-12-07 08:10:30 --> Cannot access offset of type string on string
in APPPATH\Views\condominio\visitantes\formulario-visitante.php on line 50.
 1 SYSTEMPATH\View\View.php(226): include()
 2 SYSTEMPATH\View\View.php(229): CodeIgniter\View\View->CodeIgniter\View\{closure}()
 3 SYSTEMPATH\Common.php(1188): CodeIgniter\View\View->render('condominio/visitantes/formulario-visitante', [], true)
 4 APPPATH\Controllers\Condominio\Visitantes.php(128): view('condominio/visitantes/formulario-visitante', [...])
 5 SYSTEMPATH\CodeIgniter.php(919): App\Controllers\Condominio\Visitantes->ingreso()
 6 SYSTEMPATH\CodeIgniter.php(494): CodeIgniter\CodeIgniter->runController(Object(App\Controllers\Condominio\Visitantes))
 7 SYSTEMPATH\CodeIgniter.php(353): CodeIgniter\CodeIgniter->handleRequest(null, Object(Config\Cache), false)
 8 FCPATH\index.php(79): CodeIgniter\CodeIgniter->run()
INFO - 2024-12-07 08:12:21 --> Session: Class initialized using 'CodeIgniter\Session\Handlers\FileHandler' driver.
CRITICAL - 2024-12-07 08:12:22 --> Cannot access offset of type string on string
in APPPATH\Views\condominio\visitantes\formulario-visitante.php on line 50.
 1 SYSTEMPATH\View\View.php(226): include()
 2 SYSTEMPATH\View\View.php(229): CodeIgniter\View\View->CodeIgniter\View\{closure}()
 3 SYSTEMPATH\Common.php(1188): CodeIgniter\View\View->render('condominio/visitantes/formulario-visitante', [], true)
 4 APPPATH\Controllers\Condominio\Visitantes.php(128): view('condominio/visitantes/formulario-visitante', [...])
 5 SYSTEMPATH\CodeIgniter.php(919): App\Controllers\Condominio\Visitantes->ingreso()
 6 SYSTEMPATH\CodeIgniter.php(494): CodeIgniter\CodeIgniter->runController(Object(App\Controllers\Condominio\Visitantes))
 7 SYSTEMPATH\CodeIgniter.php(353): CodeIgniter\CodeIgniter->handleRequest(null, Object(Config\Cache), false)
 8 FCPATH\index.php(79): CodeIgniter\CodeIgniter->run()
INFO - 2024-12-07 08:12:55 --> Session: Class initialized using 'CodeIgniter\Session\Handlers\FileHandler' driver.
INFO - 2024-12-07 08:13:08 --> Session: Class initialized using 'CodeIgniter\Session\Handlers\FileHandler' driver.
CRITICAL - 2024-12-07 08:13:08 --> Cannot access offset of type string on string
in APPPATH\Views\condominio\visitantes\formulario-visitante.php on line 50.
 1 SYSTEMPATH\View\View.php(226): include()
 2 SYSTEMPATH\View\View.php(229): CodeIgniter\View\View->CodeIgniter\View\{closure}()
 3 SYSTEMPATH\Common.php(1188): CodeIgniter\View\View->render('condominio/visitantes/formulario-visitante', [], true)
 4 APPPATH\Controllers\Condominio\Visitantes.php(128): view('condominio/visitantes/formulario-visitante', [...])
 5 SYSTEMPATH\CodeIgniter.php(919): App\Controllers\Condominio\Visitantes->ingreso()
 6 SYSTEMPATH\CodeIgniter.php(494): CodeIgniter\CodeIgniter->runController(Object(App\Controllers\Condominio\Visitantes))
 7 SYSTEMPATH\CodeIgniter.php(353): CodeIgniter\CodeIgniter->handleRequest(null, Object(Config\Cache), false)
 8 FCPATH\index.php(79): CodeIgniter\CodeIgniter->run()
INFO - 2024-12-07 08:13:26 --> Session: Class initialized using 'CodeIgniter\Session\Handlers\FileHandler' driver.
INFO - 2024-12-07 08:14:18 --> Session: Class initialized using 'CodeIgniter\Session\Handlers\FileHandler' driver.
INFO - 2024-12-07 08:14:21 --> Session: Class initialized using 'CodeIgniter\Session\Handlers\FileHandler' driver.
INFO - 2024-12-07 08:14:36 --> Session: Class initialized using 'CodeIgniter\Session\Handlers\FileHandler' driver.
INFO - 2024-12-07 08:14:46 --> Session: Class initialized using 'CodeIgniter\Session\Handlers\FileHandler' driver.
CRITICAL - 2024-12-07 08:14:47 --> Cannot access offset of type string on string
in APPPATH\Views\condominio\visitantes\formulario-visitante.php on line 50.
 1 SYSTEMPATH\View\View.php(226): include()
 2 SYSTEMPATH\View\View.php(229): CodeIgniter\View\View->CodeIgniter\View\{closure}()
 3 SYSTEMPATH\Common.php(1188): CodeIgniter\View\View->render('condominio/visitantes/formulario-visitante', [], true)
 4 APPPATH\Controllers\Condominio\Visitantes.php(128): view('condominio/visitantes/formulario-visitante', [...])
 5 SYSTEMPATH\CodeIgniter.php(919): App\Controllers\Condominio\Visitantes->ingreso()
 6 SYSTEMPATH\CodeIgniter.php(494): CodeIgniter\CodeIgniter->runController(Object(App\Controllers\Condominio\Visitantes))
 7 SYSTEMPATH\CodeIgniter.php(353): CodeIgniter\CodeIgniter->handleRequest(null, Object(Config\Cache), false)
 8 FCPATH\index.php(79): CodeIgniter\CodeIgniter->run()
INFO - 2024-12-07 08:17:18 --> Session: Class initialized using 'CodeIgniter\Session\Handlers\FileHandler' driver.
CRITICAL - 2024-12-07 08:17:19 --> Cannot access offset of type string on string
in APPPATH\Views\condominio\visitantes\formulario-visitante.php on line 50.
 1 SYSTEMPATH\View\View.php(226): include()
 2 SYSTEMPATH\View\View.php(229): CodeIgniter\View\View->CodeIgniter\View\{closure}()
 3 SYSTEMPATH\Common.php(1188): CodeIgniter\View\View->render('condominio/visitantes/formulario-visitante', [], true)
 4 APPPATH\Controllers\Condominio\Visitantes.php(128): view('condominio/visitantes/formulario-visitante', [...])
 5 SYSTEMPATH\CodeIgniter.php(919): App\Controllers\Condominio\Visitantes->ingreso()
 6 SYSTEMPATH\CodeIgniter.php(494): CodeIgniter\CodeIgniter->runController(Object(App\Controllers\Condominio\Visitantes))
 7 SYSTEMPATH\CodeIgniter.php(353): CodeIgniter\CodeIgniter->handleRequest(null, Object(Config\Cache), false)
 8 FCPATH\index.php(79): CodeIgniter\CodeIgniter->run()
INFO - 2024-12-07 08:18:00 --> Session: Class initialized using 'CodeIgniter\Session\Handlers\FileHandler' driver.
CRITICAL - 2024-12-07 08:18:00 --> Cannot access offset of type string on string
in APPPATH\Views\condominio\visitantes\formulario-visitante.php on line 50.
 1 SYSTEMPATH\View\View.php(226): include()
 2 SYSTEMPATH\View\View.php(229): CodeIgniter\View\View->CodeIgniter\View\{closure}()
 3 SYSTEMPATH\Common.php(1188): CodeIgniter\View\View->render('condominio/visitantes/formulario-visitante', [], true)
 4 APPPATH\Controllers\Condominio\Visitantes.php(128): view('condominio/visitantes/formulario-visitante', [...])
 5 SYSTEMPATH\CodeIgniter.php(919): App\Controllers\Condominio\Visitantes->ingreso()
 6 SYSTEMPATH\CodeIgniter.php(494): CodeIgniter\CodeIgniter->runController(Object(App\Controllers\Condominio\Visitantes))
 7 SYSTEMPATH\CodeIgniter.php(353): CodeIgniter\CodeIgniter->handleRequest(null, Object(Config\Cache), false)
 8 FCPATH\index.php(79): CodeIgniter\CodeIgniter->run()
INFO - 2024-12-07 08:18:35 --> Session: Class initialized using 'CodeIgniter\Session\Handlers\FileHandler' driver.
INFO - 2024-12-07 08:18:51 --> Session: Class initialized using 'CodeIgniter\Session\Handlers\FileHandler' driver.
INFO - 2024-12-07 08:20:22 --> Session: Class initialized using 'CodeIgniter\Session\Handlers\FileHandler' driver.
INFO - 2024-12-07 08:20:32 --> Session: Class initialized using 'CodeIgniter\Session\Handlers\FileHandler' driver.
CRITICAL - 2024-12-07 08:20:32 --> Undefined variable $condominio
in APPPATH\Views\condominio\visitantes\formulario-visitante.php on line 129.
 1 APPPATH\Views\condominio\visitantes\formulario-visitante.php(129): CodeIgniter\Debug\Exceptions->errorHandler(2, 'Undefined variable $condominio', 'C:\\xampp\\htdocs\\CONDOMINIO\\app\\Views\\condominio\\visitantes\\formulario-visitante.php', 129)
 2 SYSTEMPATH\View\View.php(226): include('C:\\xampp\\htdocs\\CONDOMINIO\\app\\Views\\condominio\\visitantes\\formulario-visitante.php')
 3 SYSTEMPATH\View\View.php(229): CodeIgniter\View\View->CodeIgniter\View\{closure}()
 4 SYSTEMPATH\Common.php(1188): CodeIgniter\View\View->render('condominio/visitantes/formulario-visitante', [], true)
 5 APPPATH\Controllers\Condominio\Visitantes.php(128): view('condominio/visitantes/formulario-visitante', [...])
 6 SYSTEMPATH\CodeIgniter.php(919): App\Controllers\Condominio\Visitantes->ingreso()
 7 SYSTEMPATH\CodeIgniter.php(494): CodeIgniter\CodeIgniter->runController(Object(App\Controllers\Condominio\Visitantes))
 8 SYSTEMPATH\CodeIgniter.php(353): CodeIgniter\CodeIgniter->handleRequest(null, Object(Config\Cache), false)
 9 FCPATH\index.php(79): CodeIgniter\CodeIgniter->run()
INFO - 2024-12-07 08:21:26 --> Session: Class initialized using 'CodeIgniter\Session\Handlers\FileHandler' driver.
CRITICAL - 2024-12-07 08:21:27 --> Undefined variable $torres
in APPPATH\Views\condominio\visitantes\formulario-visitante.php on line 137.
 1 APPPATH\Views\condominio\visitantes\formulario-visitante.php(137): CodeIgniter\Debug\Exceptions->errorHandler(2, 'Undefined variable $torres', 'C:\\xampp\\htdocs\\CONDOMINIO\\app\\Views\\condominio\\visitantes\\formulario-visitante.php', 137)
 2 SYSTEMPATH\View\View.php(226): include('C:\\xampp\\htdocs\\CONDOMINIO\\app\\Views\\condominio\\visitantes\\formulario-visitante.php')
 3 SYSTEMPATH\View\View.php(229): CodeIgniter\View\View->CodeIgniter\View\{closure}()
 4 SYSTEMPATH\Common.php(1188): CodeIgniter\View\View->render('condominio/visitantes/formulario-visitante', [], true)
 5 APPPATH\Controllers\Condominio\Visitantes.php(132): view('condominio/visitantes/formulario-visitante', [...])
 6 SYSTEMPATH\CodeIgniter.php(919): App\Controllers\Condominio\Visitantes->ingreso()
 7 SYSTEMPATH\CodeIgniter.php(494): CodeIgniter\CodeIgniter->runController(Object(App\Controllers\Condominio\Visitantes))
 8 SYSTEMPATH\CodeIgniter.php(353): CodeIgniter\CodeIgniter->handleRequest(null, Object(Config\Cache), false)
 9 FCPATH\index.php(79): CodeIgniter\CodeIgniter->run()
INFO - 2024-12-07 08:22:47 --> Session: Class initialized using 'CodeIgniter\Session\Handlers\FileHandler' driver.
CRITICAL - 2024-12-07 08:22:48 --> Undefined variable $residentes
in APPPATH\Views\condominio\visitantes\formulario-visitante.php on line 157.
 1 APPPATH\Views\condominio\visitantes\formulario-visitante.php(157): CodeIgniter\Debug\Exceptions->errorHandler(2, 'Undefined variable $residentes', 'C:\\xampp\\htdocs\\CONDOMINIO\\app\\Views\\condominio\\visitantes\\formulario-visitante.php', 157)
 2 SYSTEMPATH\View\View.php(226): include('C:\\xampp\\htdocs\\CONDOMINIO\\app\\Views\\condominio\\visitantes\\formulario-visitante.php')
 3 SYSTEMPATH\View\View.php(229): CodeIgniter\View\View->CodeIgniter\View\{closure}()
 4 SYSTEMPATH\Common.php(1188): CodeIgniter\View\View->render('condominio/visitantes/formulario-visitante', [], true)
 5 APPPATH\Controllers\Condominio\Visitantes.php(139): view('condominio/visitantes/formulario-visitante', [...])
 6 SYSTEMPATH\CodeIgniter.php(919): App\Controllers\Condominio\Visitantes->ingreso()
 7 SYSTEMPATH\CodeIgniter.php(494): CodeIgniter\CodeIgniter->runController(Object(App\Controllers\Condominio\Visitantes))
 8 SYSTEMPATH\CodeIgniter.php(353): CodeIgniter\CodeIgniter->handleRequest(null, Object(Config\Cache), false)
 9 FCPATH\index.php(79): CodeIgniter\CodeIgniter->run()
INFO - 2024-12-07 08:23:34 --> Session: Class initialized using 'CodeIgniter\Session\Handlers\FileHandler' driver.
CRITICAL - 2024-12-07 08:23:35 --> Undefined variable $apartamentos
in APPPATH\Views\condominio\visitantes\formulario-visitante.php on line 173.
 1 APPPATH\Views\condominio\visitantes\formulario-visitante.php(173): CodeIgniter\Debug\Exceptions->errorHandler(2, 'Undefined variable $apartamentos', 'C:\\xampp\\htdocs\\CONDOMINIO\\app\\Views\\condominio\\visitantes\\formulario-visitante.php', 173)
 2 SYSTEMPATH\View\View.php(226): include('C:\\xampp\\htdocs\\CONDOMINIO\\app\\Views\\condominio\\visitantes\\formulario-visitante.php')
 3 SYSTEMPATH\View\View.php(229): CodeIgniter\View\View->CodeIgniter\View\{closure}()
 4 SYSTEMPATH\Common.php(1188): CodeIgniter\View\View->render('condominio/visitantes/formulario-visitante', [], true)
 5 APPPATH\Controllers\Condominio\Visitantes.php(143): view('condominio/visitantes/formulario-visitante', [...])
 6 SYSTEMPATH\CodeIgniter.php(919): App\Controllers\Condominio\Visitantes->ingreso()
 7 SYSTEMPATH\CodeIgniter.php(494): CodeIgniter\CodeIgniter->runController(Object(App\Controllers\Condominio\Visitantes))
 8 SYSTEMPATH\CodeIgniter.php(353): CodeIgniter\CodeIgniter->handleRequest(null, Object(Config\Cache), false)
 9 FCPATH\index.php(79): CodeIgniter\CodeIgniter->run()
INFO - 2024-12-07 08:25:15 --> Session: Class initialized using 'CodeIgniter\Session\Handlers\FileHandler' driver.
CRITICAL - 2024-12-07 08:25:16 --> Undefined array key "nombre"
in APPPATH\Views\condominio\visitantes\formulario-visitante.php on line 174.
 1 APPPATH\Views\condominio\visitantes\formulario-visitante.php(174): CodeIgniter\Debug\Exceptions->errorHandler(2, 'Undefined array key "nombre"', 'C:\\xampp\\htdocs\\CONDOMINIO\\app\\Views\\condominio\\visitantes\\formulario-visitante.php', 174)
 2 SYSTEMPATH\View\View.php(226): include('C:\\xampp\\htdocs\\CONDOMINIO\\app\\Views\\condominio\\visitantes\\formulario-visitante.php')
 3 SYSTEMPATH\View\View.php(229): CodeIgniter\View\View->CodeIgniter\View\{closure}()
 4 SYSTEMPATH\Common.php(1188): CodeIgniter\View\View->render('condominio/visitantes/formulario-visitante', [], true)
 5 APPPATH\Controllers\Condominio\Visitantes.php(150): view('condominio/visitantes/formulario-visitante', [...])
 6 SYSTEMPATH\CodeIgniter.php(919): App\Controllers\Condominio\Visitantes->ingreso()
 7 SYSTEMPATH\CodeIgniter.php(494): CodeIgniter\CodeIgniter->runController(Object(App\Controllers\Condominio\Visitantes))
 8 SYSTEMPATH\CodeIgniter.php(353): CodeIgniter\CodeIgniter->handleRequest(null, Object(Config\Cache), false)
 9 FCPATH\index.php(79): CodeIgniter\CodeIgniter->run()
INFO - 2024-12-07 08:25:47 --> Session: Class initialized using 'CodeIgniter\Session\Handlers\FileHandler' driver.
INFO - 2024-12-07 08:28:41 --> Session: Class initialized using 'CodeIgniter\Session\Handlers\FileHandler' driver.
INFO - 2024-12-07 08:30:15 --> Session: Class initialized using 'CodeIgniter\Session\Handlers\FileHandler' driver.
INFO - 2024-12-07 08:38:23 --> Session: Class initialized using 'CodeIgniter\Session\Handlers\FileHandler' driver.
INFO - 2024-12-07 08:40:40 --> Session: Class initialized using 'CodeIgniter\Session\Handlers\FileHandler' driver.
INFO - 2024-12-07 08:42:27 --> Session: Class initialized using 'CodeIgniter\Session\Handlers\FileHandler' driver.
INFO - 2024-12-07 08:43:16 --> Session: Class initialized using 'CodeIgniter\Session\Handlers\FileHandler' driver.
INFO - 2024-12-07 08:43:40 --> Session: Class initialized using 'CodeIgniter\Session\Handlers\FileHandler' driver.
INFO - 2024-12-07 08:43:55 --> Session: Class initialized using 'CodeIgniter\Session\Handlers\FileHandler' driver.
INFO - 2024-12-07 08:44:17 --> Session: Class initialized using 'CodeIgniter\Session\Handlers\FileHandler' driver.
INFO - 2024-12-07 08:44:29 --> Session: Class initialized using 'CodeIgniter\Session\Handlers\FileHandler' driver.
INFO - 2024-12-07 08:44:34 --> Session: Class initialized using 'CodeIgniter\Session\Handlers\FileHandler' driver.
INFO - 2024-12-07 08:44:58 --> Session: Class initialized using 'CodeIgniter\Session\Handlers\FileHandler' driver.
INFO - 2024-12-07 08:45:13 --> Session: Class initialized using 'CodeIgniter\Session\Handlers\FileHandler' driver.
INFO - 2024-12-07 09:04:04 --> Session: Class initialized using 'CodeIgniter\Session\Handlers\FileHandler' driver.
INFO - 2024-12-07 09:04:26 --> Session: Class initialized using 'CodeIgniter\Session\Handlers\FileHandler' driver.
INFO - 2024-12-07 09:04:33 --> Session: Class initialized using 'CodeIgniter\Session\Handlers\FileHandler' driver.
INFO - 2024-12-07 09:04:42 --> Session: Class initialized using 'CodeIgniter\Session\Handlers\FileHandler' driver.
INFO - 2024-12-07 09:05:07 --> Session: Class initialized using 'CodeIgniter\Session\Handlers\FileHandler' driver.
INFO - 2024-12-07 09:05:07 --> Session: Class initialized using 'CodeIgniter\Session\Handlers\FileHandler' driver.
INFO - 2024-12-07 09:05:17 --> Session: Class initialized using 'CodeIgniter\Session\Handlers\FileHandler' driver.
INFO - 2024-12-07 09:05:17 --> Session: Class initialized using 'CodeIgniter\Session\Handlers\FileHandler' driver.
INFO - 2024-12-07 09:05:17 --> Session: Class initialized using 'CodeIgniter\Session\Handlers\FileHandler' driver.
INFO - 2024-12-07 09:05:25 --> Session: Class initialized using 'CodeIgniter\Session\Handlers\FileHandler' driver.
INFO - 2024-12-07 09:05:25 --> Session: Class initialized using 'CodeIgniter\Session\Handlers\FileHandler' driver.
INFO - 2024-12-07 09:05:29 --> Session: Class initialized using 'CodeIgniter\Session\Handlers\FileHandler' driver.
INFO - 2024-12-07 09:05:32 --> Session: Class initialized using 'CodeIgniter\Session\Handlers\FileHandler' driver.
INFO - 2024-12-07 09:05:38 --> Session: Class initialized using 'CodeIgniter\Session\Handlers\FileHandler' driver.
INFO - 2024-12-07 09:05:38 --> Session: Class initialized using 'CodeIgniter\Session\Handlers\FileHandler' driver.
INFO - 2024-12-07 09:05:38 --> Session: Class initialized using 'CodeIgniter\Session\Handlers\FileHandler' driver.
INFO - 2024-12-07 09:05:47 --> Session: Class initialized using 'CodeIgniter\Session\Handlers\FileHandler' driver.
INFO - 2024-12-07 09:05:47 --> Session: Class initialized using 'CodeIgniter\Session\Handlers\FileHandler' driver.
INFO - 2024-12-07 09:05:54 --> Session: Class initialized using 'CodeIgniter\Session\Handlers\FileHandler' driver.
INFO - 2024-12-07 09:05:59 --> Session: Class initialized using 'CodeIgniter\Session\Handlers\FileHandler' driver.
INFO - 2024-12-07 09:17:01 --> Session: Class initialized using 'CodeIgniter\Session\Handlers\FileHandler' driver.
INFO - 2024-12-07 09:17:06 --> Session: Class initialized using 'CodeIgniter\Session\Handlers\FileHandler' driver.
INFO - 2024-12-07 09:17:13 --> Session: Class initialized using 'CodeIgniter\Session\Handlers\FileHandler' driver.
CRITICAL - 2024-12-07 09:17:13 --> Undefined array key "nombre"
in APPPATH\Views\condominio\visitantes\formulario-visitante.php on line 63.
 1 APPPATH\Views\condominio\visitantes\formulario-visitante.php(63): CodeIgniter\Debug\Exceptions->errorHandler(2, 'Undefined array key "nombre"', 'C:\\xampp\\htdocs\\CONDOMINIO\\app\\Views\\condominio\\visitantes\\formulario-visitante.php', 63)
 2 SYSTEMPATH\View\View.php(226): include('C:\\xampp\\htdocs\\CONDOMINIO\\app\\Views\\condominio\\visitantes\\formulario-visitante.php')
 3 SYSTEMPATH\View\View.php(229): CodeIgniter\View\View->CodeIgniter\View\{closure}()
 4 SYSTEMPATH\Common.php(1188): CodeIgniter\View\View->render('condominio/visitantes/formulario-visitante', [], true)
 5 APPPATH\Controllers\Condominio\Visitantes.php(150): view('condominio/visitantes/formulario-visitante', [...])
 6 SYSTEMPATH\CodeIgniter.php(919): App\Controllers\Condominio\Visitantes->ingreso()
 7 SYSTEMPATH\CodeIgniter.php(494): CodeIgniter\CodeIgniter->runController(Object(App\Controllers\Condominio\Visitantes))
 8 SYSTEMPATH\CodeIgniter.php(353): CodeIgniter\CodeIgniter->handleRequest(null, Object(Config\Cache), false)
 9 FCPATH\index.php(79): CodeIgniter\CodeIgniter->run()
INFO - 2024-12-07 09:17:20 --> Session: Class initialized using 'CodeIgniter\Session\Handlers\FileHandler' driver.
INFO - 2024-12-07 11:43:47 --> Session: Class initialized using 'CodeIgniter\Session\Handlers\FileHandler' driver.
INFO - 2024-12-07 11:43:56 --> Session: Class initialized using 'CodeIgniter\Session\Handlers\FileHandler' driver.
INFO - 2024-12-07 11:44:06 --> Session: Class initialized using 'CodeIgniter\Session\Handlers\FileHandler' driver.
INFO - 2024-12-07 11:44:06 --> Session: Class initialized using 'CodeIgniter\Session\Handlers\FileHandler' driver.
INFO - 2024-12-07 11:44:13 --> Session: Class initialized using 'CodeIgniter\Session\Handlers\FileHandler' driver.
INFO - 2024-12-07 11:44:13 --> Session: Class initialized using 'CodeIgniter\Session\Handlers\FileHandler' driver.
INFO - 2024-12-07 11:44:17 --> Session: Class initialized using 'CodeIgniter\Session\Handlers\FileHandler' driver.
INFO - 2024-12-07 11:44:17 --> Session: Class initialized using 'CodeIgniter\Session\Handlers\FileHandler' driver.
INFO - 2024-12-07 11:44:21 --> Session: Class initialized using 'CodeIgniter\Session\Handlers\FileHandler' driver.
INFO - 2024-12-07 11:44:25 --> Session: Class initialized using 'CodeIgniter\Session\Handlers\FileHandler' driver.
INFO - 2024-12-07 11:44:31 --> Session: Class initialized using 'CodeIgniter\Session\Handlers\FileHandler' driver.
INFO - 2024-12-07 11:44:31 --> Session: Class initialized using 'CodeIgniter\Session\Handlers\FileHandler' driver.
INFO - 2024-12-07 11:44:31 --> Session: Class initialized using 'CodeIgniter\Session\Handlers\FileHandler' driver.
INFO - 2024-12-07 11:44:33 --> Session: Class initialized using 'CodeIgniter\Session\Handlers\FileHandler' driver.
INFO - 2024-12-07 11:44:33 --> Session: Class initialized using 'CodeIgniter\Session\Handlers\FileHandler' driver.
INFO - 2024-12-07 11:44:40 --> Session: Class initialized using 'CodeIgniter\Session\Handlers\FileHandler' driver.
INFO - 2024-12-07 11:44:45 --> Session: Class initialized using 'CodeIgniter\Session\Handlers\FileHandler' driver.
INFO - 2024-12-07 11:44:50 --> Session: Class initialized using 'CodeIgniter\Session\Handlers\FileHandler' driver.
INFO - 2024-12-07 11:44:54 --> Session: Class initialized using 'CodeIgniter\Session\Handlers\FileHandler' driver.
INFO - 2024-12-07 11:45:54 --> Session: Class initialized using 'CodeIgniter\Session\Handlers\FileHandler' driver.
INFO - 2024-12-07 11:48:14 --> Session: Class initialized using 'CodeIgniter\Session\Handlers\FileHandler' driver.
INFO - 2024-12-07 11:49:33 --> Session: Class initialized using 'CodeIgniter\Session\Handlers\FileHandler' driver.
INFO - 2024-12-07 11:49:42 --> Session: Class initialized using 'CodeIgniter\Session\Handlers\FileHandler' driver.
INFO - 2024-12-07 11:49:45 --> Session: Class initialized using 'CodeIgniter\Session\Handlers\FileHandler' driver.
INFO - 2024-12-07 11:49:50 --> Session: Class initialized using 'CodeIgniter\Session\Handlers\FileHandler' driver.
INFO - 2024-12-07 11:49:54 --> Session: Class initialized using 'CodeIgniter\Session\Handlers\FileHandler' driver.
INFO - 2024-12-07 11:51:18 --> Session: Class initialized using 'CodeIgniter\Session\Handlers\FileHandler' driver.
INFO - 2024-12-07 11:52:29 --> Session: Class initialized using 'CodeIgniter\Session\Handlers\FileHandler' driver.
INFO - 2024-12-07 11:53:04 --> Session: Class initialized using 'CodeIgniter\Session\Handlers\FileHandler' driver.
INFO - 2024-12-07 11:53:10 --> Session: Class initialized using 'CodeIgniter\Session\Handlers\FileHandler' driver.
INFO - 2024-12-07 11:53:31 --> Session: Class initialized using 'CodeIgniter\Session\Handlers\FileHandler' driver.
INFO - 2024-12-07 11:53:53 --> Session: Class initialized using 'CodeIgniter\Session\Handlers\FileHandler' driver.
INFO - 2024-12-07 11:54:22 --> Session: Class initialized using 'CodeIgniter\Session\Handlers\FileHandler' driver.
INFO - 2024-12-07 11:54:31 --> Session: Class initialized using 'CodeIgniter\Session\Handlers\FileHandler' driver.
INFO - 2024-12-07 11:54:48 --> Session: Class initialized using 'CodeIgniter\Session\Handlers\FileHandler' driver.
INFO - 2024-12-07 11:54:59 --> Session: Class initialized using 'CodeIgniter\Session\Handlers\FileHandler' driver.
INFO - 2024-12-07 12:00:12 --> Session: Class initialized using 'CodeIgniter\Session\Handlers\FileHandler' driver.
INFO - 2024-12-07 12:05:59 --> Session: Class initialized using 'CodeIgniter\Session\Handlers\FileHandler' driver.
INFO - 2024-12-07 12:07:02 --> Session: Class initialized using 'CodeIgniter\Session\Handlers\FileHandler' driver.
INFO - 2024-12-07 12:08:52 --> Session: Class initialized using 'CodeIgniter\Session\Handlers\FileHandler' driver.
INFO - 2024-12-07 12:10:31 --> Session: Class initialized using 'CodeIgniter\Session\Handlers\FileHandler' driver.
INFO - 2024-12-07 12:11:17 --> Session: Class initialized using 'CodeIgniter\Session\Handlers\FileHandler' driver.
INFO - 2024-12-07 12:11:46 --> Session: Class initialized using 'CodeIgniter\Session\Handlers\FileHandler' driver.
INFO - 2024-12-07 12:12:18 --> Session: Class initialized using 'CodeIgniter\Session\Handlers\FileHandler' driver.
INFO - 2024-12-07 12:13:47 --> Session: Class initialized using 'CodeIgniter\Session\Handlers\FileHandler' driver.
INFO - 2024-12-07 12:13:47 --> Session: Class initialized using 'CodeIgniter\Session\Handlers\FileHandler' driver.
INFO - 2024-12-07 12:13:56 --> Session: Class initialized using 'CodeIgniter\Session\Handlers\FileHandler' driver.
INFO - 2024-12-07 12:13:56 --> Session: Class initialized using 'CodeIgniter\Session\Handlers\FileHandler' driver.
INFO - 2024-12-07 12:14:03 --> Session: Class initialized using 'CodeIgniter\Session\Handlers\FileHandler' driver.
INFO - 2024-12-07 12:14:10 --> Session: Class initialized using 'CodeIgniter\Session\Handlers\FileHandler' driver.
INFO - 2024-12-07 12:17:25 --> Session: Class initialized using 'CodeIgniter\Session\Handlers\FileHandler' driver.
INFO - 2024-12-07 12:17:37 --> Session: Class initialized using 'CodeIgniter\Session\Handlers\FileHandler' driver.
INFO - 2024-12-07 12:18:58 --> Session: Class initialized using 'CodeIgniter\Session\Handlers\FileHandler' driver.
INFO - 2024-12-07 12:19:17 --> Session: Class initialized using 'CodeIgniter\Session\Handlers\FileHandler' driver.
INFO - 2024-12-07 12:19:59 --> Session: Class initialized using 'CodeIgniter\Session\Handlers\FileHandler' driver.
INFO - 2024-12-07 12:20:00 --> Session: Class initialized using 'CodeIgniter\Session\Handlers\FileHandler' driver.
INFO - 2024-12-07 12:20:25 --> Session: Class initialized using 'CodeIgniter\Session\Handlers\FileHandler' driver.
INFO - 2024-12-07 12:20:26 --> Session: Class initialized using 'CodeIgniter\Session\Handlers\FileHandler' driver.
INFO - 2024-12-07 12:20:31 --> Session: Class initialized using 'CodeIgniter\Session\Handlers\FileHandler' driver.
INFO - 2024-12-07 12:20:35 --> Session: Class initialized using 'CodeIgniter\Session\Handlers\FileHandler' driver.
INFO - 2024-12-07 12:22:15 --> Session: Class initialized using 'CodeIgniter\Session\Handlers\FileHandler' driver.
INFO - 2024-12-07 12:24:11 --> Session: Class initialized using 'CodeIgniter\Session\Handlers\FileHandler' driver.
INFO - 2024-12-07 12:49:44 --> Session: Class initialized using 'CodeIgniter\Session\Handlers\FileHandler' driver.
CRITICAL - 2024-12-07 12:49:44 --> strpos(): Argument #3 ($offset) must be contained in argument #1 ($haystack)
in SYSTEMPATH\Validation\Validation.php on line 933.
 1 SYSTEMPATH\Validation\Validation.php(933): strpos('required|integer|exists[tbl_torres.id', '|', 38)
 2 SYSTEMPATH\Validation\Validation.php(576): CodeIgniter\Validation\Validation->splitRules([...])
 3 SYSTEMPATH\Controller.php(194): CodeIgniter\Validation\Validation->setRules([...], [])
 4 SYSTEMPATH\Controller.php(148): CodeIgniter\Controller->setValidator([...], [])
 5 APPPATH\Controllers\Condominio\Visitantes.php(219): CodeIgniter\Controller->validate([...])
 6 SYSTEMPATH\CodeIgniter.php(919): App\Controllers\Condominio\Visitantes->crearIngreso()
 7 SYSTEMPATH\CodeIgniter.php(494): CodeIgniter\CodeIgniter->runController(Object(App\Controllers\Condominio\Visitantes))
 8 SYSTEMPATH\CodeIgniter.php(353): CodeIgniter\CodeIgniter->handleRequest(null, Object(Config\Cache), false)
 9 FCPATH\index.php(79): CodeIgniter\CodeIgniter->run()
INFO - 2024-12-07 12:51:32 --> Session: Class initialized using 'CodeIgniter\Session\Handlers\FileHandler' driver.
CRITICAL - 2024-12-07 12:51:32 --> exists no es una regla de validación válida.
in SYSTEMPATH\Validation\Validation.php on line 317.
 1 SYSTEMPATH\Validation\Validation.php(317): CodeIgniter\Validation\Exceptions\ValidationException::forRuleNotFound('exists')
 2 SYSTEMPATH\Validation\Validation.php(195): CodeIgniter\Validation\Validation->processRules('torre_id', 'torre_id', '5', [...], [...])
 3 SYSTEMPATH\Controller.php(150): CodeIgniter\Validation\Validation->run()
 4 APPPATH\Controllers\Condominio\Visitantes.php(219): CodeIgniter\Controller->validate([...])
 5 SYSTEMPATH\CodeIgniter.php(919): App\Controllers\Condominio\Visitantes->crearIngreso()
 6 SYSTEMPATH\CodeIgniter.php(494): CodeIgniter\CodeIgniter->runController(Object(App\Controllers\Condominio\Visitantes))
 7 SYSTEMPATH\CodeIgniter.php(353): CodeIgniter\CodeIgniter->handleRequest(null, Object(Config\Cache), false)
 8 FCPATH\index.php(79): CodeIgniter\CodeIgniter->run()
INFO - 2024-12-07 12:53:25 --> Session: Class initialized using 'CodeIgniter\Session\Handlers\FileHandler' driver.
INFO - 2024-12-07 12:54:14 --> Session: Class initialized using 'CodeIgniter\Session\Handlers\FileHandler' driver.
INFO - 2024-12-07 12:54:45 --> Session: Class initialized using 'CodeIgniter\Session\Handlers\FileHandler' driver.
INFO - 2024-12-07 12:54:45 --> Session: Class initialized using 'CodeIgniter\Session\Handlers\FileHandler' driver.
INFO - 2024-12-07 12:55:18 --> Session: Class initialized using 'CodeIgniter\Session\Handlers\FileHandler' driver.
INFO - 2024-12-07 12:55:49 --> Session: Class initialized using 'CodeIgniter\Session\Handlers\FileHandler' driver.
ERROR - 2024-12-07 12:55:49 --> mysqli_sql_exception: Cannot add or update a child row: a foreign key constraint fails (`keymaster`.`tbl_visitantes`, CONSTRAINT `tbl_visitantes_ibfk_1` FOREIGN KEY (`apartamento_id`) REFERENCES `tbl_apartamentos` (`id`) ON DELETE CASCADE ON UPDATE CASCADE) in C:\xampp\htdocs\CONDOMINIO\system\Database\MySQLi\Connection.php:306
Stack trace:
#0 C:\xampp\htdocs\CONDOMINIO\system\Database\MySQLi\Connection.php(306): mysqli->query('INSERT INTO `tb...', 0)
#1 C:\xampp\htdocs\CONDOMINIO\system\Database\BaseConnection.php(692): CodeIgniter\Database\MySQLi\Connection->execute('INSERT INTO `tb...')
#2 C:\xampp\htdocs\CONDOMINIO\system\Database\BaseConnection.php(606): CodeIgniter\Database\BaseConnection->simpleQuery('INSERT INTO `tb...')
#3 C:\xampp\htdocs\CONDOMINIO\system\Database\BaseBuilder.php(2308): CodeIgniter\Database\BaseConnection->query('INSERT INTO `tb...', Array, false)
#4 C:\xampp\htdocs\CONDOMINIO\system\Model.php(319): CodeIgniter\Database\BaseBuilder->insert()
#5 C:\xampp\htdocs\CONDOMINIO\system\BaseModel.php(788): CodeIgniter\Model->doInsert(Array)
#6 C:\xampp\htdocs\CONDOMINIO\system\Model.php(715): CodeIgniter\BaseModel->insert(Array, true)
#7 C:\xampp\htdocs\CONDOMINIO\app\Models\VisitantesModel.php(66): CodeIgniter\Model->insert(Array)
#8 C:\xampp\htdocs\CONDOMINIO\app\Controllers\Condominio\Visitantes.php(257): App\Models\VisitantesModel->crearVisitante(Array)
#9 C:\xampp\htdocs\CONDOMINIO\system\CodeIgniter.php(919): App\Controllers\Condominio\Visitantes->crearIngreso()
#10 C:\xampp\htdocs\CONDOMINIO\system\CodeIgniter.php(494): CodeIgniter\CodeIgniter->runController(Object(App\Controllers\Condominio\Visitantes))
#11 C:\xampp\htdocs\CONDOMINIO\system\CodeIgniter.php(353): CodeIgniter\CodeIgniter->handleRequest(NULL, Object(Config\Cache), false)
#12 C:\xampp\htdocs\CONDOMINIO\index.php(79): CodeIgniter\CodeIgniter->run()
#13 {main}
CRITICAL - 2024-12-07 12:55:49 --> Cannot add or update a child row: a foreign key constraint fails (`keymaster`.`tbl_visitantes`, CONSTRAINT `tbl_visitantes_ibfk_1` FOREIGN KEY (`apartamento_id`) REFERENCES `tbl_apartamentos` (`id`) ON DELETE CASCADE ON UPDATE CASCADE)
in SYSTEMPATH\Database\BaseConnection.php on line 646.
 1 SYSTEMPATH\Database\BaseBuilder.php(2308): CodeIgniter\Database\BaseConnection->query('INSERT INTO `tbl_visitantes` (`nombre`, `telefono`, `eps`, `fecha_nacimiento`, `edad`, `torre_id`, `residente_id`, `visita_autorizada`, `escarapela`, `relacion_residente`, `placa`, `tipo_vehiculo`, `color_vehiculo`, `observaciones`, `foto_ingreso`, `created_at`, `updated_at`) VALUES (:nombre:, :telefono:, :eps:, :fecha_nacimiento:, :edad:, :torre_id:, :residente_id:, :visita_autorizada:, :escarapela:, :relacion_residente:, :placa:, :tipo_vehiculo:, :color_vehiculo:, :observaciones:, :foto_ingreso:, :created_at:, :updated_at:)', [...], false)
 2 SYSTEMPATH\Model.php(319): CodeIgniter\Database\BaseBuilder->insert()
 3 SYSTEMPATH\BaseModel.php(788): CodeIgniter\Model->doInsert([...])
 4 SYSTEMPATH\Model.php(715): CodeIgniter\BaseModel->insert([...], true)
 5 APPPATH\Models\VisitantesModel.php(66): CodeIgniter\Model->insert([...])
 6 APPPATH\Controllers\Condominio\Visitantes.php(257): App\Models\VisitantesModel->crearVisitante([...])
 7 SYSTEMPATH\CodeIgniter.php(919): App\Controllers\Condominio\Visitantes->crearIngreso()
 8 SYSTEMPATH\CodeIgniter.php(494): CodeIgniter\CodeIgniter->runController(Object(App\Controllers\Condominio\Visitantes))
 9 SYSTEMPATH\CodeIgniter.php(353): CodeIgniter\CodeIgniter->handleRequest(null, Object(Config\Cache), false)
10 FCPATH\index.php(79): CodeIgniter\CodeIgniter->run()
INFO - 2024-12-07 12:56:46 --> Session: Class initialized using 'CodeIgniter\Session\Handlers\FileHandler' driver.
ERROR - 2024-12-07 12:56:46 --> mysqli_sql_exception: Cannot add or update a child row: a foreign key constraint fails (`keymaster`.`tbl_visitantes`, CONSTRAINT `tbl_visitantes_ibfk_1` FOREIGN KEY (`apartamento_id`) REFERENCES `tbl_apartamentos` (`id`) ON DELETE CASCADE ON UPDATE CASCADE) in C:\xampp\htdocs\CONDOMINIO\system\Database\MySQLi\Connection.php:306
Stack trace:
#0 C:\xampp\htdocs\CONDOMINIO\system\Database\MySQLi\Connection.php(306): mysqli->query('INSERT INTO `tb...', 0)
#1 C:\xampp\htdocs\CONDOMINIO\system\Database\BaseConnection.php(692): CodeIgniter\Database\MySQLi\Connection->execute('INSERT INTO `tb...')
#2 C:\xampp\htdocs\CONDOMINIO\system\Database\BaseConnection.php(606): CodeIgniter\Database\BaseConnection->simpleQuery('INSERT INTO `tb...')
#3 C:\xampp\htdocs\CONDOMINIO\system\Database\BaseBuilder.php(2308): CodeIgniter\Database\BaseConnection->query('INSERT INTO `tb...', Array, false)
#4 C:\xampp\htdocs\CONDOMINIO\system\Model.php(319): CodeIgniter\Database\BaseBuilder->insert()
#5 C:\xampp\htdocs\CONDOMINIO\system\BaseModel.php(788): CodeIgniter\Model->doInsert(Array)
#6 C:\xampp\htdocs\CONDOMINIO\system\Model.php(715): CodeIgniter\BaseModel->insert(Array, true)
#7 C:\xampp\htdocs\CONDOMINIO\app\Models\VisitantesModel.php(66): CodeIgniter\Model->insert(Array)
#8 C:\xampp\htdocs\CONDOMINIO\app\Controllers\Condominio\Visitantes.php(257): App\Models\VisitantesModel->crearVisitante(Array)
#9 C:\xampp\htdocs\CONDOMINIO\system\CodeIgniter.php(919): App\Controllers\Condominio\Visitantes->crearIngreso()
#10 C:\xampp\htdocs\CONDOMINIO\system\CodeIgniter.php(494): CodeIgniter\CodeIgniter->runController(Object(App\Controllers\Condominio\Visitantes))
#11 C:\xampp\htdocs\CONDOMINIO\system\CodeIgniter.php(353): CodeIgniter\CodeIgniter->handleRequest(NULL, Object(Config\Cache), false)
#12 C:\xampp\htdocs\CONDOMINIO\index.php(79): CodeIgniter\CodeIgniter->run()
#13 {main}
CRITICAL - 2024-12-07 12:56:46 --> Cannot add or update a child row: a foreign key constraint fails (`keymaster`.`tbl_visitantes`, CONSTRAINT `tbl_visitantes_ibfk_1` FOREIGN KEY (`apartamento_id`) REFERENCES `tbl_apartamentos` (`id`) ON DELETE CASCADE ON UPDATE CASCADE)
in SYSTEMPATH\Database\BaseConnection.php on line 646.
 1 SYSTEMPATH\Database\BaseBuilder.php(2308): CodeIgniter\Database\BaseConnection->query('INSERT INTO `tbl_visitantes` (`nombre`, `telefono`, `eps`, `fecha_nacimiento`, `edad`, `torre_id`, `residente_id`, `visita_autorizada`, `escarapela`, `relacion_residente`, `placa`, `tipo_vehiculo`, `color_vehiculo`, `observaciones`, `foto_ingreso`, `created_at`, `updated_at`) VALUES (:nombre:, :telefono:, :eps:, :fecha_nacimiento:, :edad:, :torre_id:, :residente_id:, :visita_autorizada:, :escarapela:, :relacion_residente:, :placa:, :tipo_vehiculo:, :color_vehiculo:, :observaciones:, :foto_ingreso:, :created_at:, :updated_at:)', [...], false)
 2 SYSTEMPATH\Model.php(319): CodeIgniter\Database\BaseBuilder->insert()
 3 SYSTEMPATH\BaseModel.php(788): CodeIgniter\Model->doInsert([...])
 4 SYSTEMPATH\Model.php(715): CodeIgniter\BaseModel->insert([...], true)
 5 APPPATH\Models\VisitantesModel.php(66): CodeIgniter\Model->insert([...])
 6 APPPATH\Controllers\Condominio\Visitantes.php(257): App\Models\VisitantesModel->crearVisitante([...])
 7 SYSTEMPATH\CodeIgniter.php(919): App\Controllers\Condominio\Visitantes->crearIngreso()
 8 SYSTEMPATH\CodeIgniter.php(494): CodeIgniter\CodeIgniter->runController(Object(App\Controllers\Condominio\Visitantes))
 9 SYSTEMPATH\CodeIgniter.php(353): CodeIgniter\CodeIgniter->handleRequest(null, Object(Config\Cache), false)
10 FCPATH\index.php(79): CodeIgniter\CodeIgniter->run()
INFO - 2024-12-07 12:58:35 --> Session: Class initialized using 'CodeIgniter\Session\Handlers\FileHandler' driver.
INFO - 2024-12-07 13:02:03 --> Session: Class initialized using 'CodeIgniter\Session\Handlers\FileHandler' driver.
CRITICAL - 2024-12-07 13:02:03 --> file_put_contents(C:\xampp\htdocs\CONDOMINIO\writable\uploads/fotos/visitantes/67548d9b678bf.jpeg): Failed to open stream: No such file or directory
in APPPATH\Controllers\Condominio\Visitantes.php on line 257.
 1 [internal function]: CodeIgniter\Debug\Exceptions->errorHandler(2, 'file_put_contents(C:\\xampp\\htdocs\\CONDOMINIO\\writable\\uploads/fotos/visitantes/67548d9b678bf.jpeg): Failed to open stream: No such file or directory', 'C:\\xampp\\htdocs\\CONDOMINIO\\app\\Controllers\\Condominio\\Visitantes.php', 257)
 2 APPPATH\Controllers\Condominio\Visitantes.php(257): file_put_contents('C:\\xampp\\htdocs\\CONDOMINIO\\writable\\uploads/fotos/visitantes/67548d9b678bf.jpeg', '' . "\0" . 'JFIF' . "\0" . '' . "\0" . '' . "\0" . '' . "\0" . '' . "\0" . '' . "\0" . 'ICC_PROFILE' . "\0" . '' . "\0" . '' . "\0" . '' . "\0" . '' . "\0" . '' . "\0" . '' . "\0" . '0' . "\0" . '' . "\0" . 'mntrRGB XYZ ' . "\0" . '' . "\0" . '' . "\0" . '' . "\0" . '' . "\0" . '' . "\0" . '' . "\0" . '' . "\0" . 'acsp' . "\0" . '' . "\0" . '' . "\0" . '' . "\0" . '' . "\0" . '' . "\0" . '' . "\0" . '' . "\0" . '' . "\0" . '' . "\0" . '' . "\0" . '' . "\0" . '' . "\0" . '' . "\0" . '' . "\0" . '' . "\0" . '' . "\0" . '' . "\0" . '' . "\0" . '' . "\0" . '' . "\0" . '' . "\0" . '' . "\0" . '' . "\0" . '' . "\0" . '' . "\0" . '' . "\0" . '' . "\0" . '' . "\0" . '' . "\0" . '' . "\0" . '' . "\0" . '' . "\0" . '' . "\0" . '-' . "\0" . '' . "\0" . '' . "\0" . '' . "\0" . '' . "\0" . '' . "\0" . '' . "\0" . '' . "\0" . '' . "\0" . '' . "\0" . '' . "\0" . '' . "\0" . '' . "\0" . '' . "\0" . '' . "\0" . '' . "\0" . '' . "\0" . '' . "\0" . '' . "\0" . '' . "\0" . '' . "\0" . '' . "\0" . '' . "\0" . '' . "\0" . '' . "\0" . '' . "\0" . '' . "\0" . '' . "\0" . '' . "\0" . '' . "\0" . '' . "\0" . '' . "\0" . '' . "\0" . '' . "\0" . '' . "\0" . '' . "\0" . '' . "\0" . '' . "\0" . '' . "\0" . '' . "\0" . '' . "\0" . '' . "\0" . '' . "\0" . '' . "\0" . '' . "\0" . '' . "\0" . '' . "\0" . '' . "\0" . '' . "\0" . '' . "\0" . '' . "\0" . '	desc' . "\0" . '' . "\0" . '' . "\0" . '' . "\0" . '' . "\0" . '' . "\0" . '$rXYZ' . "\0" . '' . "\0" . '' . "\0" . '' . "\0" . '' . "\0" . 'gXYZ' . "\0" . '' . "\0" . '(' . "\0" . '' . "\0" . '' . "\0" . 'bXYZ' . "\0" . '' . "\0" . '<' . "\0" . '' . "\0" . '' . "\0" . 'wtpt' . "\0" . '' . "\0" . 'P' . "\0" . '' . "\0" . '' . "\0" . 'rTRC' . "\0" . '' . "\0" . 'd' . "\0" . '' . "\0" . '' . "\0" . '(gTRC' . "\0" . '' . "\0" . 'd' . "\0" . '' . "\0" . '' . "\0" . '(bTRC' . "\0" . '' . "\0" . 'd' . "\0" . '' . "\0" . '' . "\0" . '(cprt' . "\0" . '' . "\0" . '' . "\0" . '' . "\0" . '' . "\0" . '<mluc' . "\0" . '' . "\0" . '' . "\0" . '' . "\0" . '' . "\0" . '' . "\0" . '' . "\0" . '' . "\0" . '' . "\0" . '' . "\0" . 'enUS' . "\0" . '' . "\0" . '' . "\0" . '' . "\0" . '' . "\0" . '' . "\0" . '' . "\0" . 's' . "\0" . 'R' . "\0" . 'G' . "\0" . 'BXYZ ' . "\0" . '' . "\0" . '' . "\0" . '' . "\0" . '' . "\0" . '' . "\0" . 'o' . "\0" . '' . "\0" . '8' . "\0" . '' . "\0" . 'XYZ ' . "\0" . '' . "\0" . '' . "\0" . '' . "\0" . '' . "\0" . '' . "\0" . 'b' . "\0" . '' . "\0" . '' . "\0" . '' . "\0" . 'XYZ ' . "\0" . '' . "\0" . '' . "\0" . '' . "\0" . '' . "\0" . '' . "\0" . '$' . "\0" . '' . "\0" . '' . "\0" . '' . "\0" . 'XYZ ' . "\0" . '' . "\0" . '' . "\0" . '' . "\0" . '' . "\0" . '' . "\0" . '' . "\0" . '' . "\0" . '' . "\0" . '' . "\0" . '' . "\0" . '-para' . "\0" . '' . "\0" . '' . "\0" . '' . "\0" . '' . "\0" . '' . "\0" . '' . "\0" . '' . "\0" . 'ff' . "\0" . '' . "\0" . '' . "\0" . '' . "\0" . 'Y' . "\0" . '' . "\0" . '' . "\0" . '' . "\0" . '
[' . "\0" . '' . "\0" . '' . "\0" . '' . "\0" . '' . "\0" . '' . "\0" . '' . "\0" . '' . "\0" . 'mluc' . "\0" . '' . "\0" . '' . "\0" . '' . "\0" . '' . "\0" . '' . "\0" . '' . "\0" . '' . "\0" . '' . "\0" . '' . "\0" . 'enUS' . "\0" . '' . "\0" . '' . "\0" . ' ' . "\0" . '' . "\0" . '' . "\0" . '' . "\0" . 'G' . "\0" . 'o' . "\0" . 'o' . "\0" . 'g' . "\0" . 'l' . "\0" . 'e' . "\0" . ' ' . "\0" . 'I' . "\0" . 'n' . "\0" . 'c' . "\0" . '.' . "\0" . ' ' . "\0" . '2' . "\0" . '0' . "\0" . '1' . "\0" . '6' . "\0" . 'C' . "\0" . '	

			

		
' . "\0" . 'C	' . "\0" . '"' . "\0" . '' . "\0" . '' . "\0" . '' . "\0" . '' . "\0" . '' . "\0" . '' . "\0" . '' . "\0" . '' . "\0" . '' . "\0" . '' . "\0" . '' . "\0" . '' . "\0" . '' . "\0" . '' . "\0" . '' . "\0" . 'E' . "\0" . '' . "\0" . '' . "\0" . '' . "\0" . '!1AQaq"2#BR$%3CbrS&cs' . "\0" . '' . "\0" . '' . "\0" . '' . "\0" . '' . "\0" . '' . "\0" . '' . "\0" . '' . "\0" . '' . "\0" . '' . "\0" . '' . "\0" . '' . "\0" . '' . "\0" . '' . "\0" . '(' . "\0" . '' . "\0" . '' . "\0" . '' . "\0" . '' . "\0" . '' . "\0" . '!1AQ"a2q#BR' . "\0" . '' . "\0" . '' . "\0" . '?' . "\0" . 'bSl' . "\0" . '"RܗvTA*XR$+ݑDz,)]*\\JDDy;G!2AZO' . "\0" . '2U_C3M.@9ǲ}I*WU|ݒ)be(ޒG#%b VG@Z?hLi&ɈTuTyD"0}Fp32l졫Vm\'*LP 	MzHHFe-얒դDE@)	&B6eY' . "\0" . '9Ha%+e*I' . "\0" . 'dn;2$-\'`D!BN	<lS{BQ*Hg$`z}P*2_b&R8U9O\'vIY	+;9 *BUT3@@vZm%~ip2>вAPMW6' . "\0" . 'öU5tK		#*-%0:`$l32\'OZE[lD`A 	X2qdѸA񾉪#$&NRv` £ d(S嶅Tr\'\'?Ī*A' . "\0" . '' . "\0" . 'yO	HUֳ7x<$CI=qx\'F9MKglL	
JfPBQ	J-Qkz$D-0()˰CB' . "\0" . '(#iInL ʔ[5pNJI2BGbk2$RLs"Gd1H2zݒs> ' . "\0" . 'iO@(S)%
 %8La0%
jݡ!CKu1U==4WD	Ǣ#)z!ƘԴ)X"$#HM	VN "	=*1@Iʦ` 2' . "\0" . '8S ' . "\0" . '। I)i##d Ȅ=	$cDWRF1i,1
v\'vAؒL
+LԼa%T90acrTA29RRK>@0p*dz&p&UGtb%twD"%S`pMia<;@[Z*~P[9!d%J?d>d$pwcМ?%·%[K7$	d8UQJa(\'HTJiӌ&
F`Aiܫ%i&[SZ8FO	L(k`\')cZ$
% 	T-' . "\0" . 'E0rvR@DA
i˾JŤqBشA&jDIR ؛#H)4dia\\%Vb*JӄOzlFaPHLQAGe%ÉHvdUEzbm$-=B%;)khi&JxW pA"`Zs<%v4ɀ^&D&8^v" DtwXDVB
DaJO' . "\0" . '"Q	~7N,z gtZ-K4%$<l-#*(U
Tꌥ4&%G*
G Zg!cpYTrfvs[>F!j*3ndo ߔ6"0' . "\0" . '
DlMǐ!@Uka*BuXKO";)ՙ#! 0vRi+H ;d#b	ILU$ 
' . "\0" . 'Jc|Vf3(¢s&PP$sB~Z\'z{3t9*	pCR' . "\0" . ' &%==L!\'Q(U*BWBBSWB\'TJI
w&D"0TĜo%Q)i=xbBp{"8Q^XwI80*^N )UU؛H`O\'Ą!Tz@!eI,I
M}$t1D;v*D
hB_Adi
ȕ)B%g;\'4TF8>2p!DfQ+ D*=tF=<BzG%2yH0\\' . "\0" . '};G
ą%m#V.89Z\'ѸogapwH/d cI&e	wBU%x#ꔍg8S"q]"nL:wLB"]$prb4	D*LoQ:GoT)
uGQ!Dl!^ZhN' . "\0" . 'dr18ó:D8e &"6Z)ШrBe%$IZ3' . "\0" . 'aɁӮʠ&p4Z*HQZh*&*e%J	M' . "\0" . '
`FɁ9t%&Kq+p3J1)~1F8NDd#N&x(2ISm(1"=P{BnQ-' . "\0" . '' . "\0" . '9֖h"&O(]I. pI\'t!' . "\0" . 'J ^R
$ङS
BdvAϺa x"H}P2P8E"iBhi-MJ;Tj$	0  !(T,hHĪJtѴ	*s8
ŋJJSR;$r& sLH\'"
K`\'\'!fi8]Zl.]!tvb!J*XN"^c&!Nh#	mXCs8Rl*ra
%B2sd@ 쓆2Tbu`3",I\'`\'3@ʹ]Q.%`;sP pj' . "\0" . '#W' . "\0" . 'aG):\'A
]̫GuZ& 	-Y=MUTĪ8_^Z!Bp&SH9P#UdFlBǀ)A*МIHm' . "\0" . 'doq8JHuqD`oV=B  S{`gP5K-B~&>]ԐF0' . "\0" . 'ZN䝕\'pd' . "\0" . 'b;NQLE(="3((U(1 IVֶ@2' . "\0" . '!6#D' . "\0" . '!0
T		"QJa؄$o2d!3I=	!@I1Rh#hSr	$U)\'	_D<R	22TÜ8*d6@؏ؕ2S!{\'ZC\\u.l-N72V:`R"E9;/ATv#6Hߔ\'d6OmIɃ̠ 9FI%ўN8NFЏT%lwQe3)LIXL{M55#d*Bi5H
L' . "\0" . 'RLWqpdJ~QZq=HD=ԣ2AfU' . "\0" . '$iX#U<옎i9U' . "\0" . 'B@!&_awL#q&c}m`8(\'#6<' . "\0" . '$a9ɈBKRKrBpIMT[$y>Ҥ@RDFbFaH3]#`8`HrQB<' . "\0" . '2v * 9NGbe"dba' . "\0" . '
ڲnra$9`ZuiuL&	P%(%\'$\'$ΙD%$N	LA<60P' . "\0" . '	򓐝t&iϢ{%á	!!	xC
)- V@NARr
N
KR[7Fmz11
Щь|?I[ֺ߲siJ4cK=pV!N' . "\0" . '%I' . "\0" . '):80F[*2jg0QH]3,pۀ!P' . "\0" . '	;+qKP"Ru:Hϲ' . "\0" . 'I6줷} DL8C[Fmi;DK
b{a#]7|A6 ^%aG$' . "\0" . 'OĥM<)L' . "\0" . ';(FIOL0Q8KҘEvSCcT2L&)Δ$TcTݶh!pFmI@00Nn$2A"D}AT&p# $l
R8Z  %?=RtJ`dR=BDJZAzc!#dƨb	N0D8NDrp@#r 	#hEAL8NBI-OtNn"} ¯L#Sj>B0T01@kؐ{\'wDI-' . "\0" . 'vC[w$­R' . "\0" . 'HN\')I%9Rvꈽ%-znwX!)6fg`V' . "\0" . '=yXIʿRQD77e57AqIM&E	AKu/ɋ\'+' . "\0" . 'l9<*Aị	U%' . "\0" . 'r!Ӕr(+zN$`' . "\0" . '?2MP"{15LF;Ib)!<B8]JN' . "\0" . '%=\'yT׊\'<NH].uLnH37II;.=>|a!;Jɪj,c#JGt*Lg*ĩlU8]Ǫ@Hȑ$Le&ʤ{doN0ct>쪱*iZ"P5is<%)Dn$ͥ2Gɍ9HMViXAr2H#rU$L攴9AǕr#; H)<42KI;(.#%`meq% H=cq8A;䕍$
\\-R3);c$9HTiD!y\'2XR+$0$e SRR`!0<$OS"Rp
S*L̦&؞$gDQ\'$§F&c2Yv+!_Xt' . "\0" . 'p`+m˰qhPBEP=ʐA>%DFJ5AAֈ)"N5@}Fo#PnuIe\'j;%fU,dKrJ"ׄI;tvNΜ. t#rbU)E,o)#aѲE49@02p%cDb ~9YK4"0
srRtXˠPМR.$cI*ߢ' . "\0" . 'H
{7UuzP&$NNQ< 0=¢$Br\'nSN:*3WOtKƶV7?iDt;S83^gt1<X6ԇ)LK8@q%"? 2NJ0;Ժꏨ!H8MLk2gi$;/DaKlUî+KRh' . "\0" . 's#l񻟌5Us	zl?q$' . "\0" . '\\KEdķXP?奌;arhNjN)`?ڙۅ?Kլ*Ң&mMb<o_1Eb\'9]\\h|ͻGnuoM=[D0=	F7%ȴeVVk5:~B"Q`fX' . "\0" . '\\uʵ>JϨˏ)SKKu-lqBX9hg/GY5Bcfw' . "\0" . '& QoKCy]NYZؚJԹ8˴HQD.j~hgOuK' . "\0" . '=r>ST6sp11{g\\T`Kp	_-fA!989(' . "\0" . '*-_WGOK
ޙ^[f޿AMIIy@^vh{!yM2MeJZ3	
fpZ/!"xN$3UА\'bϼ$Dɚc*D$c`GG.|-7DdJ߿<Hd@)JH8mbSoب8JIJ&BP)' . "\0" . 'b#2g20%' . "\0" . '$IR=yNF	*ZN1!"O(؅^BV$]J$$D!_BrRq< Ƒ' . "\0" . 'O"iBJt IJDoY-܈CF7[m$A' . "\0" . '2Fd}\'qؔ' . "\0" . '0z%8D&lMy(B`২oBQ=Js
|-?C*ĉBCI{L q8;	,z󐫌&	c94I0Ue\\Q9S
pq/4ea9X(yL,@qꔂaFN2' . "\0" . ' Av. S;<syBjT0DxY݌/%5ju6]QdMt]B?M6w0?s=K>yg:[Jk׉/x#I\\^aknּ4MG:Z	t2e|^!T>vx%rc.Kgķ!' . "\0" . '%y8˷Zu\\OJԫTW^Iީ{\'%b7c_.$fphA+n_$X\\F5&j&G\\.JN%"=+	NL4!y춨\\h pzROtz,:z*hO$' . "\0" . 'Q@db' . "\0" . '~U(8:6!}[?I4Pk(Oh-won{._F|-HTlY^8zV~3qFrk* /!hL])$P:FCIڠ\'	#)^LQ<a\'LQDyDbtн$`	G%P Y' . "\0" . 'gZ&SU26T$nŋz̥lS#)NQ&c
j)̄a؄HhK	\'!T' . "\0" . 'y{x(z\'۶Hd' . "\0" . '=P`!?G|SIqʸC&pZod$LwA	?iH"
&7x#eRH=FpODKPF	\' J"a"A
i`ntRT\\A!M%J"R;C؈#
)LIBk N!Jє$ceVxDp
}ѓ9z$! 㡔]#dOu$(M!k$B{\'v"y%|{O[kNzFզ6#s=<gכ:={&>ΠkZI_{~^Ru:A-SN' . "\0" . '' . "\0" . 'N>77Nj*7/:QT/2KVd]ߧ%0;kx8c9${' . "\0" . 'aU)jygif;-#(@$VJO[:Rߣ>g[L' . "\0" . 'd%/+<|<z+Y!h;[t-ZQZ73e~-KG=#
?w$S\' Q&#
DtZ}xX_%ވ]\'mN	o[]:_xX' . "\0" . 'M6W}&k}3%.T%(o:#өuZ?4Dq;q0D:Y:˥g_Wyk^W"b6=+1%{/xFoZku0G\'
ie7YPjixo6gF}:5f\\fG]JQR:bԺ2NKI@Bv=X
H2`n &İf$#<pQ9.k2F왈IۢՋfT٬5ӨTM1;DNʞ0払7]1R˲R%Q"$,\'-G2@O*<69آS`AQ$MC8Dt  @\\#OKcRRhNwLBSCPR=Leۖ#e37G' . "\0" . '2!21lTIPY(18I$X5rM8QlRLG)4I4M	!86KT|$Pi\'
I&=S%	$lvrR,4ס!K&ﱭ.1*$8$(ڰZLY0n|=>YXR},spJiZ4|#u{VlCZ^*fuF̀Neҥ:uTq.cqwQ˞ϩܮՏOeH ?ScM4:?@j>H߲{YN`YUZu_8
sziSk1I%k$GJIFVV39Vnt' . "\0" . 'vt(!A<6iݲ)F=%tic[D-Ś`i:p7]6Ә8?wXZ9©A$c%)QªpVOpMB=F닚?*ǅHvrlZU+4p1:vz;?nϨwJR1]' . "\0" . 'Oj8ֺ<e6g!I_k+o;ƶ*jLRSbCOdNW"%p0q\'8q]]LA9HeQ,Cd$Gb"`d\\%7	X4' . "\0" . '?-W	#\\~5G䗏Дzi<p*q$BcU)䤜Uap6Rs:c;Kdn5t,H={װA0A$oO	FCI?`e<)S"6M=*V!HʽP\'
 -rXB2mSĮFV!N@IKl(I8=А$HkF)f1E7bBRa\')&SKW}@7NTĄ&262ФlI>→>jHHBpp"	$c	/8$/Ϳ_[tn2\\>:h_P1ew/~&
ǕL?Zׅ\\MD<4PD<->Yz\\cD,XU*uSꢙlD,jlQCkFVL' . "\0" . '
m [щ5lQ#H[VN?*;zْ4)7HqڧDT@VChJ_"ӆԷ#?8䴌On!oW+T| L@^e\'H2!lZw2Wtxj}9"I' . "\0" . '݈_>!gu3^' . "\0" . '@Z~U]W9t}^7R# {q.N/$9\\d~i+;,@d,^L_٨0' . "\0" . 'SSAVբ[~]%I%ՁTJp6M"!w\\΢\'+i$p&K08VAABMyy%ؐ;
SBG,HCD $p]HhDN"0CC&bR\'B	! 6FIJp`N)UT*	$viRhD	7R6i!$gfFrP~hYBYI!PU  H!/)t@LJyIs&FH$O`M<a	Ll2H:9NA@
D,rMvXwtFvPf:2L2wS2U	y;V2p¢8ur@ߣ⾻i΅{oZD0	v/Q7(+ycfjqv0hocկ#UNX\\<:6@I_Sd~Fsm	t;iv=n䮈J,&Ls	~- @A1+znWa;bW=J2ʩ2!8\'9&8A;JSkƯMkSPDud(ݴ.*GNk߷9]5?e)d' . "\0" . '<Co@A-3Ls$m-t.M,䌜Bt끫`ˣ/inkbIVkYQxڍ%`}:A5\\3zFv\'|-t' . "\0" . 'r<H\\\\ɧњFWOd`-?mYԨ>f!-z%\\W#+<D>liTp&g@eIRţ4LS$dopgdLJ56' . "\0" . '=RL炮2w4N"V3N\'-%-ӇRI0H"AV8})zTQ\'$RH$SND(m؞q;(>&bwRJY0	:e!$<p	HNة^Ot9I"aiJWEj)%!ܔ5Dʀ		DGB%hoiZeƄ%<7LmH[SP6M#*zZI	($O
[M#3HH̠~' . "\0" . '̔LA$j	+-%$՜0A	;`*$m]$C"JZ\\$Qq)YV 0JL Pit|{5̠l˟u֠.=Jޕ' . "\0" . '2ֲƭM@lZh~6Z%QepnV^9C~XDg+xv|ZAԪ)޹lrc].[8$-
ZjFH+	}1^j-ϡ\\~[z.sşUsL+smV$eJ;%FU.ym]FWj9BvVU+	Uf;QyVBKT@9#' . "\0" . 'iQ{&no&Kg<ۮLu:}f4&c*tj~N^65"3\'+ťLڀ]cթdFC);G>JðB۲R=5G=
iL֮a>a($]bhx.OGH9/' . "\0" . 'WۋJ\\$9Ǿ˩YA_Q49?~ڸOV9ef4-[[ZHe8A&$nm' . "\0" . '`niqS$#TbR?		$=U;΍k<P;2agYbVSV
W%DVO' . "\0" . '[H`,e#<"L2 `N(dؤJH3n+M`H).U^RvTdd*ǲAp!Ng(.)ŇBI)FKK$	)I]	\'Q 9&>)l)R-?%8K$IwբNJ\';8B&QHMh(Bsh~> D\'K
i`^	($8T# C{e"J>`\\M:ZO' . "\0" . 'eA$.Bbk<*q1TnxOu<JOPLHIV EqkjۆG1q' . "\0" . '!vmZIGU:u$_6>>
B@#?f/2i>a#e3AyV&˅^KmZ g0UL	ckhS̱ANQ1Pޒ[m5ԌXm.y' . "\0" . '90U\\i]nҟ.|2VIb1:Lr湃\\K?ncNf=2ۥRfDtP:q^Ѧk;lLCZ/YӘ!+G/u&' . "\0" . '' . "\0" . 'soT4~}{w_OgJ=<^oxx9Z]P-2h)ԩL[R;]ZVqZU+K\\Op]-jwJ+6G*' . "\0" . 'z(}ḽޟEys]a(+TD\\eQu6>}&B<ô-L06րuǕil%Ԩk\'S!zAY
hi0?J1ϙ9C]=]\'fejPm6!l5yt
Qĕ|*DJO)I<J@Brg#*#;*o5A}G@$";J9C7!' . "\0" . 'evFB ).;vIg`aHSUnZNB`AʬFRO*)"
t&Lt)q7ZJbL$\'+2N!V]JL	)ߡ!}tV\'0!N' . "\0" . 'Jr' . "\0" . '$&LB' . "\0" . '.qT͇@=&Q00nƿ!"D$Be]Q#	+MY]ReN==YQ&YDjLb]PL:yI=HH.*V<vR)#Dln#t~NIDAp:XzWQ7F4xZK41		UHW[ V<+{><R};_;ZQuK}T)id@.34[Stu~Qp?RPiM)=\\d֕_}/.vkVǹq2WESFS*N3G[+5ʄ8OeTWFάJΎ4ƈRiDѪ׉k[miM?' . "\0" . '2f$Za*iпSG9Zpfrms;R*<@^\\>ip-:c\\fL&hsR>^Jɦvb{GwcЪ3EbH\' .%~^@es)דjM)_-9]Js.XXF2ӥix3NҁjRkAƁ' . "\0" . 'Z"vF*~Wfcd*h[T	}Vj˃Ӑ.iil2[eKǪ<k4
Z2*ش?]KLnՀ{KNBٗ$=f' . "\0" . 'ǻ[ѻֵu]P\'?/>Ӻ.jF-<8#?~BJ*t?fW7v\\s@צx' . "\0" . 'ȸ\\X~&Stl V6;FKIApqXDE6R$?4*D&huF+D\\w{u apdXk0!ǲ JD-2 nRt;e%)#ԥ҉hXSB[)IWL+ص΍¹ BQ5=_>$aU]ꬓv+ꆸ"RVNq/7TD' . "\0" . 'L' . "\0" . 'I1ul\\pTdA\'s)N^O#HvMt]N' . "\0" . 'E+aJ+?)qA3#*ԼqvӲ{z$ODRqm`2`o0@Ĥ\\
<hvVJ(a<\'I0&aj*DRI.TtTEKP	ne_e	M"A' . "\0" . '@Ш8tIJny2\\L~7.~)u ---(O_CWuPZ\\Y=_)v>m-]ZLưU%s:=3IG' . "\0" . '[;.6NIN޷|' . "\0" . 'A\\u"JeW4@+uN?@>hҨO+fFI:b6j-^!Ժ|Rhwkܺ+fZN rٹΝ6tϯa֮ڬ,DˉqhcL`f|+=M.' . "\0" . '>A3z)lp_*mu@ַuAi
Zk`>O(]Gg>q+/LMQukv=5k&ZYv[-!i	y:	r>:K̖{,}_.SG+tJ4q2PRJ{	' . "\0" . 'ermԢ=S' . "\0" . 'xC.}Ǚ\'+ѮaI]Q,k A9>jXjH_勷hս`+Un搸Hx&>5v",$Z\\>mt& eM=KVXQ.(~ZE/}uG&6YblvVN0\'+T+E&@\'{sKQI	BRv	&\'g;8D%U.A4ª3^nvyu`U0JIL/?dU9FnADC3X=WeRIPi8M-,\\rRB6D!
LW2t3$TSNJI3j)	WU؟gZc%;%TZf!od
u`$Re9ܢI T8Aq
$miJ *
?U]Ǩ,$$F&VK1_)H
mTQDRH;L3);d-JHHH)YE$ns	ntԑ2pRGeADKMjN&R%\'t#):ҿ4}/4nlwjyvԫU~o.(1*' . "\0" . 'uL}ӊ)4mh4?wS0u	sA-+Qi9򼐩+0MхZfEaַ$ճxsF[ӃWDPmc;!woK]lNM{>w|K :JVS"nz;ujkȞ!E>L8H\'v*1m!9UƘlǢSI(kP9v?*51^QZbF,l7K}|yvT?C
&@@S!6sm5
J4=.{ 	eA' . "\0" . '\'nrZqʔκ9vTJ8/O`U%͐XZ&Fr[CGm}Bϑ:喴1ܕV OrVh+iN4i4W&' . "\0" . 'rn4r\\sn4nNصo`\'?}+oLWYU}ۧm1M-D0>' . "\0" . 't:SU`KvOf~J%iRo{>0e@Xy" RV۲y' . "\0" . 'eI*D`H	jDJRzCj@+ԇ](Rp\'DN{,eg*[BP	(8`y$uLJ!Ri%O	JT\\xLl2n<`Rj
<L	j%Ʉ*엺P0
2Bbz"$gсeLq;|6N$Lz!Ue3!pz_-/Xۺ\\JJ}dS
K
A!(їPʕ q)LrRR
h)s8HI1"DxXs튌9HZ`gu)2kɇw`&UeeQV2)5Ĕ{2L.r\\$պ)}s=Cx-:}èuѓHӨ4v {I%xߊ
\\tkj̣xǶ֣UF@p%' . "\0" . '̔ZHsI' . "\0" . 'Ÿkqa`7="' . "\0" . 'ͷN}
uH49w\\ǗY>qpw*<nJ\'+iqM{7[tU3ܡH\\3U%i@\\{ׇ@Od擑ۭYJeZ5z.kqz
|Mz{' . "\0" . 'GG.IITL#U&D.V{4w>c{3WWVU4tQo8ŧMy!N[V\'ײdWj\'KhA9	(' . "\0" . 'mXHa-	$·K`{[P
oQ߾9s}D+W5hP{_T*LgY}V@?4}.3USs L8OK' . "\0" . 'iqjT-9X\\;vp[iXO<Sfݫ&ؓq~\'۷^Ɠhip&ECѿ-[^hPujuP4Skrqc/x6} tjWyW%k?ۆ;z埌)9[vVu"fW2]6P!"e$"D I	ȯh0΄EDu@uj\'rN$H|zM	~Qw' . "\0" . '8T㤸d׏F}$)' . "\0" . 'l1.%"@H*^xǫ.Ry9v4Z=E\';Qղs9wT=9x&J8;0e' . "\0" . '=PE8*g;%DRk	2:̩sEQwG֐qc-"\' R&B@r^EEJ,=($~OFR\'eЖyQFNFB7)8ʓRvVdLq*u2T䦓l˨N6] prUU>S!ec@IB_$~h{zǪ
6y2q39ÔIҖ׃F z.ӮmBgFJHRl5D' . "\0" . 'I\'<R>]ShMZi#ڠ_Umz4imVJƥtzUR{\'$x' . "\0" . 'w|oLlÿ,?uD' . "\0" . '$Vz8[ݒW*ewŴazڮ䬕!1-KɛyRwK2[h*
;[XbE\\FvZ"Keu2ƣMOCGTI,py7Y1M/H2k\\0isKJ+*Q\'mвU r?ԯceruTa..)DPpKMQ"ɶO]+ZpV+W4' . "\0" . ')=/:$Ar
$gEL[6SFJޡST}Q¨Kmw\'b&"O' . "\0" . 'n׸\'xѫ8' . "\0" . '/|x:[Чgm' . "\0" . 'KhR=Dsq3m!deݑ e.*V̥Ä`N!' . "\0" . 'J..t $@n)\'NZB|F@[0p/$&h\'lp/>v?1+2=mZKe(7JMv8<ت՘jDARheĉPHҔǪ/@%^J]~lDܩbIN+	)gC$1
I#"E{>%\'rmHe e @' . "\0" . '>IvRq*rґDI9V\'@;䪔|b\\hTU$A8Yx7\'QMp/
юL̤IZL(/!*`o	)7UNbp}}OV2Sp~¾ZeH1|).aمTr
Qm' . "\0" . '	򖲔,^/][ޝg+:^ e?3m' . "\0" . '`A' . "\0" . 'zۋt)>G5.sp' . "\0" . 'ܕ|"W;i*gXma' . "\0" . '' . "\0" . 'd=HlJ[ѦS1Z' . "\0" . '=!~`<;ƬT)6@J}tCQ8W' . "\0" . 'hguZRGۍQ
Dm?4\\Lr3\\fWWIqkzk5F鼕Y蹥U	7fN[TmK!u FTZ3-OiZ>i=J.iA[J3iޝM4}*C	Ҫ5UҠmlg:Xj]zנvY@' . "\0" . '{k[:cvw4pqQT^ìi2' . "\0" . 'r+ؚ$' . "\0" . 'EEKW&' . "\0" . '@8
e\'+VPI\'sHH\\ˊ.y4fUt@M +\\7(88[﫮*4RZMsց!s$e}7G@!XռаR!=#-xbg7$S^g|)Ӻ' . "\0" . '!m]?q' . "\0" . ']XkΔۓTjNX5z*(olweFgb.eZ ),zs"SOe.J>BʒW*p5S"\'&U!)]~s$8bEGBqTwVQp9CNR%:m];@S x)<T' . "\0" . '&N).k&nj' . "\0" . '}R3 8	Feb)v\'N ;jЌS.\')+i"dPP!Ip9@Tl^H,e	G*dd̲;/R]\'O*U2mI!C>U:P4QTjR;#CfQ"rTHN.	:zN=T' . "\0" . 'Dn_Qv$Ds9K_2_$RLI)VJ!%ZS(x\'/;abNH;rwɟHH9	jtrЪ̅LNgdLU.NZ:EAzجd6CXfI#c+p[AP뺍7U욓]oZ~镜noXo.!63^ҕѡA*l ' . "\0" . '=' . "\0" . 'Eq_<W|x' . "\0" . '' . "\0" . ']#t:O"s+C[uKwHTsMԪ0' . "\0" . '3HY/ER=5.*4`dhυ]צ' . "\0" . 'Ӵ¡~Wwt8J}!6MׇQ?ܾ-q' . "\0" . ']^n_xk\'' . "\0" . 'H?isjn-YNvj@pLD?(^
8^.\\k9\',0Cjhv8Z5Rrݚdiwp[/#s%:ufi=M.$f
ާ&Jnd}GVDйv&v[tdC\\O75' . "\0" . 'zl+O*)\'(=׶Wv˭csS_9#Ǳ[ l:|y>^N%͍D,.|\'g/U#VeZa.IsVV<)(Ϟ#h@?2nsG2jֻ3uh1ҠV_?f^[sD7Ȳ@v/Ν=V~Vͷʯ#' . "\0" . '*|Ϭ|adZBdBUE(fްKTVC ĄI\'m' . "\0" . 'AKW1_7kKPTmI<όVZOS`#aſ<sQKz}<r=o' . "\0" . 'r3gUcN>	YO/g!R{`ORZB{-@r2
}
0IQ,r82"9Uwgڄ.{r{TT@Jc5q+7k2jV2;tI&eRebxHլ"ˬDjvlrv3a5c	snL䥈Z3' . "\0" . 'dX<´' . "\0" . 'Zfd="X5>8U^^ډTN7XMMGdqG9Yu\\r1*T̚5\'R/ZjH˪62yP^sku\\XQʏ2"KYٕόzr!$Х*Q VyH0V7TIR]fj:$ܢK3ably$	
[6蒱yFn;<f]i:W#^%PEt50;c*[{u.u>]Pauz\'9Wx2GcmZ6ԎGdϢ[,"67Rb%.ժ
-e&rW*>Rt.ez~WɰoG)Rs;+h
:+2Ηӹ4<:!-q_x̬ƽݮԸ`e0ֈ' . "\0" . 'lQqϘtY]c\\WdqT-v.{?3Xn<.\'r|-tnR!ۭ[QrZr[[3xoIpZέ	P	&f{A:`+a?0qMc+fc!3Ue&s	!J*tbmZnRp+0¦	Zb0{\\Ua>+(1P֮p&;1ʁ ݛt[l!sMr6+Ϫ.zt*Ka>7Dek5h$Ӵyl2<ERլwSL9Ē@sL3#U \'ZujuC9sG[HTm(7h#Yܖgh|zԪw{E]:t`}e|>>QoYÃ߮TsrI&
^oE\'\'PaHp?r.ۇ˽ѲZO*˴|' . "\0" . 'SW]B_V5n:j.s\'s' . "\0" . 'd6ڢU:y*&2y]JMg[Dv^uzKɪ4䉕.-ɟ>xַ:#o<5y}3>ޫӂ*|uycI=' . "\0" . '.S-oR꼟ӷƌI*^XW,;49P`%ۘqS9]Y{p"b ^aPHVql+);8}pwS9DnڤwX|Ƃ$\'_,F-k	*Mac2%2vZp<͍p[zl\\V8U\'M&mLV)FT].|\\tu3juaZ}7R_`SJޗn6J]P*Mp0T%#SZ' . "\0" . 'ĩ}yT*6wRj-?7ܞҴ5`T:Et܆@ORe-ã|cuunĩD򦔋oRVW;/>v8Ft$N?<H\\P&*(}{7hت54BFٻ%8`jyγGtN(4;*\\nO;OQk&}7WFՇTrx' . "\0" . 'z>ռWԛZ̧gHFՁ0' . "\0" . 'wx7+ήשBʳ2l(D9`+wFk^Tܽy,3ZW9bl䟜_G*iFA\\R@OckgcQ
޷F$/Q8-USe`s^b"_ay&$@+7TntK& UGyv;-' . "\0" . '{-I4cXjؾ7	.-^U(fs	avq^Ro֌PeFZzI+,iQI_gEGub.p*ΓkkgsXmNۢ7F@e*U$4nQahk1/<UyTyA~l<VHcCwః+bI ٞܤG+ZΆ7uzh2FÄu+{W9¥A\\T' . "\0" . 'kraw@\\+ڵg8xyS ܹ+w9@SyĻZOPNJT;-hր7tѲ' . "\0" . 'dl6TjuѴc/#pXG>ly㕚rV0TA4}t3|BtT]Oj{@' . "\0" . 'qr #]m,EYj' . "\0" . 'iH3BOU4uQ' . "\0" . 'BW䟓gO&QYR>UA_QɅ<AR?ڗl=sS֝ߋs+1]B}=CYҤuP9u' . "\0" . '5ZNɆ7\\ҍ}s?AT]:uվ֎|P"?' . "\0" . 'wCgyST' . "\0" . 'sMk7:>WǾk@Qq$V' . "\0" . 'qM|5	~{^Ro-Dpj-x' . "\0" . '@~e|O(wR{]#"O;_O-cX]&GqS"!~{/a).ϯ5?508t-wKvT/o|I9ɾh=>ω7D27' . "\0" . 'R@y#|~?NQIxK)h{olG_)"gV/W(º"2W*|F֐y+\'*jS}C)Zhm8?CW?M$DaP-wKO砅u0	U' . "\0" . 'x}|X3[\\(?l+<P5F.?NZ~L-/iyi"$XҞD\\A*:`{=Gc.7R~\'\'.!P>"й4.:nb6	?g<JRlK!txnFbAcjv+T\'\'
T$e%>|p	' . "\0" . 'P~!tOZ' . "\0" . '_=X4CJzΏ' . "\0" . '!?|#ͭ<&?Ug걎Ctj0CS~Ϸ3ǝf=*ώ' . "\0" . '?WOWsr{nF"eKvo:0>BA5ua' . "\0" . 'M֪:بwX]<ϺoB1~M' . "\0" . 'ÃOS<n?-~1A5uT>]]&j*1UgxV' . "\0" . 'sn|?,tj5ZP
LN;dhk' . "\0" . '5+12j~x2èxԯX$Ri#xx˩' . "\0" . '<K{0Z>%vI)OaZbLk%b/$摜dntFW?S[4ԨVtN\\E' . "\0" . '	hU֫Cʤhq*~pZ]0yO1>ޕL-+ \'N
~p`kką.R}H8XM\'v+A۵`Ԡ9c	I6$0ӚrY7Z\\>Pe[:;Qm./
tr0?:N\'-w2敭$8 7f7`"ʽWCiO`Gc?]>\'#UJ5cۻ' . "\0" . '^@uwǕڶ' . "\0" . 'mypĤu~C)QcFeKBm6˜si6@tԔ{9\\' . "\0" . '0w[ךjڣ) j6@|[tm|#xgILG+2aeV4' . "\0" . 'efNJV\'Xgc&L͆
e`e&&}5k' . "\0" . 'ٕA-74gR2Vrj uYp%l6ο*^b -`w\'d Nʠ2$m~&Z~Uܺ-n&Cli^V_v/33OX|Lk#S[^XSӢΩ#K&\\s wUȚ9AHVqr?>ƇH$rTeaƢ)Qa1.7Q;q] |E<G' . "\0" . 'Ɣ{1ȏVxcXf[GoΗsLk%?Uq-1;?/¹tbO?5U7a3+Imt' . "\0" . '<9r\'1URr?3̭W@q2WآrF5+7.E}ˁ(}ێ%fuy̪CrS#nnG\\JJisk覭֖i+Nѭ4`eê+ښeQL`eg~~,苖\'_jHպvV?OIn~`W8V$%\'\\jcvqQw&W)ׂps0)EGu0T:F$ЏD93pNg
q5-5VJt˹Zme<3\\LjGQZod`O7</pMJ3NuX¿6emI\\Bt' . "\0" . '{qk+sCY.["IPLNZs{wz:5;SDS$' . "\0" . '
,,F՞ӲZ wtw*?ӳF`CӬ&
!iJQG+*`-aM`ъ#uhq./Ă\\ڝ儽,ۈ"?%uo歽6p>q>RZ̬Y?P+Z7klBpPXX 4#MAYN\\!]d5CFpR]{:#$grVi u!*咸s:(1rgV _z?yĎBhSWuz&s]P' . "\0" . 'i' . "\0" . 'lMSacVT$5`H\\\'8 5ۮ?ri@\\U;XZ2-W-3Q{юs9X-uUVv5pWT:XtCDԨ' . "\0" . '
-%iSA*t.45:f?%|BrUP*ˤǪRlFVKWGkH
gZe\\' . "\0" . ':onKI~@6\'\'o5VXS8U @YĬ~W!p\'i' . "\0" . '@O~tPb3Nݜ8{_#S\\o' . "\0" . 'ÿ~ 1ծ/-X-ML3=̎IGN<t>ZwmPyť9ڙlQ6.z' . "\0" . 'R\\y.ƥ:' . "\0" . '1>)K[TTh`kX"BF-mQsᮮ&t  fc<QGZ)?[k?yW-/Sy~):רqE^sv #wK|ndJ~7:鶷ks|ƽt*#ۿs䮥1V,`ȯJ"u4u*1R?LDmWO0̏/&#T
I\\:s9/ 5' . "\0" . '4&|\\^+T\'8`biI[V,i;jX)q+dnLuX!T4a9$afV4d}Џ$Jw7Ms1PkN\'+Kyai(0]wS{u\\cTtSF̑傶bZ\\腱J_E.h#e8%+ب1+DXMSkRH8W0Nk8CjCf봘X[ZӒryͥaPD`,oӂVj,Q+ZU+\\×8/~@e{$8IZFnBPmhUZw7' . "\0" . '`lJ׭v4\'X$AtE!(sD9*-iI,T' . "\0" . 't:`-VpISuMxs"	tm`|QCTdI+Uk*ZLhtU	
nZ)ʥEm9dmw+E-2&VfPiiZmIv' . "\0" . 'k8kMT0B߸O53˦1\\1!Ӕ^VmJ@ƕQ*Y/E' . "\0" . 'kHV!vMCv}ō6͎q칾_/$|QTi22+T[֦sJ_\'4^<Te`~!c2S,^H9><YqN~@z;,' . "\0" . 'b2QtZ.}8ZGcZ]f\\̨neق+kՒt8FnyN<hXU8<-Ulpi2-)^1fr4$Gtz(c7h+!dIѰWDӆ"oM[.m_;c>B%sղn[' . "\0" . 's.0	]"Z/}}L\\능esaB:w$5-d<}יCUsAfՁa\\N)1赪[6
6a"gmRrV2=U+t0!\'Q7_1iYte`&j.*Ɗh_`{BT(rxR2	
5G	HvV&(k+zq`' . "\0" . 'hS~?nRh	Yq[	+L{XjTG8k&v[l' . "\0" . 'V|ڌTk]*.FQ)팭/
ZyVn9	Z\\>Vg;aTp9X+\\K#+H&m 3&ISRV;zet^H3;,a@XrFZb/.?1J\\x#;oشƥʠ݅ܵTBRr@m26ZwCF7+9޿SzS\\rIS0\'t#\\xYtiWCHOH;1\\tjV	tV)w' . "\0" . 'lhi3
6q`k\\ƽۂike8XIx+Z:tjѺhA|ymfBߗxMyS¨\\KAFSQ\'b.!~+L3kܳh|rPIVrjMp	)J	m~L[44|0H>"7U:eOqjqTj,@yOI||L2*J2ߥulʵ) 6O]7Q!.(| ir|)qhP&|֣\\dVy"D.,h\\ն<-[o*\\ëi=׋.u6<Oqc8mңbsE,NKn<10$lu|-_	z}KT-.]_6{u16gӌ	kv_\\_>f+NZ2C.jAO访^ŵ`᩿${9Uv+3X@{>ƽ=c}nծ&~:EYcvF[Tib?\'匿XKs)jiQJ~gքԘ3$GͯězMnَNP
\'"
}]:3`-,?0_}?' . "\0" . '<=\'3M=t@#KuPawů)]mi՟o{a}Qԩ]QYrp' . "\0" . '~,WL,oV:w\\HZ`!eI2h٩/W:I:VL8Zrh0J=\\IQik-<.EOլ4n<Ղ1~L݅Π' . "\0" . 'y<tkx;U]ICF
D>\\Jp5 ʊ6FꥃXi8	
J*|mZuiZap[uϭKX!pO@k0F9M4s\'VR2N,')
 3 SYSTEMPATH\CodeIgniter.php(919): App\Controllers\Condominio\Visitantes->crearIngreso()
 4 SYSTEMPATH\CodeIgniter.php(494): CodeIgniter\CodeIgniter->runController(Object(App\Controllers\Condominio\Visitantes))
 5 SYSTEMPATH\CodeIgniter.php(353): CodeIgniter\CodeIgniter->handleRequest(null, Object(Config\Cache), false)
 6 FCPATH\index.php(79): CodeIgniter\CodeIgniter->run()
INFO - 2024-12-07 13:02:25 --> Session: Class initialized using 'CodeIgniter\Session\Handlers\FileHandler' driver.
ERROR - 2024-12-07 13:02:25 --> mysqli_sql_exception: Cannot add or update a child row: a foreign key constraint fails (`keymaster`.`tbl_visitantes`, CONSTRAINT `tbl_visitantes_ibfk_1` FOREIGN KEY (`apartamento_id`) REFERENCES `tbl_apartamentos` (`id`) ON DELETE CASCADE ON UPDATE CASCADE) in C:\xampp\htdocs\CONDOMINIO\system\Database\MySQLi\Connection.php:306
Stack trace:
#0 C:\xampp\htdocs\CONDOMINIO\system\Database\MySQLi\Connection.php(306): mysqli->query('INSERT INTO `tb...', 0)
#1 C:\xampp\htdocs\CONDOMINIO\system\Database\BaseConnection.php(692): CodeIgniter\Database\MySQLi\Connection->execute('INSERT INTO `tb...')
#2 C:\xampp\htdocs\CONDOMINIO\system\Database\BaseConnection.php(606): CodeIgniter\Database\BaseConnection->simpleQuery('INSERT INTO `tb...')
#3 C:\xampp\htdocs\CONDOMINIO\system\Database\BaseBuilder.php(2308): CodeIgniter\Database\BaseConnection->query('INSERT INTO `tb...', Array, false)
#4 C:\xampp\htdocs\CONDOMINIO\system\Model.php(319): CodeIgniter\Database\BaseBuilder->insert()
#5 C:\xampp\htdocs\CONDOMINIO\system\BaseModel.php(788): CodeIgniter\Model->doInsert(Array)
#6 C:\xampp\htdocs\CONDOMINIO\system\Model.php(715): CodeIgniter\BaseModel->insert(Array, true)
#7 C:\xampp\htdocs\CONDOMINIO\app\Models\VisitantesModel.php(66): CodeIgniter\Model->insert(Array)
#8 C:\xampp\htdocs\CONDOMINIO\app\Controllers\Condominio\Visitantes.php(283): App\Models\VisitantesModel->crearVisitante(Array)
#9 C:\xampp\htdocs\CONDOMINIO\system\CodeIgniter.php(919): App\Controllers\Condominio\Visitantes->crearIngreso()
#10 C:\xampp\htdocs\CONDOMINIO\system\CodeIgniter.php(494): CodeIgniter\CodeIgniter->runController(Object(App\Controllers\Condominio\Visitantes))
#11 C:\xampp\htdocs\CONDOMINIO\system\CodeIgniter.php(353): CodeIgniter\CodeIgniter->handleRequest(NULL, Object(Config\Cache), false)
#12 C:\xampp\htdocs\CONDOMINIO\index.php(79): CodeIgniter\CodeIgniter->run()
#13 {main}
CRITICAL - 2024-12-07 13:02:25 --> Cannot add or update a child row: a foreign key constraint fails (`keymaster`.`tbl_visitantes`, CONSTRAINT `tbl_visitantes_ibfk_1` FOREIGN KEY (`apartamento_id`) REFERENCES `tbl_apartamentos` (`id`) ON DELETE CASCADE ON UPDATE CASCADE)
in SYSTEMPATH\Database\BaseConnection.php on line 646.
 1 SYSTEMPATH\Database\BaseBuilder.php(2308): CodeIgniter\Database\BaseConnection->query('INSERT INTO `tbl_visitantes` (`nombre`, `telefono`, `eps`, `fecha_nacimiento`, `edad`, `torre_id`, `residente_id`, `visita_autorizada`, `escarapela`, `relacion_residente`, `placa`, `tipo_vehiculo`, `color_vehiculo`, `observaciones`, `foto_ingreso`, `created_at`, `updated_at`) VALUES (:nombre:, :telefono:, :eps:, :fecha_nacimiento:, :edad:, :torre_id:, :residente_id:, :visita_autorizada:, :escarapela:, :relacion_residente:, :placa:, :tipo_vehiculo:, :color_vehiculo:, :observaciones:, :foto_ingreso:, :created_at:, :updated_at:)', [...], false)
 2 SYSTEMPATH\Model.php(319): CodeIgniter\Database\BaseBuilder->insert()
 3 SYSTEMPATH\BaseModel.php(788): CodeIgniter\Model->doInsert([...])
 4 SYSTEMPATH\Model.php(715): CodeIgniter\BaseModel->insert([...], true)
 5 APPPATH\Models\VisitantesModel.php(66): CodeIgniter\Model->insert([...])
 6 APPPATH\Controllers\Condominio\Visitantes.php(283): App\Models\VisitantesModel->crearVisitante([...])
 7 SYSTEMPATH\CodeIgniter.php(919): App\Controllers\Condominio\Visitantes->crearIngreso()
 8 SYSTEMPATH\CodeIgniter.php(494): CodeIgniter\CodeIgniter->runController(Object(App\Controllers\Condominio\Visitantes))
 9 SYSTEMPATH\CodeIgniter.php(353): CodeIgniter\CodeIgniter->handleRequest(null, Object(Config\Cache), false)
10 FCPATH\index.php(79): CodeIgniter\CodeIgniter->run()
INFO - 2024-12-07 13:03:06 --> Session: Class initialized using 'CodeIgniter\Session\Handlers\FileHandler' driver.
INFO - 2024-12-07 13:07:41 --> Session: Class initialized using 'CodeIgniter\Session\Handlers\FileHandler' driver.
INFO - 2024-12-07 13:07:41 --> Session: Class initialized using 'CodeIgniter\Session\Handlers\FileHandler' driver.
INFO - 2024-12-07 13:10:04 --> Session: Class initialized using 'CodeIgniter\Session\Handlers\FileHandler' driver.
INFO - 2024-12-07 13:10:36 --> Session: Class initialized using 'CodeIgniter\Session\Handlers\FileHandler' driver.
INFO - 2024-12-07 13:10:36 --> Session: Class initialized using 'CodeIgniter\Session\Handlers\FileHandler' driver.
INFO - 2024-12-07 13:13:21 --> Session: Class initialized using 'CodeIgniter\Session\Handlers\FileHandler' driver.
INFO - 2024-12-07 13:13:22 --> Session: Class initialized using 'CodeIgniter\Session\Handlers\FileHandler' driver.
INFO - 2024-12-07 13:14:52 --> Session: Class initialized using 'CodeIgniter\Session\Handlers\FileHandler' driver.
INFO - 2024-12-07 13:17:34 --> Session: Class initialized using 'CodeIgniter\Session\Handlers\FileHandler' driver.
INFO - 2024-12-07 13:17:34 --> Session: Class initialized using 'CodeIgniter\Session\Handlers\FileHandler' driver.
INFO - 2024-12-07 13:18:13 --> Session: Class initialized using 'CodeIgniter\Session\Handlers\FileHandler' driver.
INFO - 2024-12-07 13:27:26 --> Session: Class initialized using 'CodeIgniter\Session\Handlers\FileHandler' driver.
INFO - 2024-12-07 13:28:10 --> Session: Class initialized using 'CodeIgniter\Session\Handlers\FileHandler' driver.
INFO - 2024-12-07 13:28:13 --> Session: Class initialized using 'CodeIgniter\Session\Handlers\FileHandler' driver.
INFO - 2024-12-07 13:28:14 --> Session: Class initialized using 'CodeIgniter\Session\Handlers\FileHandler' driver.
INFO - 2024-12-07 13:28:33 --> Session: Class initialized using 'CodeIgniter\Session\Handlers\FileHandler' driver.
INFO - 2024-12-07 13:28:56 --> Session: Class initialized using 'CodeIgniter\Session\Handlers\FileHandler' driver.
INFO - 2024-12-07 13:30:07 --> Session: Class initialized using 'CodeIgniter\Session\Handlers\FileHandler' driver.
