ERROR - 2024-03-14 23:25:47 --> mysqli_sql_exception: Cannot add or update a child row: a foreign key constraint fails (`u826814276_rondero`.`tbl_usuarios`, CONSTRAINT `tbl_usuarios_ibfk_2` FOREIGN KEY (`id_puesto`) REFERENCES `tbl_puestos` (`id_puesto`) ON DELETE CASCADE ON UPDATE CASCADE) in /home/u826814276/domains/rondero360.com/public_html/system/Database/MySQLi/Connection.php:306
Stack trace:
#0 /home/u826814276/domains/rondero360.com/public_html/system/Database/MySQLi/Connection.php(306): mysqli->query()
#1 /home/u826814276/domains/rondero360.com/public_html/system/Database/BaseConnection.php(692): CodeIgniter\Database\MySQLi\Connection->execute()
#2 /home/u826814276/domains/rondero360.com/public_html/system/Database/BaseConnection.php(606): CodeIgniter\Database\BaseConnection->simpleQuery()
#3 /home/u826814276/domains/rondero360.com/public_html/system/Database/BaseBuilder.php(2475): CodeIgniter\Database\BaseConnection->query()
#4 /home/u826814276/domains/rondero360.com/public_html/system/Model.php(385): CodeIgniter\Database\BaseBuilder->update()
#5 /home/u826814276/domains/rondero360.com/public_html/system/BaseModel.php(949): CodeIgniter\Model->doUpdate()
#6 /home/u826814276/domains/rondero360.com/public_html/system/Model.php(776): CodeIgniter\BaseModel->update()
#7 /home/u826814276/domains/rondero360.com/public_html/app/Models/UsuariosModel.php(51): CodeIgniter\Model->update()
#8 /home/u826814276/domains/rondero360.com/public_html/app/Controllers/Company/Usuarios.php(182): App\Models\UsuariosModel->actualizarUsuario()
#9 /home/u826814276/domains/rondero360.com/public_html/system/CodeIgniter.php(919): App\Controllers\Company\Usuarios->actualizar()
#10 /home/u826814276/domains/rondero360.com/public_html/system/CodeIgniter.php(494): CodeIgniter\CodeIgniter->runController()
#11 /home/u826814276/domains/rondero360.com/public_html/system/CodeIgniter.php(353): CodeIgniter\CodeIgniter->handleRequest()
#12 /home/u826814276/domains/rondero360.com/public_html/index.php(79): CodeIgniter\CodeIgniter->run()
#13 {main}
CRITICAL - 2024-03-14 23:25:47 --> Cannot add or update a child row: a foreign key constraint fails (`u826814276_rondero`.`tbl_usuarios`, CONSTRAINT `tbl_usuarios_ibfk_2` FOREIGN KEY (`id_puesto`) REFERENCES `tbl_puestos` (`id_puesto`) ON DELETE CASCADE ON UPDATE CASCADE)
in SYSTEMPATH/Database/BaseConnection.php on line 646.
 1 SYSTEMPATH/Database/BaseBuilder.php(2475): CodeIgniter\Database\BaseConnection->query()
 2 SYSTEMPATH/Model.php(385): CodeIgniter\Database\BaseBuilder->update()
 3 SYSTEMPATH/BaseModel.php(949): CodeIgniter\Model->doUpdate()
 4 SYSTEMPATH/Model.php(776): CodeIgniter\BaseModel->update()
 5 APPPATH/Models/UsuariosModel.php(51): CodeIgniter\Model->update()
 6 APPPATH/Controllers/Company/Usuarios.php(182): App\Models\UsuariosModel->actualizarUsuario()
 7 SYSTEMPATH/CodeIgniter.php(919): App\Controllers\Company\Usuarios->actualizar()
 8 SYSTEMPATH/CodeIgniter.php(494): CodeIgniter\CodeIgniter->runController()
 9 SYSTEMPATH/CodeIgniter.php(353): CodeIgniter\CodeIgniter->handleRequest()
10 FCPATH/index.php(79): CodeIgniter\CodeIgniter->run()
ERROR - 2024-03-14 23:25:54 --> mysqli_sql_exception: Cannot add or update a child row: a foreign key constraint fails (`u826814276_rondero`.`tbl_usuarios`, CONSTRAINT `tbl_usuarios_ibfk_2` FOREIGN KEY (`id_puesto`) REFERENCES `tbl_puestos` (`id_puesto`) ON DELETE CASCADE ON UPDATE CASCADE) in /home/u826814276/domains/rondero360.com/public_html/system/Database/MySQLi/Connection.php:306
Stack trace:
#0 /home/u826814276/domains/rondero360.com/public_html/system/Database/MySQLi/Connection.php(306): mysqli->query()
#1 /home/u826814276/domains/rondero360.com/public_html/system/Database/BaseConnection.php(692): CodeIgniter\Database\MySQLi\Connection->execute()
#2 /home/u826814276/domains/rondero360.com/public_html/system/Database/BaseConnection.php(606): CodeIgniter\Database\BaseConnection->simpleQuery()
#3 /home/u826814276/domains/rondero360.com/public_html/system/Database/BaseBuilder.php(2475): CodeIgniter\Database\BaseConnection->query()
#4 /home/u826814276/domains/rondero360.com/public_html/system/Model.php(385): CodeIgniter\Database\BaseBuilder->update()
#5 /home/u826814276/domains/rondero360.com/public_html/system/BaseModel.php(949): CodeIgniter\Model->doUpdate()
#6 /home/u826814276/domains/rondero360.com/public_html/system/Model.php(776): CodeIgniter\BaseModel->update()
#7 /home/u826814276/domains/rondero360.com/public_html/app/Models/UsuariosModel.php(51): CodeIgniter\Model->update()
#8 /home/u826814276/domains/rondero360.com/public_html/app/Controllers/Company/Usuarios.php(182): App\Models\UsuariosModel->actualizarUsuario()
#9 /home/u826814276/domains/rondero360.com/public_html/system/CodeIgniter.php(919): App\Controllers\Company\Usuarios->actualizar()
#10 /home/u826814276/domains/rondero360.com/public_html/system/CodeIgniter.php(494): CodeIgniter\CodeIgniter->runController()
#11 /home/u826814276/domains/rondero360.com/public_html/system/CodeIgniter.php(353): CodeIgniter\CodeIgniter->handleRequest()
#12 /home/u826814276/domains/rondero360.com/public_html/index.php(79): CodeIgniter\CodeIgniter->run()
#13 {main}
CRITICAL - 2024-03-14 23:25:54 --> Cannot add or update a child row: a foreign key constraint fails (`u826814276_rondero`.`tbl_usuarios`, CONSTRAINT `tbl_usuarios_ibfk_2` FOREIGN KEY (`id_puesto`) REFERENCES `tbl_puestos` (`id_puesto`) ON DELETE CASCADE ON UPDATE CASCADE)
in SYSTEMPATH/Database/BaseConnection.php on line 646.
 1 SYSTEMPATH/Database/BaseBuilder.php(2475): CodeIgniter\Database\BaseConnection->query()
 2 SYSTEMPATH/Model.php(385): CodeIgniter\Database\BaseBuilder->update()
 3 SYSTEMPATH/BaseModel.php(949): CodeIgniter\Model->doUpdate()
 4 SYSTEMPATH/Model.php(776): CodeIgniter\BaseModel->update()
 5 APPPATH/Models/UsuariosModel.php(51): CodeIgniter\Model->update()
 6 APPPATH/Controllers/Company/Usuarios.php(182): App\Models\UsuariosModel->actualizarUsuario()
 7 SYSTEMPATH/CodeIgniter.php(919): App\Controllers\Company\Usuarios->actualizar()
 8 SYSTEMPATH/CodeIgniter.php(494): CodeIgniter\CodeIgniter->runController()
 9 SYSTEMPATH/CodeIgniter.php(353): CodeIgniter\CodeIgniter->handleRequest()
10 FCPATH/index.php(79): CodeIgniter\CodeIgniter->run()
