ERROR - 2024-03-15 07:30:42 --> mysqli_sql_exception: Cannot add or update a child row: a foreign key constraint fails (`u826814276_rondero`.`tbl_usuarios`, CONSTRAINT `tbl_usuarios_ibfk_2` FOREIGN KEY (`id_puesto`) REFERENCES `tbl_puestos` (`id_puesto`) ON DELETE CASCADE ON UPDATE CASCADE) in /home/u826814276/domains/rondero360.com/public_html/system/Database/MySQLi/Connection.php:306
Stack trace:
#0 /home/u826814276/domains/rondero360.com/public_html/system/Database/MySQLi/Connection.php(306): mysqli->query()
#1 /home/u826814276/domains/rondero360.com/public_html/system/Database/BaseConnection.php(692): CodeIgniter\Database\MySQLi\Connection->execute()
#2 /home/u826814276/domains/rondero360.com/public_html/system/Database/BaseConnection.php(606): CodeIgniter\Database\BaseConnection->simpleQuery()
#3 /home/u826814276/domains/rondero360.com/public_html/system/Database/BaseBuilder.php(2475): CodeIgniter\Database\BaseConnection->query()
#4 /home/u826814276/domains/rondero360.com/public_html/system/Model.php(385): CodeIgniter\Database\BaseBuilder->update()
#5 /home/u826814276/domains/rondero360.com/public_html/system/BaseModel.php(949): CodeIgniter\Model->doUpdate()
#6 /home/u826814276/domains/rondero360.com/public_html/system/Model.php(776): CodeIgniter\BaseModel->update()
#7 /home/u826814276/domains/rondero360.com/public_html/app/Models/UsuariosModel.php(51): CodeIgniter\Model->update()
#8 /home/u826814276/domains/rondero360.com/public_html/app/Controllers/Company/Usuarios.php(182): App\Models\UsuariosModel->actualizarUsuario()
#9 /home/u826814276/domains/rondero360.com/public_html/system/CodeIgniter.php(919): App\Controllers\Company\Usuarios->actualizar()
#10 /home/u826814276/domains/rondero360.com/public_html/system/CodeIgniter.php(494): CodeIgniter\CodeIgniter->runController()
#11 /home/u826814276/domains/rondero360.com/public_html/system/CodeIgniter.php(353): CodeIgniter\CodeIgniter->handleRequest()
#12 /home/u826814276/domains/rondero360.com/public_html/index.php(79): CodeIgniter\CodeIgniter->run()
#13 {main}
CRITICAL - 2024-03-15 07:30:42 --> Cannot add or update a child row: a foreign key constraint fails (`u826814276_rondero`.`tbl_usuarios`, CONSTRAINT `tbl_usuarios_ibfk_2` FOREIGN KEY (`id_puesto`) REFERENCES `tbl_puestos` (`id_puesto`) ON DELETE CASCADE ON UPDATE CASCADE)
in SYSTEMPATH/Database/BaseConnection.php on line 646.
 1 SYSTEMPATH/Database/BaseBuilder.php(2475): CodeIgniter\Database\BaseConnection->query()
 2 SYSTEMPATH/Model.php(385): CodeIgniter\Database\BaseBuilder->update()
 3 SYSTEMPATH/BaseModel.php(949): CodeIgniter\Model->doUpdate()
 4 SYSTEMPATH/Model.php(776): CodeIgniter\BaseModel->update()
 5 APPPATH/Models/UsuariosModel.php(51): CodeIgniter\Model->update()
 6 APPPATH/Controllers/Company/Usuarios.php(182): App\Models\UsuariosModel->actualizarUsuario()
 7 SYSTEMPATH/CodeIgniter.php(919): App\Controllers\Company\Usuarios->actualizar()
 8 SYSTEMPATH/CodeIgniter.php(494): CodeIgniter\CodeIgniter->runController()
 9 SYSTEMPATH/CodeIgniter.php(353): CodeIgniter\CodeIgniter->handleRequest()
10 FCPATH/index.php(79): CodeIgniter\CodeIgniter->run()
INFO - 2024-03-15 07:33:27 --> Session: Class initialized using 'CodeIgniter\Session\Handlers\FileHandler' driver.
INFO - 2024-03-15 07:33:38 --> Session: Class initialized using 'CodeIgniter\Session\Handlers\FileHandler' driver.
ERROR - 2024-03-15 07:33:38 --> mysqli_sql_exception: Cannot add or update a child row: a foreign key constraint fails (`u826814276_rondero`.`tbl_usuarios`, CONSTRAINT `tbl_usuarios_ibfk_2` FOREIGN KEY (`id_puesto`) REFERENCES `tbl_puestos` (`id_puesto`) ON DELETE CASCADE ON UPDATE CASCADE) in /home/u826814276/domains/rondero360.com/public_html/system/Database/MySQLi/Connection.php:306
Stack trace:
#0 /home/u826814276/domains/rondero360.com/public_html/system/Database/MySQLi/Connection.php(306): mysqli->query()
#1 /home/u826814276/domains/rondero360.com/public_html/system/Database/BaseConnection.php(692): CodeIgniter\Database\MySQLi\Connection->execute()
#2 /home/u826814276/domains/rondero360.com/public_html/system/Database/BaseConnection.php(606): CodeIgniter\Database\BaseConnection->simpleQuery()
#3 /home/u826814276/domains/rondero360.com/public_html/system/Database/BaseBuilder.php(2475): CodeIgniter\Database\BaseConnection->query()
#4 /home/u826814276/domains/rondero360.com/public_html/system/Model.php(385): CodeIgniter\Database\BaseBuilder->update()
#5 /home/u826814276/domains/rondero360.com/public_html/system/BaseModel.php(949): CodeIgniter\Model->doUpdate()
#6 /home/u826814276/domains/rondero360.com/public_html/system/Model.php(776): CodeIgniter\BaseModel->update()
#7 /home/u826814276/domains/rondero360.com/public_html/app/Models/UsuariosModel.php(51): CodeIgniter\Model->update()
#8 /home/u826814276/domains/rondero360.com/public_html/app/Controllers/Company/Usuarios.php(182): App\Models\UsuariosModel->actualizarUsuario()
#9 /home/u826814276/domains/rondero360.com/public_html/system/CodeIgniter.php(919): App\Controllers\Company\Usuarios->actualizar()
#10 /home/u826814276/domains/rondero360.com/public_html/system/CodeIgniter.php(494): CodeIgniter\CodeIgniter->runController()
#11 /home/u826814276/domains/rondero360.com/public_html/system/CodeIgniter.php(353): CodeIgniter\CodeIgniter->handleRequest()
#12 /home/u826814276/domains/rondero360.com/public_html/index.php(79): CodeIgniter\CodeIgniter->run()
#13 {main}
CRITICAL - 2024-03-15 07:33:38 --> Cannot add or update a child row: a foreign key constraint fails (`u826814276_rondero`.`tbl_usuarios`, CONSTRAINT `tbl_usuarios_ibfk_2` FOREIGN KEY (`id_puesto`) REFERENCES `tbl_puestos` (`id_puesto`) ON DELETE CASCADE ON UPDATE CASCADE)
in SYSTEMPATH/Database/BaseConnection.php on line 646.
 1 SYSTEMPATH/Database/BaseBuilder.php(2475): CodeIgniter\Database\BaseConnection->query()
 2 SYSTEMPATH/Model.php(385): CodeIgniter\Database\BaseBuilder->update()
 3 SYSTEMPATH/BaseModel.php(949): CodeIgniter\Model->doUpdate()
 4 SYSTEMPATH/Model.php(776): CodeIgniter\BaseModel->update()
 5 APPPATH/Models/UsuariosModel.php(51): CodeIgniter\Model->update()
 6 APPPATH/Controllers/Company/Usuarios.php(182): App\Models\UsuariosModel->actualizarUsuario()
 7 SYSTEMPATH/CodeIgniter.php(919): App\Controllers\Company\Usuarios->actualizar()
 8 SYSTEMPATH/CodeIgniter.php(494): CodeIgniter\CodeIgniter->runController()
 9 SYSTEMPATH/CodeIgniter.php(353): CodeIgniter\CodeIgniter->handleRequest()
10 FCPATH/index.php(79): CodeIgniter\CodeIgniter->run()
INFO - 2024-03-15 07:39:40 --> Session: Class initialized using 'CodeIgniter\Session\Handlers\FileHandler' driver.
INFO - 2024-03-15 07:39:40 --> Session: Class initialized using 'CodeIgniter\Session\Handlers\FileHandler' driver.
INFO - 2024-03-15 07:43:54 --> Session: Class initialized using 'CodeIgniter\Session\Handlers\FileHandler' driver.
INFO - 2024-03-15 07:43:59 --> Session: Class initialized using 'CodeIgniter\Session\Handlers\FileHandler' driver.
INFO - 2024-03-15 07:44:14 --> Session: Class initialized using 'CodeIgniter\Session\Handlers\FileHandler' driver.
INFO - 2024-03-15 07:44:14 --> Session: Class initialized using 'CodeIgniter\Session\Handlers\FileHandler' driver.
INFO - 2024-03-15 07:44:18 --> Session: Class initialized using 'CodeIgniter\Session\Handlers\FileHandler' driver.
INFO - 2024-03-15 07:44:19 --> Session: Class initialized using 'CodeIgniter\Session\Handlers\FileHandler' driver.
INFO - 2024-03-15 07:44:25 --> Session: Class initialized using 'CodeIgniter\Session\Handlers\FileHandler' driver.
INFO - 2024-03-15 07:44:25 --> Session: Class initialized using 'CodeIgniter\Session\Handlers\FileHandler' driver.
INFO - 2024-03-15 07:44:31 --> Session: Class initialized using 'CodeIgniter\Session\Handlers\FileHandler' driver.
INFO - 2024-03-15 07:44:31 --> Session: Class initialized using 'CodeIgniter\Session\Handlers\FileHandler' driver.
INFO - 2024-03-15 07:44:55 --> Session: Class initialized using 'CodeIgniter\Session\Handlers\FileHandler' driver.
INFO - 2024-03-15 07:45:35 --> Session: Class initialized using 'CodeIgniter\Session\Handlers\FileHandler' driver.
INFO - 2024-03-15 07:45:51 --> Session: Class initialized using 'CodeIgniter\Session\Handlers\FileHandler' driver.
INFO - 2024-03-15 07:45:59 --> Session: Class initialized using 'CodeIgniter\Session\Handlers\FileHandler' driver.
INFO - 2024-03-15 07:46:12 --> Session: Class initialized using 'CodeIgniter\Session\Handlers\FileHandler' driver.
INFO - 2024-03-15 07:46:13 --> Session: Class initialized using 'CodeIgniter\Session\Handlers\FileHandler' driver.
INFO - 2024-03-15 07:46:17 --> Session: Class initialized using 'CodeIgniter\Session\Handlers\FileHandler' driver.
INFO - 2024-03-15 07:46:17 --> Session: Class initialized using 'CodeIgniter\Session\Handlers\FileHandler' driver.
INFO - 2024-03-15 07:46:30 --> Session: Class initialized using 'CodeIgniter\Session\Handlers\FileHandler' driver.
INFO - 2024-03-15 07:46:45 --> Session: Class initialized using 'CodeIgniter\Session\Handlers\FileHandler' driver.
INFO - 2024-03-15 07:46:50 --> Session: Class initialized using 'CodeIgniter\Session\Handlers\FileHandler' driver.
INFO - 2024-03-15 07:47:25 --> Session: Class initialized using 'CodeIgniter\Session\Handlers\FileHandler' driver.
INFO - 2024-03-15 07:47:32 --> Session: Class initialized using 'CodeIgniter\Session\Handlers\FileHandler' driver.
INFO - 2024-03-15 07:47:32 --> Session: Class initialized using 'CodeIgniter\Session\Handlers\FileHandler' driver.
INFO - 2024-03-15 07:51:05 --> Session: Class initialized using 'CodeIgniter\Session\Handlers\FileHandler' driver.
INFO - 2024-03-15 07:51:06 --> Session: Class initialized using 'CodeIgniter\Session\Handlers\FileHandler' driver.
INFO - 2024-03-15 07:51:09 --> Session: Class initialized using 'CodeIgniter\Session\Handlers\FileHandler' driver.
INFO - 2024-03-15 07:51:10 --> Session: Class initialized using 'CodeIgniter\Session\Handlers\FileHandler' driver.
INFO - 2024-03-15 07:51:12 --> Session: Class initialized using 'CodeIgniter\Session\Handlers\FileHandler' driver.
INFO - 2024-03-15 07:51:16 --> Session: Class initialized using 'CodeIgniter\Session\Handlers\FileHandler' driver.
INFO - 2024-03-15 07:51:16 --> Session: Class initialized using 'CodeIgniter\Session\Handlers\FileHandler' driver.
INFO - 2024-03-15 08:30:17 --> Session: Class initialized using 'CodeIgniter\Session\Handlers\FileHandler' driver.
INFO - 2024-03-15 08:30:54 --> Session: Class initialized using 'CodeIgniter\Session\Handlers\FileHandler' driver.
INFO - 2024-03-15 08:51:06 --> Session: Class initialized using 'CodeIgniter\Session\Handlers\FileHandler' driver.
INFO - 2024-03-15 08:51:16 --> Session: Class initialized using 'CodeIgniter\Session\Handlers\FileHandler' driver.
INFO - 2024-03-15 08:52:18 --> Session: Class initialized using 'CodeIgniter\Session\Handlers\FileHandler' driver.
INFO - 2024-03-15 08:55:25 --> Session: Class initialized using 'CodeIgniter\Session\Handlers\FileHandler' driver.
INFO - 2024-03-15 08:55:33 --> Session: Class initialized using 'CodeIgniter\Session\Handlers\FileHandler' driver.
INFO - 2024-03-15 08:55:38 --> Session: Class initialized using 'CodeIgniter\Session\Handlers\FileHandler' driver.
INFO - 2024-03-15 08:56:01 --> Session: Class initialized using 'CodeIgniter\Session\Handlers\FileHandler' driver.
INFO - 2024-03-15 08:56:02 --> Session: Class initialized using 'CodeIgniter\Session\Handlers\FileHandler' driver.
INFO - 2024-03-15 08:56:25 --> Session: Class initialized using 'CodeIgniter\Session\Handlers\FileHandler' driver.
INFO - 2024-03-15 08:56:32 --> Session: Class initialized using 'CodeIgniter\Session\Handlers\FileHandler' driver.
INFO - 2024-03-15 08:58:44 --> Session: Class initialized using 'CodeIgniter\Session\Handlers\FileHandler' driver.
INFO - 2024-03-15 08:58:51 --> Session: Class initialized using 'CodeIgniter\Session\Handlers\FileHandler' driver.
INFO - 2024-03-15 08:59:20 --> Session: Class initialized using 'CodeIgniter\Session\Handlers\FileHandler' driver.
INFO - 2024-03-15 09:03:26 --> Session: Class initialized using 'CodeIgniter\Session\Handlers\FileHandler' driver.
ERROR - 2024-03-15 09:03:26 --> mysqli_sql_exception: Duplicate entry 'comercial@seguridadsuramerica.com' for key 'correo_usuario' in /home/u826814276/domains/rondero360.com/public_html/system/Database/MySQLi/Connection.php:306
Stack trace:
#0 /home/u826814276/domains/rondero360.com/public_html/system/Database/MySQLi/Connection.php(306): mysqli->query()
#1 /home/u826814276/domains/rondero360.com/public_html/system/Database/BaseConnection.php(692): CodeIgniter\Database\MySQLi\Connection->execute()
#2 /home/u826814276/domains/rondero360.com/public_html/system/Database/BaseConnection.php(606): CodeIgniter\Database\BaseConnection->simpleQuery()
#3 /home/u826814276/domains/rondero360.com/public_html/system/Database/BaseBuilder.php(2308): CodeIgniter\Database\BaseConnection->query()
#4 /home/u826814276/domains/rondero360.com/public_html/system/Model.php(319): CodeIgniter\Database\BaseBuilder->insert()
#5 /home/u826814276/domains/rondero360.com/public_html/system/BaseModel.php(788): CodeIgniter\Model->doInsert()
#6 /home/u826814276/domains/rondero360.com/public_html/system/Model.php(715): CodeIgniter\BaseModel->insert()
#7 /home/u826814276/domains/rondero360.com/public_html/app/Models/UsuariosModel.php(47): CodeIgniter\Model->insert()
#8 /home/u826814276/domains/rondero360.com/public_html/app/Controllers/Company/Usuarios.php(124): App\Models\UsuariosModel->crearUsuario()
#9 /home/u826814276/domains/rondero360.com/public_html/system/CodeIgniter.php(919): App\Controllers\Company\Usuarios->crear()
#10 /home/u826814276/domains/rondero360.com/public_html/system/CodeIgniter.php(494): CodeIgniter\CodeIgniter->runController()
#11 /home/u826814276/domains/rondero360.com/public_html/system/CodeIgniter.php(353): CodeIgniter\CodeIgniter->handleRequest()
#12 /home/u826814276/domains/rondero360.com/public_html/index.php(79): CodeIgniter\CodeIgniter->run()
#13 {main}
CRITICAL - 2024-03-15 09:03:26 --> Duplicate entry 'comercial@seguridadsuramerica.com' for key 'correo_usuario'
in SYSTEMPATH/Database/BaseConnection.php on line 646.
 1 SYSTEMPATH/Database/BaseBuilder.php(2308): CodeIgniter\Database\BaseConnection->query()
 2 SYSTEMPATH/Model.php(319): CodeIgniter\Database\BaseBuilder->insert()
 3 SYSTEMPATH/BaseModel.php(788): CodeIgniter\Model->doInsert()
 4 SYSTEMPATH/Model.php(715): CodeIgniter\BaseModel->insert()
 5 APPPATH/Models/UsuariosModel.php(47): CodeIgniter\Model->insert()
 6 APPPATH/Controllers/Company/Usuarios.php(124): App\Models\UsuariosModel->crearUsuario()
 7 SYSTEMPATH/CodeIgniter.php(919): App\Controllers\Company\Usuarios->crear()
 8 SYSTEMPATH/CodeIgniter.php(494): CodeIgniter\CodeIgniter->runController()
 9 SYSTEMPATH/CodeIgniter.php(353): CodeIgniter\CodeIgniter->handleRequest()
10 FCPATH/index.php(79): CodeIgniter\CodeIgniter->run()
INFO - 2024-03-15 09:03:37 --> Session: Class initialized using 'CodeIgniter\Session\Handlers\FileHandler' driver.
ERROR - 2024-03-15 09:03:37 --> mysqli_sql_exception: Duplicate entry 'comercial@seguridadsuramerica.com' for key 'correo_usuario' in /home/u826814276/domains/rondero360.com/public_html/system/Database/MySQLi/Connection.php:306
Stack trace:
#0 /home/u826814276/domains/rondero360.com/public_html/system/Database/MySQLi/Connection.php(306): mysqli->query()
#1 /home/u826814276/domains/rondero360.com/public_html/system/Database/BaseConnection.php(692): CodeIgniter\Database\MySQLi\Connection->execute()
#2 /home/u826814276/domains/rondero360.com/public_html/system/Database/BaseConnection.php(606): CodeIgniter\Database\BaseConnection->simpleQuery()
#3 /home/u826814276/domains/rondero360.com/public_html/system/Database/BaseBuilder.php(2308): CodeIgniter\Database\BaseConnection->query()
#4 /home/u826814276/domains/rondero360.com/public_html/system/Model.php(319): CodeIgniter\Database\BaseBuilder->insert()
#5 /home/u826814276/domains/rondero360.com/public_html/system/BaseModel.php(788): CodeIgniter\Model->doInsert()
#6 /home/u826814276/domains/rondero360.com/public_html/system/Model.php(715): CodeIgniter\BaseModel->insert()
#7 /home/u826814276/domains/rondero360.com/public_html/app/Models/UsuariosModel.php(47): CodeIgniter\Model->insert()
#8 /home/u826814276/domains/rondero360.com/public_html/app/Controllers/Company/Usuarios.php(124): App\Models\UsuariosModel->crearUsuario()
#9 /home/u826814276/domains/rondero360.com/public_html/system/CodeIgniter.php(919): App\Controllers\Company\Usuarios->crear()
#10 /home/u826814276/domains/rondero360.com/public_html/system/CodeIgniter.php(494): CodeIgniter\CodeIgniter->runController()
#11 /home/u826814276/domains/rondero360.com/public_html/system/CodeIgniter.php(353): CodeIgniter\CodeIgniter->handleRequest()
#12 /home/u826814276/domains/rondero360.com/public_html/index.php(79): CodeIgniter\CodeIgniter->run()
#13 {main}
CRITICAL - 2024-03-15 09:03:37 --> Duplicate entry 'comercial@seguridadsuramerica.com' for key 'correo_usuario'
in SYSTEMPATH/Database/BaseConnection.php on line 646.
 1 SYSTEMPATH/Database/BaseBuilder.php(2308): CodeIgniter\Database\BaseConnection->query()
 2 SYSTEMPATH/Model.php(319): CodeIgniter\Database\BaseBuilder->insert()
 3 SYSTEMPATH/BaseModel.php(788): CodeIgniter\Model->doInsert()
 4 SYSTEMPATH/Model.php(715): CodeIgniter\BaseModel->insert()
 5 APPPATH/Models/UsuariosModel.php(47): CodeIgniter\Model->insert()
 6 APPPATH/Controllers/Company/Usuarios.php(124): App\Models\UsuariosModel->crearUsuario()
 7 SYSTEMPATH/CodeIgniter.php(919): App\Controllers\Company\Usuarios->crear()
 8 SYSTEMPATH/CodeIgniter.php(494): CodeIgniter\CodeIgniter->runController()
 9 SYSTEMPATH/CodeIgniter.php(353): CodeIgniter\CodeIgniter->handleRequest()
10 FCPATH/index.php(79): CodeIgniter\CodeIgniter->run()
INFO - 2024-03-15 09:03:45 --> Session: Class initialized using 'CodeIgniter\Session\Handlers\FileHandler' driver.
INFO - 2024-03-15 09:03:52 --> Session: Class initialized using 'CodeIgniter\Session\Handlers\FileHandler' driver.
INFO - 2024-03-15 09:04:08 --> Session: Class initialized using 'CodeIgniter\Session\Handlers\FileHandler' driver.
INFO - 2024-03-15 09:05:10 --> Session: Class initialized using 'CodeIgniter\Session\Handlers\FileHandler' driver.
ERROR - 2024-03-15 09:05:10 --> mysqli_sql_exception: Duplicate entry 'comercial@seguridadsuramerica.com' for key 'correo_usuario' in /home/u826814276/domains/rondero360.com/public_html/system/Database/MySQLi/Connection.php:306
Stack trace:
#0 /home/u826814276/domains/rondero360.com/public_html/system/Database/MySQLi/Connection.php(306): mysqli->query()
#1 /home/u826814276/domains/rondero360.com/public_html/system/Database/BaseConnection.php(692): CodeIgniter\Database\MySQLi\Connection->execute()
#2 /home/u826814276/domains/rondero360.com/public_html/system/Database/BaseConnection.php(606): CodeIgniter\Database\BaseConnection->simpleQuery()
#3 /home/u826814276/domains/rondero360.com/public_html/system/Database/BaseBuilder.php(2308): CodeIgniter\Database\BaseConnection->query()
#4 /home/u826814276/domains/rondero360.com/public_html/system/Model.php(319): CodeIgniter\Database\BaseBuilder->insert()
#5 /home/u826814276/domains/rondero360.com/public_html/system/BaseModel.php(788): CodeIgniter\Model->doInsert()
#6 /home/u826814276/domains/rondero360.com/public_html/system/Model.php(715): CodeIgniter\BaseModel->insert()
#7 /home/u826814276/domains/rondero360.com/public_html/app/Models/UsuariosModel.php(47): CodeIgniter\Model->insert()
#8 /home/u826814276/domains/rondero360.com/public_html/app/Controllers/Company/Usuarios.php(124): App\Models\UsuariosModel->crearUsuario()
#9 /home/u826814276/domains/rondero360.com/public_html/system/CodeIgniter.php(919): App\Controllers\Company\Usuarios->crear()
#10 /home/u826814276/domains/rondero360.com/public_html/system/CodeIgniter.php(494): CodeIgniter\CodeIgniter->runController()
#11 /home/u826814276/domains/rondero360.com/public_html/system/CodeIgniter.php(353): CodeIgniter\CodeIgniter->handleRequest()
#12 /home/u826814276/domains/rondero360.com/public_html/index.php(79): CodeIgniter\CodeIgniter->run()
#13 {main}
CRITICAL - 2024-03-15 09:05:10 --> Duplicate entry 'comercial@seguridadsuramerica.com' for key 'correo_usuario'
in SYSTEMPATH/Database/BaseConnection.php on line 646.
 1 SYSTEMPATH/Database/BaseBuilder.php(2308): CodeIgniter\Database\BaseConnection->query()
 2 SYSTEMPATH/Model.php(319): CodeIgniter\Database\BaseBuilder->insert()
 3 SYSTEMPATH/BaseModel.php(788): CodeIgniter\Model->doInsert()
 4 SYSTEMPATH/Model.php(715): CodeIgniter\BaseModel->insert()
 5 APPPATH/Models/UsuariosModel.php(47): CodeIgniter\Model->insert()
 6 APPPATH/Controllers/Company/Usuarios.php(124): App\Models\UsuariosModel->crearUsuario()
 7 SYSTEMPATH/CodeIgniter.php(919): App\Controllers\Company\Usuarios->crear()
 8 SYSTEMPATH/CodeIgniter.php(494): CodeIgniter\CodeIgniter->runController()
 9 SYSTEMPATH/CodeIgniter.php(353): CodeIgniter\CodeIgniter->handleRequest()
10 FCPATH/index.php(79): CodeIgniter\CodeIgniter->run()
INFO - 2024-03-15 09:05:58 --> Session: Class initialized using 'CodeIgniter\Session\Handlers\FileHandler' driver.
INFO - 2024-03-15 09:06:38 --> Session: Class initialized using 'CodeIgniter\Session\Handlers\FileHandler' driver.
ERROR - 2024-03-15 09:06:38 --> mysqli_sql_exception: Duplicate entry 'emiliobo1@hotmail.com' for key 'correo_usuario' in /home/u826814276/domains/rondero360.com/public_html/system/Database/MySQLi/Connection.php:306
Stack trace:
#0 /home/u826814276/domains/rondero360.com/public_html/system/Database/MySQLi/Connection.php(306): mysqli->query()
#1 /home/u826814276/domains/rondero360.com/public_html/system/Database/BaseConnection.php(692): CodeIgniter\Database\MySQLi\Connection->execute()
#2 /home/u826814276/domains/rondero360.com/public_html/system/Database/BaseConnection.php(606): CodeIgniter\Database\BaseConnection->simpleQuery()
#3 /home/u826814276/domains/rondero360.com/public_html/system/Database/BaseBuilder.php(2308): CodeIgniter\Database\BaseConnection->query()
#4 /home/u826814276/domains/rondero360.com/public_html/system/Model.php(319): CodeIgniter\Database\BaseBuilder->insert()
#5 /home/u826814276/domains/rondero360.com/public_html/system/BaseModel.php(788): CodeIgniter\Model->doInsert()
#6 /home/u826814276/domains/rondero360.com/public_html/system/Model.php(715): CodeIgniter\BaseModel->insert()
#7 /home/u826814276/domains/rondero360.com/public_html/app/Models/UsuariosModel.php(47): CodeIgniter\Model->insert()
#8 /home/u826814276/domains/rondero360.com/public_html/app/Controllers/Company/Usuarios.php(124): App\Models\UsuariosModel->crearUsuario()
#9 /home/u826814276/domains/rondero360.com/public_html/system/CodeIgniter.php(919): App\Controllers\Company\Usuarios->crear()
#10 /home/u826814276/domains/rondero360.com/public_html/system/CodeIgniter.php(494): CodeIgniter\CodeIgniter->runController()
#11 /home/u826814276/domains/rondero360.com/public_html/system/CodeIgniter.php(353): CodeIgniter\CodeIgniter->handleRequest()
#12 /home/u826814276/domains/rondero360.com/public_html/index.php(79): CodeIgniter\CodeIgniter->run()
#13 {main}
CRITICAL - 2024-03-15 09:06:38 --> Duplicate entry 'emiliobo1@hotmail.com' for key 'correo_usuario'
in SYSTEMPATH/Database/BaseConnection.php on line 646.
 1 SYSTEMPATH/Database/BaseBuilder.php(2308): CodeIgniter\Database\BaseConnection->query()
 2 SYSTEMPATH/Model.php(319): CodeIgniter\Database\BaseBuilder->insert()
 3 SYSTEMPATH/BaseModel.php(788): CodeIgniter\Model->doInsert()
 4 SYSTEMPATH/Model.php(715): CodeIgniter\BaseModel->insert()
 5 APPPATH/Models/UsuariosModel.php(47): CodeIgniter\Model->insert()
 6 APPPATH/Controllers/Company/Usuarios.php(124): App\Models\UsuariosModel->crearUsuario()
 7 SYSTEMPATH/CodeIgniter.php(919): App\Controllers\Company\Usuarios->crear()
 8 SYSTEMPATH/CodeIgniter.php(494): CodeIgniter\CodeIgniter->runController()
 9 SYSTEMPATH/CodeIgniter.php(353): CodeIgniter\CodeIgniter->handleRequest()
10 FCPATH/index.php(79): CodeIgniter\CodeIgniter->run()
INFO - 2024-03-15 09:07:12 --> Session: Class initialized using 'CodeIgniter\Session\Handlers\FileHandler' driver.
INFO - 2024-03-15 09:10:31 --> Session: Class initialized using 'CodeIgniter\Session\Handlers\FileHandler' driver.
INFO - 2024-03-15 09:10:32 --> Session: Class initialized using 'CodeIgniter\Session\Handlers\FileHandler' driver.
INFO - 2024-03-15 09:11:37 --> Session: Class initialized using 'CodeIgniter\Session\Handlers\FileHandler' driver.
INFO - 2024-03-15 09:11:55 --> Session: Class initialized using 'CodeIgniter\Session\Handlers\FileHandler' driver.
INFO - 2024-03-15 09:11:55 --> Session: Class initialized using 'CodeIgniter\Session\Handlers\FileHandler' driver.
INFO - 2024-03-15 09:11:57 --> Session: Class initialized using 'CodeIgniter\Session\Handlers\FileHandler' driver.
INFO - 2024-03-15 09:11:58 --> Session: Class initialized using 'CodeIgniter\Session\Handlers\FileHandler' driver.
INFO - 2024-03-15 09:12:25 --> Session: Class initialized using 'CodeIgniter\Session\Handlers\FileHandler' driver.
INFO - 2024-03-15 09:12:33 --> Session: Class initialized using 'CodeIgniter\Session\Handlers\FileHandler' driver.
INFO - 2024-03-15 09:13:38 --> Session: Class initialized using 'CodeIgniter\Session\Handlers\FileHandler' driver.
INFO - 2024-03-15 09:14:06 --> Session: Class initialized using 'CodeIgniter\Session\Handlers\FileHandler' driver.
INFO - 2024-03-15 09:15:30 --> Session: Class initialized using 'CodeIgniter\Session\Handlers\FileHandler' driver.
INFO - 2024-03-15 09:15:46 --> Session: Class initialized using 'CodeIgniter\Session\Handlers\FileHandler' driver.
INFO - 2024-03-15 09:20:27 --> Session: Class initialized using 'CodeIgniter\Session\Handlers\FileHandler' driver.
INFO - 2024-03-15 09:20:35 --> Session: Class initialized using 'CodeIgniter\Session\Handlers\FileHandler' driver.
INFO - 2024-03-15 09:21:07 --> Session: Class initialized using 'CodeIgniter\Session\Handlers\FileHandler' driver.
INFO - 2024-03-15 09:21:08 --> Session: Class initialized using 'CodeIgniter\Session\Handlers\FileHandler' driver.
INFO - 2024-03-15 09:21:40 --> Session: Class initialized using 'CodeIgniter\Session\Handlers\FileHandler' driver.
INFO - 2024-03-15 09:21:40 --> Session: Class initialized using 'CodeIgniter\Session\Handlers\FileHandler' driver.
INFO - 2024-03-15 09:21:44 --> Session: Class initialized using 'CodeIgniter\Session\Handlers\FileHandler' driver.
INFO - 2024-03-15 09:21:44 --> Session: Class initialized using 'CodeIgniter\Session\Handlers\FileHandler' driver.
INFO - 2024-03-15 09:21:48 --> Session: Class initialized using 'CodeIgniter\Session\Handlers\FileHandler' driver.
INFO - 2024-03-15 09:21:55 --> Session: Class initialized using 'CodeIgniter\Session\Handlers\FileHandler' driver.
INFO - 2024-03-15 09:22:18 --> Session: Class initialized using 'CodeIgniter\Session\Handlers\FileHandler' driver.
INFO - 2024-03-15 09:22:30 --> Session: Class initialized using 'CodeIgniter\Session\Handlers\FileHandler' driver.
INFO - 2024-03-15 09:22:40 --> Session: Class initialized using 'CodeIgniter\Session\Handlers\FileHandler' driver.
INFO - 2024-03-15 09:22:52 --> Session: Class initialized using 'CodeIgniter\Session\Handlers\FileHandler' driver.
INFO - 2024-03-15 09:26:44 --> Session: Class initialized using 'CodeIgniter\Session\Handlers\FileHandler' driver.
INFO - 2024-03-15 09:27:31 --> Session: Class initialized using 'CodeIgniter\Session\Handlers\FileHandler' driver.
INFO - 2024-03-15 09:27:53 --> Session: Class initialized using 'CodeIgniter\Session\Handlers\FileHandler' driver.
INFO - 2024-03-15 09:37:54 --> Session: Class initialized using 'CodeIgniter\Session\Handlers\FileHandler' driver.
INFO - 2024-03-15 09:37:54 --> Session: Class initialized using 'CodeIgniter\Session\Handlers\FileHandler' driver.
INFO - 2024-03-15 09:41:34 --> Session: Class initialized using 'CodeIgniter\Session\Handlers\FileHandler' driver.
INFO - 2024-03-15 09:50:33 --> Session: Class initialized using 'CodeIgniter\Session\Handlers\FileHandler' driver.
INFO - 2024-03-15 10:14:40 --> Session: Class initialized using 'CodeIgniter\Session\Handlers\FileHandler' driver.
INFO - 2024-03-15 10:14:45 --> Session: Class initialized using 'CodeIgniter\Session\Handlers\FileHandler' driver.
INFO - 2024-03-15 10:14:48 --> Session: Class initialized using 'CodeIgniter\Session\Handlers\FileHandler' driver.
INFO - 2024-03-15 10:14:56 --> Session: Class initialized using 'CodeIgniter\Session\Handlers\FileHandler' driver.
INFO - 2024-03-15 10:16:06 --> Session: Class initialized using 'CodeIgniter\Session\Handlers\FileHandler' driver.
INFO - 2024-03-15 10:16:38 --> Session: Class initialized using 'CodeIgniter\Session\Handlers\FileHandler' driver.
INFO - 2024-03-15 11:04:41 --> Session: Class initialized using 'CodeIgniter\Session\Handlers\FileHandler' driver.
INFO - 2024-03-15 11:16:15 --> Session: Class initialized using 'CodeIgniter\Session\Handlers\FileHandler' driver.
INFO - 2024-03-15 12:51:51 --> Session: Class initialized using 'CodeIgniter\Session\Handlers\FileHandler' driver.
INFO - 2024-03-15 14:51:50 --> Session: Class initialized using 'CodeIgniter\Session\Handlers\FileHandler' driver.
INFO - 2024-03-15 14:52:53 --> Session: Class initialized using 'CodeIgniter\Session\Handlers\FileHandler' driver.
INFO - 2024-03-15 14:52:54 --> Session: Class initialized using 'CodeIgniter\Session\Handlers\FileHandler' driver.
INFO - 2024-03-15 14:52:58 --> Session: Class initialized using 'CodeIgniter\Session\Handlers\FileHandler' driver.
INFO - 2024-03-15 14:52:58 --> Session: Class initialized using 'CodeIgniter\Session\Handlers\FileHandler' driver.
INFO - 2024-03-15 14:53:10 --> Session: Class initialized using 'CodeIgniter\Session\Handlers\FileHandler' driver.
INFO - 2024-03-15 14:56:15 --> Session: Class initialized using 'CodeIgniter\Session\Handlers\FileHandler' driver.
INFO - 2024-03-15 14:56:22 --> Session: Class initialized using 'CodeIgniter\Session\Handlers\FileHandler' driver.
INFO - 2024-03-15 14:56:31 --> Session: Class initialized using 'CodeIgniter\Session\Handlers\FileHandler' driver.
INFO - 2024-03-15 14:56:34 --> Session: Class initialized using 'CodeIgniter\Session\Handlers\FileHandler' driver.
INFO - 2024-03-15 14:56:34 --> Session: Class initialized using 'CodeIgniter\Session\Handlers\FileHandler' driver.
INFO - 2024-03-15 14:57:00 --> Session: Class initialized using 'CodeIgniter\Session\Handlers\FileHandler' driver.
INFO - 2024-03-15 14:57:46 --> Session: Class initialized using 'CodeIgniter\Session\Handlers\FileHandler' driver.
INFO - 2024-03-15 14:57:46 --> Session: Class initialized using 'CodeIgniter\Session\Handlers\FileHandler' driver.
INFO - 2024-03-15 14:57:57 --> Session: Class initialized using 'CodeIgniter\Session\Handlers\FileHandler' driver.
INFO - 2024-03-15 14:58:05 --> Session: Class initialized using 'CodeIgniter\Session\Handlers\FileHandler' driver.
INFO - 2024-03-15 14:58:06 --> Session: Class initialized using 'CodeIgniter\Session\Handlers\FileHandler' driver.
INFO - 2024-03-15 14:58:11 --> Session: Class initialized using 'CodeIgniter\Session\Handlers\FileHandler' driver.
INFO - 2024-03-15 15:02:24 --> Session: Class initialized using 'CodeIgniter\Session\Handlers\FileHandler' driver.
INFO - 2024-03-15 15:02:25 --> Session: Class initialized using 'CodeIgniter\Session\Handlers\FileHandler' driver.
INFO - 2024-03-15 15:02:36 --> Session: Class initialized using 'CodeIgniter\Session\Handlers\FileHandler' driver.
INFO - 2024-03-15 15:02:36 --> Session: Class initialized using 'CodeIgniter\Session\Handlers\FileHandler' driver.
INFO - 2024-03-15 15:05:45 --> Session: Class initialized using 'CodeIgniter\Session\Handlers\FileHandler' driver.
INFO - 2024-03-15 17:20:44 --> Session: Class initialized using 'CodeIgniter\Session\Handlers\FileHandler' driver.
INFO - 2024-03-15 17:20:47 --> Session: Class initialized using 'CodeIgniter\Session\Handlers\FileHandler' driver.
INFO - 2024-03-15 17:20:47 --> Session: Class initialized using 'CodeIgniter\Session\Handlers\FileHandler' driver.
INFO - 2024-03-15 17:21:08 --> Session: Class initialized using 'CodeIgniter\Session\Handlers\FileHandler' driver.
INFO - 2024-03-15 17:21:14 --> Session: Class initialized using 'CodeIgniter\Session\Handlers\FileHandler' driver.
INFO - 2024-03-15 17:22:25 --> Session: Class initialized using 'CodeIgniter\Session\Handlers\FileHandler' driver.
INFO - 2024-03-15 17:22:34 --> Session: Class initialized using 'CodeIgniter\Session\Handlers\FileHandler' driver.
INFO - 2024-03-15 17:22:34 --> Session: Class initialized using 'CodeIgniter\Session\Handlers\FileHandler' driver.
INFO - 2024-03-15 17:22:38 --> Session: Class initialized using 'CodeIgniter\Session\Handlers\FileHandler' driver.
INFO - 2024-03-15 17:22:44 --> Session: Class initialized using 'CodeIgniter\Session\Handlers\FileHandler' driver.
INFO - 2024-03-15 19:00:52 --> Session: Class initialized using 'CodeIgniter\Session\Handlers\FileHandler' driver.
INFO - 2024-03-15 19:00:53 --> Session: Class initialized using 'CodeIgniter\Session\Handlers\FileHandler' driver.
INFO - 2024-03-15 19:23:59 --> Session: Class initialized using 'CodeIgniter\Session\Handlers\FileHandler' driver.
INFO - 2024-03-15 19:23:59 --> Session: Class initialized using 'CodeIgniter\Session\Handlers\FileHandler' driver.
INFO - 2024-03-15 19:35:47 --> Session: Class initialized using 'CodeIgniter\Session\Handlers\FileHandler' driver.
INFO - 2024-03-15 19:35:54 --> Session: Class initialized using 'CodeIgniter\Session\Handlers\FileHandler' driver.
INFO - 2024-03-15 19:36:14 --> Session: Class initialized using 'CodeIgniter\Session\Handlers\FileHandler' driver.
INFO - 2024-03-15 19:36:14 --> Session: Class initialized using 'CodeIgniter\Session\Handlers\FileHandler' driver.
INFO - 2024-03-15 19:36:35 --> Session: Class initialized using 'CodeIgniter\Session\Handlers\FileHandler' driver.
INFO - 2024-03-15 19:38:21 --> Session: Class initialized using 'CodeIgniter\Session\Handlers\FileHandler' driver.
INFO - 2024-03-15 19:38:21 --> Session: Class initialized using 'CodeIgniter\Session\Handlers\FileHandler' driver.
INFO - 2024-03-15 20:11:21 --> Session: Class initialized using 'CodeIgniter\Session\Handlers\FileHandler' driver.
INFO - 2024-03-15 20:48:41 --> Session: Class initialized using 'CodeIgniter\Session\Handlers\FileHandler' driver.
INFO - 2024-03-15 20:51:30 --> Session: Class initialized using 'CodeIgniter\Session\Handlers\FileHandler' driver.
INFO - 2024-03-15 20:51:35 --> Session: Class initialized using 'CodeIgniter\Session\Handlers\FileHandler' driver.
INFO - 2024-03-15 20:51:55 --> Session: Class initialized using 'CodeIgniter\Session\Handlers\FileHandler' driver.
INFO - 2024-03-15 20:53:39 --> Session: Class initialized using 'CodeIgniter\Session\Handlers\FileHandler' driver.
INFO - 2024-03-15 20:53:39 --> Session: Class initialized using 'CodeIgniter\Session\Handlers\FileHandler' driver.
