CRITICAL - 2024-05-07 12:47:40 --> Trying to access array offset on value of type null
in APPPATH/Controllers/Empresa/Vigilantes.php on line 70.
 1 APPPATH/Controllers/Empresa/Vigilantes.php(70): CodeIgniter\Debug\Exceptions->errorHandler()
 2 SYSTEMPATH/CodeIgniter.php(919): App\Controllers\Empresa\Vigilantes->detalle()
 3 SYSTEMPATH/CodeIgniter.php(494): CodeIgniter\CodeIgniter->runController()
 4 SYSTEMPATH/CodeIgniter.php(353): CodeIgniter\CodeIgniter->handleRequest()
 5 FCPATH/index.php(79): CodeIgniter\CodeIgniter->run()
CRITICAL - 2024-05-07 12:49:55 --> Trying to access array offset on value of type null
in APPPATH/Controllers/Empresa/Vigilantes.php on line 70.
 1 APPPATH/Controllers/Empresa/Vigilantes.php(70): CodeIgniter\Debug\Exceptions->errorHandler()
 2 SYSTEMPATH/CodeIgniter.php(919): App\Controllers\Empresa\Vigilantes->detalle()
 3 SYSTEMPATH/CodeIgniter.php(494): CodeIgniter\CodeIgniter->runController()
 4 SYSTEMPATH/CodeIgniter.php(353): CodeIgniter\CodeIgniter->handleRequest()
 5 FCPATH/index.php(79): CodeIgniter\CodeIgniter->run()
CRITICAL - 2024-05-07 12:50:27 --> Trying to access array offset on value of type null
in APPPATH/Controllers/Empresa/Vigilantes.php on line 70.
 1 APPPATH/Controllers/Empresa/Vigilantes.php(70): CodeIgniter\Debug\Exceptions->errorHandler()
 2 SYSTEMPATH/CodeIgniter.php(919): App\Controllers\Empresa\Vigilantes->detalle()
 3 SYSTEMPATH/CodeIgniter.php(494): CodeIgniter\CodeIgniter->runController()
 4 SYSTEMPATH/CodeIgniter.php(353): CodeIgniter\CodeIgniter->handleRequest()
 5 FCPATH/index.php(79): CodeIgniter\CodeIgniter->run()
CRITICAL - 2024-05-07 12:50:52 --> Trying to access array offset on value of type null
in APPPATH/Controllers/Empresa/Vigilantes.php on line 70.
 1 APPPATH/Controllers/Empresa/Vigilantes.php(70): CodeIgniter\Debug\Exceptions->errorHandler()
 2 SYSTEMPATH/CodeIgniter.php(919): App\Controllers\Empresa\Vigilantes->detalle()
 3 SYSTEMPATH/CodeIgniter.php(494): CodeIgniter\CodeIgniter->runController()
 4 SYSTEMPATH/CodeIgniter.php(353): CodeIgniter\CodeIgniter->handleRequest()
 5 FCPATH/index.php(79): CodeIgniter\CodeIgniter->run()
