INFO - 2025-05-13 08:47:46 --> Session: Class initialized using 'CodeIgniter\Session\Handlers\FileHandler' driver.
ERROR - 2025-05-13 08:47:51 --> Error connecting to the database: mysqli_sql_exception: No se puede establecer una conexión ya que el equipo de destino denegó expresamente dicha conexión in C:\laragon\www\api\system\Database\MySQLi\Connection.php:184
Stack trace:
#0 C:\laragon\www\api\system\Database\MySQLi\Connection.php(184): mysqli->real_connect('localhost', 'root', Object(SensitiveParameterValue), 'u905615609_metr...', 3306, '', 0)
#1 C:\laragon\www\api\system\Database\BaseConnection.php(391): CodeIgniter\Database\MySQLi\Connection->connect(false)
#2 C:\laragon\www\api\system\Database\BaseConnection.php(574): CodeIgniter\Database\BaseConnection->initialize()
#3 C:\laragon\www\api\system\Database\BaseBuilder.php(1615): CodeIgniter\Database\BaseConnection->query('SELECT *\nFROM `...', Array, false)
#4 C:\laragon\www\api\system\Model.php(264): CodeIgniter\Database\BaseBuilder->get()
#5 C:\laragon\www\api\system\BaseModel.php(662): CodeIgniter\Model->doFirst()
#6 C:\laragon\www\api\app\Controllers\Login.php(88): CodeIgniter\BaseModel->first()
#7 C:\laragon\www\api\system\CodeIgniter.php(919): App\Controllers\Login->index()
#8 C:\laragon\www\api\system\CodeIgniter.php(494): CodeIgniter\CodeIgniter->runController(Object(App\Controllers\Login))
#9 C:\laragon\www\api\system\CodeIgniter.php(353): CodeIgniter\CodeIgniter->handleRequest(NULL, Object(Config\Cache), false)
#10 C:\laragon\www\api\public\index.php(80): CodeIgniter\CodeIgniter->run()
#11 C:\laragon\www\api\system\Commands\Server\rewrite.php(47): require_once('C:\\laragon\\www\\...')
#12 {main}

Next CodeIgniter\Database\Exceptions\DatabaseException: No se puede establecer una conexión ya que el equipo de destino denegó expresamente dicha conexión in C:\laragon\www\api\system\Database\MySQLi\Connection.php:229
Stack trace:
#0 C:\laragon\www\api\system\Database\BaseConnection.php(391): CodeIgniter\Database\MySQLi\Connection->connect(false)
#1 C:\laragon\www\api\system\Database\BaseConnection.php(574): CodeIgniter\Database\BaseConnection->initialize()
#2 C:\laragon\www\api\system\Database\BaseBuilder.php(1615): CodeIgniter\Database\BaseConnection->query('SELECT *\nFROM `...', Array, false)
#3 C:\laragon\www\api\system\Model.php(264): CodeIgniter\Database\BaseBuilder->get()
#4 C:\laragon\www\api\system\BaseModel.php(662): CodeIgniter\Model->doFirst()
#5 C:\laragon\www\api\app\Controllers\Login.php(88): CodeIgniter\BaseModel->first()
#6 C:\laragon\www\api\system\CodeIgniter.php(919): App\Controllers\Login->index()
#7 C:\laragon\www\api\system\CodeIgniter.php(494): CodeIgniter\CodeIgniter->runController(Object(App\Controllers\Login))
#8 C:\laragon\www\api\system\CodeIgniter.php(353): CodeIgniter\CodeIgniter->handleRequest(NULL, Object(Config\Cache), false)
#9 C:\laragon\www\api\public\index.php(80): CodeIgniter\CodeIgniter->run()
#10 C:\laragon\www\api\system\Commands\Server\rewrite.php(47): require_once('C:\\laragon\\www\\...')
#11 {main}
CRITICAL - 2025-05-13 08:47:51 --> Unable to connect to the database.
Main connection [MySQLi]: No se puede establecer una conexión ya que el equipo de destino denegó expresamente dicha conexión
in SYSTEMPATH\Database\BaseConnection.php on line 427.
 1 SYSTEMPATH\Database\BaseConnection.php(574): CodeIgniter\Database\BaseConnection->initialize()
 2 SYSTEMPATH\Database\BaseBuilder.php(1615): CodeIgniter\Database\BaseConnection->query('SELECT *
FROM `tbl_usuarios`
WHERE `correo` = :correo:
 LIMIT 1', [...], false)
 3 SYSTEMPATH\Model.php(264): CodeIgniter\Database\BaseBuilder->get()
 4 SYSTEMPATH\BaseModel.php(662): CodeIgniter\Model->doFirst()
 5 APPPATH\Controllers\Login.php(88): CodeIgniter\BaseModel->first()
 6 SYSTEMPATH\CodeIgniter.php(919): App\Controllers\Login->index()
 7 SYSTEMPATH\CodeIgniter.php(494): CodeIgniter\CodeIgniter->runController(Object(App\Controllers\Login))
 8 SYSTEMPATH\CodeIgniter.php(353): CodeIgniter\CodeIgniter->handleRequest(null, Object(Config\Cache), false)
 9 FCPATH\index.php(80): CodeIgniter\CodeIgniter->run()
10 SYSTEMPATH\Commands\Server\rewrite.php(47): require_once('C:\\laragon\\www\\api\\public\\index.php')
INFO - 2025-05-13 08:48:19 --> Session: Class initialized using 'CodeIgniter\Session\Handlers\FileHandler' driver.
ERROR - 2025-05-13 08:48:23 --> Error connecting to the database: mysqli_sql_exception: No se puede establecer una conexión ya que el equipo de destino denegó expresamente dicha conexión in C:\laragon\www\api\system\Database\MySQLi\Connection.php:184
Stack trace:
#0 C:\laragon\www\api\system\Database\MySQLi\Connection.php(184): mysqli->real_connect('localhost', 'root', Object(SensitiveParameterValue), 'u905615609_metr...', 3306, '', 0)
#1 C:\laragon\www\api\system\Database\BaseConnection.php(391): CodeIgniter\Database\MySQLi\Connection->connect(false)
#2 C:\laragon\www\api\system\Database\BaseConnection.php(574): CodeIgniter\Database\BaseConnection->initialize()
#3 C:\laragon\www\api\system\Database\BaseBuilder.php(1615): CodeIgniter\Database\BaseConnection->query('SELECT *\nFROM `...', Array, false)
#4 C:\laragon\www\api\system\Model.php(264): CodeIgniter\Database\BaseBuilder->get()
#5 C:\laragon\www\api\system\BaseModel.php(662): CodeIgniter\Model->doFirst()
#6 C:\laragon\www\api\app\Controllers\Login.php(88): CodeIgniter\BaseModel->first()
#7 C:\laragon\www\api\system\CodeIgniter.php(919): App\Controllers\Login->index()
#8 C:\laragon\www\api\system\CodeIgniter.php(494): CodeIgniter\CodeIgniter->runController(Object(App\Controllers\Login))
#9 C:\laragon\www\api\system\CodeIgniter.php(353): CodeIgniter\CodeIgniter->handleRequest(NULL, Object(Config\Cache), false)
#10 C:\laragon\www\api\public\index.php(80): CodeIgniter\CodeIgniter->run()
#11 C:\laragon\www\api\system\Commands\Server\rewrite.php(47): require_once('C:\\laragon\\www\\...')
#12 {main}

Next CodeIgniter\Database\Exceptions\DatabaseException: No se puede establecer una conexión ya que el equipo de destino denegó expresamente dicha conexión in C:\laragon\www\api\system\Database\MySQLi\Connection.php:229
Stack trace:
#0 C:\laragon\www\api\system\Database\BaseConnection.php(391): CodeIgniter\Database\MySQLi\Connection->connect(false)
#1 C:\laragon\www\api\system\Database\BaseConnection.php(574): CodeIgniter\Database\BaseConnection->initialize()
#2 C:\laragon\www\api\system\Database\BaseBuilder.php(1615): CodeIgniter\Database\BaseConnection->query('SELECT *\nFROM `...', Array, false)
#3 C:\laragon\www\api\system\Model.php(264): CodeIgniter\Database\BaseBuilder->get()
#4 C:\laragon\www\api\system\BaseModel.php(662): CodeIgniter\Model->doFirst()
#5 C:\laragon\www\api\app\Controllers\Login.php(88): CodeIgniter\BaseModel->first()
#6 C:\laragon\www\api\system\CodeIgniter.php(919): App\Controllers\Login->index()
#7 C:\laragon\www\api\system\CodeIgniter.php(494): CodeIgniter\CodeIgniter->runController(Object(App\Controllers\Login))
#8 C:\laragon\www\api\system\CodeIgniter.php(353): CodeIgniter\CodeIgniter->handleRequest(NULL, Object(Config\Cache), false)
#9 C:\laragon\www\api\public\index.php(80): CodeIgniter\CodeIgniter->run()
#10 C:\laragon\www\api\system\Commands\Server\rewrite.php(47): require_once('C:\\laragon\\www\\...')
#11 {main}
CRITICAL - 2025-05-13 08:48:23 --> Unable to connect to the database.
Main connection [MySQLi]: No se puede establecer una conexión ya que el equipo de destino denegó expresamente dicha conexión
in SYSTEMPATH\Database\BaseConnection.php on line 427.
 1 SYSTEMPATH\Database\BaseConnection.php(574): CodeIgniter\Database\BaseConnection->initialize()
 2 SYSTEMPATH\Database\BaseBuilder.php(1615): CodeIgniter\Database\BaseConnection->query('SELECT *
FROM `tbl_usuarios`
WHERE `correo` = :correo:
 LIMIT 1', [...], false)
 3 SYSTEMPATH\Model.php(264): CodeIgniter\Database\BaseBuilder->get()
 4 SYSTEMPATH\BaseModel.php(662): CodeIgniter\Model->doFirst()
 5 APPPATH\Controllers\Login.php(88): CodeIgniter\BaseModel->first()
 6 SYSTEMPATH\CodeIgniter.php(919): App\Controllers\Login->index()
 7 SYSTEMPATH\CodeIgniter.php(494): CodeIgniter\CodeIgniter->runController(Object(App\Controllers\Login))
 8 SYSTEMPATH\CodeIgniter.php(353): CodeIgniter\CodeIgniter->handleRequest(null, Object(Config\Cache), false)
 9 FCPATH\index.php(80): CodeIgniter\CodeIgniter->run()
10 SYSTEMPATH\Commands\Server\rewrite.php(47): require_once('C:\\laragon\\www\\api\\public\\index.php')
INFO - 2025-05-13 08:48:26 --> Session: Class initialized using 'CodeIgniter\Session\Handlers\FileHandler' driver.
