INFO - 2023-12-11 09:48:40 --> Session: Class initialized using 'CodeIgniter\Session\Handlers\FileHandler' driver.
INFO - 2023-12-11 09:48:40 --> Session: Class initialized using 'CodeIgniter\Session\Handlers\FileHandler' driver.
INFO - 2023-12-11 09:48:51 --> Session: Class initialized using 'CodeIgniter\Session\Handlers\FileHandler' driver.
INFO - 2023-12-11 09:48:51 --> Session: Class initialized using 'CodeIgniter\Session\Handlers\FileHandler' driver.
INFO - 2023-12-11 09:50:10 --> Session: Class initialized using 'CodeIgniter\Session\Handlers\FileHandler' driver.
INFO - 2023-12-11 09:50:15 --> Session: Class initialized using 'CodeIgniter\Session\Handlers\FileHandler' driver.
INFO - 2023-12-11 10:00:22 --> Session: Class initialized using 'CodeIgniter\Session\Handlers\FileHandler' driver.
INFO - 2023-12-11 10:01:17 --> Session: Class initialized using 'CodeIgniter\Session\Handlers\FileHandler' driver.
INFO - 2023-12-11 10:02:50 --> Session: Class initialized using 'CodeIgniter\Session\Handlers\FileHandler' driver.
INFO - 2023-12-11 10:03:54 --> Session: Class initialized using 'CodeIgniter\Session\Handlers\FileHandler' driver.
INFO - 2023-12-11 10:04:56 --> Session: Class initialized using 'CodeIgniter\Session\Handlers\FileHandler' driver.
INFO - 2023-12-11 10:11:06 --> Session: Class initialized using 'CodeIgniter\Session\Handlers\FileHandler' driver.
INFO - 2023-12-11 10:14:04 --> Session: Class initialized using 'CodeIgniter\Session\Handlers\FileHandler' driver.
INFO - 2023-12-11 10:14:56 --> Session: Class initialized using 'CodeIgniter\Session\Handlers\FileHandler' driver.
INFO - 2023-12-11 11:19:25 --> Session: Class initialized using 'CodeIgniter\Session\Handlers\FileHandler' driver.
INFO - 2023-12-11 16:17:20 --> Session: Class initialized using 'CodeIgniter\Session\Handlers\FileHandler' driver.
INFO - 2023-12-11 16:34:52 --> Session: Class initialized using 'CodeIgniter\Session\Handlers\FileHandler' driver.
INFO - 2023-12-11 16:34:53 --> Session: Class initialized using 'CodeIgniter\Session\Handlers\FileHandler' driver.
INFO - 2023-12-11 16:34:59 --> Session: Class initialized using 'CodeIgniter\Session\Handlers\FileHandler' driver.
INFO - 2023-12-11 16:47:10 --> Session: Class initialized using 'CodeIgniter\Session\Handlers\FileHandler' driver.
INFO - 2023-12-11 16:48:18 --> Session: Class initialized using 'CodeIgniter\Session\Handlers\FileHandler' driver.
ERROR - 2023-12-11 16:48:19 --> Error connecting to the database: mysqli_sql_exception: Access denied for user 'root'@'186.155.19.26' (using password: NO) in /opt/lampp/htdocs/SCANIT/system/Database/MySQLi/Connection.php:185
Stack trace:
#0 /opt/lampp/htdocs/SCANIT/system/Database/MySQLi/Connection.php(185): mysqli->real_connect('srv742.hstgr.io', 'root', '', 'u826814276_proj...', 3306, '', 0)
#1 /opt/lampp/htdocs/SCANIT/system/Database/BaseConnection.php(391): CodeIgniter\Database\MySQLi\Connection->connect(false)
#2 /opt/lampp/htdocs/SCANIT/system/Database/BaseConnection.php(574): CodeIgniter\Database\BaseConnection->initialize()
#3 /opt/lampp/htdocs/SCANIT/system/Database/BaseBuilder.php(1615): CodeIgniter\Database\BaseConnection->query('SELECT *\nFROM `...', Array, false)
#4 /opt/lampp/htdocs/SCANIT/system/Model.php(237): CodeIgniter\Database\BaseBuilder->get()
#5 /opt/lampp/htdocs/SCANIT/system/BaseModel.php(624): CodeIgniter\Model->doFindAll(0, 0)
#6 /opt/lampp/htdocs/SCANIT/app/Models/InventariosModel.php(20): CodeIgniter\BaseModel->findAll()
#7 /opt/lampp/htdocs/SCANIT/app/Controllers/Admin/Inventarios.php(30): App\Models\InventariosModel->obtenerInventarios()
#8 /opt/lampp/htdocs/SCANIT/system/CodeIgniter.php(919): App\Controllers\Admin\Inventarios->index()
#9 /opt/lampp/htdocs/SCANIT/system/CodeIgniter.php(494): CodeIgniter\CodeIgniter->runController(Object(App\Controllers\Admin\Inventarios))
#10 /opt/lampp/htdocs/SCANIT/system/CodeIgniter.php(353): CodeIgniter\CodeIgniter->handleRequest(NULL, Object(Config\Cache), false)
#11 /opt/lampp/htdocs/SCANIT/index.php(79): CodeIgniter\CodeIgniter->run()
#12 {main}

Next CodeIgniter\Database\Exceptions\DatabaseException: Access denied for user '****'@'186.155.19.26' (using password: NO) in /opt/lampp/htdocs/SCANIT/system/Database/MySQLi/Connection.php:229
Stack trace:
#0 /opt/lampp/htdocs/SCANIT/system/Database/BaseConnection.php(391): CodeIgniter\Database\MySQLi\Connection->connect(false)
#1 /opt/lampp/htdocs/SCANIT/system/Database/BaseConnection.php(574): CodeIgniter\Database\BaseConnection->initialize()
#2 /opt/lampp/htdocs/SCANIT/system/Database/BaseBuilder.php(1615): CodeIgniter\Database\BaseConnection->query('SELECT *\nFROM `...', Array, false)
#3 /opt/lampp/htdocs/SCANIT/system/Model.php(237): CodeIgniter\Database\BaseBuilder->get()
#4 /opt/lampp/htdocs/SCANIT/system/BaseModel.php(624): CodeIgniter\Model->doFindAll(0, 0)
#5 /opt/lampp/htdocs/SCANIT/app/Models/InventariosModel.php(20): CodeIgniter\BaseModel->findAll()
#6 /opt/lampp/htdocs/SCANIT/app/Controllers/Admin/Inventarios.php(30): App\Models\InventariosModel->obtenerInventarios()
#7 /opt/lampp/htdocs/SCANIT/system/CodeIgniter.php(919): App\Controllers\Admin\Inventarios->index()
#8 /opt/lampp/htdocs/SCANIT/system/CodeIgniter.php(494): CodeIgniter\CodeIgniter->runController(Object(App\Controllers\Admin\Inventarios))
#9 /opt/lampp/htdocs/SCANIT/system/CodeIgniter.php(353): CodeIgniter\CodeIgniter->handleRequest(NULL, Object(Config\Cache), false)
#10 /opt/lampp/htdocs/SCANIT/index.php(79): CodeIgniter\CodeIgniter->run()
#11 {main}
CRITICAL - 2023-12-11 16:48:19 --> Unable to connect to the database.
Main connection [MySQLi]: Access denied for user '****'@'186.155.19.26' (using password: NO)
in SYSTEMPATH/Database/BaseConnection.php on line 427.
 1 SYSTEMPATH/Database/BaseConnection.php(574): CodeIgniter\Database\BaseConnection->initialize()
 2 SYSTEMPATH/Database/BaseBuilder.php(1615): CodeIgniter\Database\BaseConnection->query('SELECT *
FROM `tbl_inventarios`', [], false)
 3 SYSTEMPATH/Model.php(237): CodeIgniter\Database\BaseBuilder->get()
 4 SYSTEMPATH/BaseModel.php(624): CodeIgniter\Model->doFindAll(0, 0)
 5 APPPATH/Models/InventariosModel.php(20): CodeIgniter\BaseModel->findAll()
 6 APPPATH/Controllers/Admin/Inventarios.php(30): App\Models\InventariosModel->obtenerInventarios()
 7 SYSTEMPATH/CodeIgniter.php(919): App\Controllers\Admin\Inventarios->index()
 8 SYSTEMPATH/CodeIgniter.php(494): CodeIgniter\CodeIgniter->runController(Object(App\Controllers\Admin\Inventarios))
 9 SYSTEMPATH/CodeIgniter.php(353): CodeIgniter\CodeIgniter->handleRequest(null, Object(Config\Cache), false)
10 FCPATH/index.php(79): CodeIgniter\CodeIgniter->run()
INFO - 2023-12-11 16:48:30 --> Session: Class initialized using 'CodeIgniter\Session\Handlers\FileHandler' driver.
ERROR - 2023-12-11 16:48:30 --> Error connecting to the database: mysqli_sql_exception: Access denied for user 'root'@'186.155.19.26' (using password: YES) in /opt/lampp/htdocs/SCANIT/system/Database/MySQLi/Connection.php:185
Stack trace:
#0 /opt/lampp/htdocs/SCANIT/system/Database/MySQLi/Connection.php(185): mysqli->real_connect('srv742.hstgr.io', 'root', 'Renter19892308o...', 'u826814276_proj...', 3306, '', 0)
#1 /opt/lampp/htdocs/SCANIT/system/Database/BaseConnection.php(391): CodeIgniter\Database\MySQLi\Connection->connect(false)
#2 /opt/lampp/htdocs/SCANIT/system/Database/BaseConnection.php(574): CodeIgniter\Database\BaseConnection->initialize()
#3 /opt/lampp/htdocs/SCANIT/system/Database/BaseBuilder.php(1615): CodeIgniter\Database\BaseConnection->query('SELECT *\nFROM `...', Array, false)
#4 /opt/lampp/htdocs/SCANIT/system/Model.php(237): CodeIgniter\Database\BaseBuilder->get()
#5 /opt/lampp/htdocs/SCANIT/system/BaseModel.php(624): CodeIgniter\Model->doFindAll(0, 0)
#6 /opt/lampp/htdocs/SCANIT/app/Models/InventariosModel.php(20): CodeIgniter\BaseModel->findAll()
#7 /opt/lampp/htdocs/SCANIT/app/Controllers/Admin/Inventarios.php(30): App\Models\InventariosModel->obtenerInventarios()
#8 /opt/lampp/htdocs/SCANIT/system/CodeIgniter.php(919): App\Controllers\Admin\Inventarios->index()
#9 /opt/lampp/htdocs/SCANIT/system/CodeIgniter.php(494): CodeIgniter\CodeIgniter->runController(Object(App\Controllers\Admin\Inventarios))
#10 /opt/lampp/htdocs/SCANIT/system/CodeIgniter.php(353): CodeIgniter\CodeIgniter->handleRequest(NULL, Object(Config\Cache), false)
#11 /opt/lampp/htdocs/SCANIT/index.php(79): CodeIgniter\CodeIgniter->run()
#12 {main}

Next CodeIgniter\Database\Exceptions\DatabaseException: Access denied for user '****'@'186.155.19.26' (using password: YES) in /opt/lampp/htdocs/SCANIT/system/Database/MySQLi/Connection.php:229
Stack trace:
#0 /opt/lampp/htdocs/SCANIT/system/Database/BaseConnection.php(391): CodeIgniter\Database\MySQLi\Connection->connect(false)
#1 /opt/lampp/htdocs/SCANIT/system/Database/BaseConnection.php(574): CodeIgniter\Database\BaseConnection->initialize()
#2 /opt/lampp/htdocs/SCANIT/system/Database/BaseBuilder.php(1615): CodeIgniter\Database\BaseConnection->query('SELECT *\nFROM `...', Array, false)
#3 /opt/lampp/htdocs/SCANIT/system/Model.php(237): CodeIgniter\Database\BaseBuilder->get()
#4 /opt/lampp/htdocs/SCANIT/system/BaseModel.php(624): CodeIgniter\Model->doFindAll(0, 0)
#5 /opt/lampp/htdocs/SCANIT/app/Models/InventariosModel.php(20): CodeIgniter\BaseModel->findAll()
#6 /opt/lampp/htdocs/SCANIT/app/Controllers/Admin/Inventarios.php(30): App\Models\InventariosModel->obtenerInventarios()
#7 /opt/lampp/htdocs/SCANIT/system/CodeIgniter.php(919): App\Controllers\Admin\Inventarios->index()
#8 /opt/lampp/htdocs/SCANIT/system/CodeIgniter.php(494): CodeIgniter\CodeIgniter->runController(Object(App\Controllers\Admin\Inventarios))
#9 /opt/lampp/htdocs/SCANIT/system/CodeIgniter.php(353): CodeIgniter\CodeIgniter->handleRequest(NULL, Object(Config\Cache), false)
#10 /opt/lampp/htdocs/SCANIT/index.php(79): CodeIgniter\CodeIgniter->run()
#11 {main}
CRITICAL - 2023-12-11 16:48:30 --> Unable to connect to the database.
Main connection [MySQLi]: Access denied for user '****'@'186.155.19.26' (using password: YES)
in SYSTEMPATH/Database/BaseConnection.php on line 427.
 1 SYSTEMPATH/Database/BaseConnection.php(574): CodeIgniter\Database\BaseConnection->initialize()
 2 SYSTEMPATH/Database/BaseBuilder.php(1615): CodeIgniter\Database\BaseConnection->query('SELECT *
FROM `tbl_inventarios`', [], false)
 3 SYSTEMPATH/Model.php(237): CodeIgniter\Database\BaseBuilder->get()
 4 SYSTEMPATH/BaseModel.php(624): CodeIgniter\Model->doFindAll(0, 0)
 5 APPPATH/Models/InventariosModel.php(20): CodeIgniter\BaseModel->findAll()
 6 APPPATH/Controllers/Admin/Inventarios.php(30): App\Models\InventariosModel->obtenerInventarios()
 7 SYSTEMPATH/CodeIgniter.php(919): App\Controllers\Admin\Inventarios->index()
 8 SYSTEMPATH/CodeIgniter.php(494): CodeIgniter\CodeIgniter->runController(Object(App\Controllers\Admin\Inventarios))
 9 SYSTEMPATH/CodeIgniter.php(353): CodeIgniter\CodeIgniter->handleRequest(null, Object(Config\Cache), false)
10 FCPATH/index.php(79): CodeIgniter\CodeIgniter->run()
INFO - 2023-12-11 16:48:37 --> Session: Class initialized using 'CodeIgniter\Session\Handlers\FileHandler' driver.
CRITICAL - 2023-12-11 16:48:38 --> Undefined array key "id_producto"
in APPPATH/Views/admin/inventarios/inicio-inventarios-admin.php on line 68.
 1 APPPATH/Views/admin/inventarios/inicio-inventarios-admin.php(68): CodeIgniter\Debug\Exceptions->errorHandler(2, 'Undefined array key "id_producto"', '/opt/lampp/htdocs/SCANIT/app/Views/admin/inventarios/inicio-inventarios-admin.php', 68)
 2 SYSTEMPATH/View/View.php(226): include('/opt/lampp/htdocs/SCANIT/app/Views/admin/inventarios/inicio-inventarios-admin.php')
 3 SYSTEMPATH/View/View.php(229): CodeIgniter\View\View->CodeIgniter\View\{closure}()
 4 SYSTEMPATH/Common.php(1188): CodeIgniter\View\View->render('admin/inventarios/inicio-inventarios-admin', [], true)
 5 APPPATH/Controllers/Admin/Inventarios.php(36): view('admin/inventarios/inicio-inventarios-admin', [...])
 6 SYSTEMPATH/CodeIgniter.php(919): App\Controllers\Admin\Inventarios->index()
 7 SYSTEMPATH/CodeIgniter.php(494): CodeIgniter\CodeIgniter->runController(Object(App\Controllers\Admin\Inventarios))
 8 SYSTEMPATH/CodeIgniter.php(353): CodeIgniter\CodeIgniter->handleRequest(null, Object(Config\Cache), false)
 9 FCPATH/index.php(79): CodeIgniter\CodeIgniter->run()
INFO - 2023-12-11 16:48:57 --> Session: Class initialized using 'CodeIgniter\Session\Handlers\FileHandler' driver.
CRITICAL - 2023-12-11 16:48:58 --> Undefined array key "id_producto"
in APPPATH/Views/admin/inventarios/inicio-inventarios-admin.php on line 68.
 1 APPPATH/Views/admin/inventarios/inicio-inventarios-admin.php(68): CodeIgniter\Debug\Exceptions->errorHandler(2, 'Undefined array key "id_producto"', '/opt/lampp/htdocs/SCANIT/app/Views/admin/inventarios/inicio-inventarios-admin.php', 68)
 2 SYSTEMPATH/View/View.php(226): include('/opt/lampp/htdocs/SCANIT/app/Views/admin/inventarios/inicio-inventarios-admin.php')
 3 SYSTEMPATH/View/View.php(229): CodeIgniter\View\View->CodeIgniter\View\{closure}()
 4 SYSTEMPATH/Common.php(1188): CodeIgniter\View\View->render('admin/inventarios/inicio-inventarios-admin', [], true)
 5 APPPATH/Controllers/Admin/Inventarios.php(36): view('admin/inventarios/inicio-inventarios-admin', [...])
 6 SYSTEMPATH/CodeIgniter.php(919): App\Controllers\Admin\Inventarios->index()
 7 SYSTEMPATH/CodeIgniter.php(494): CodeIgniter\CodeIgniter->runController(Object(App\Controllers\Admin\Inventarios))
 8 SYSTEMPATH/CodeIgniter.php(353): CodeIgniter\CodeIgniter->handleRequest(null, Object(Config\Cache), false)
 9 FCPATH/index.php(79): CodeIgniter\CodeIgniter->run()
INFO - 2023-12-11 16:49:30 --> Session: Class initialized using 'CodeIgniter\Session\Handlers\FileHandler' driver.
INFO - 2023-12-11 16:50:24 --> Session: Class initialized using 'CodeIgniter\Session\Handlers\FileHandler' driver.
INFO - 2023-12-11 16:55:47 --> Session: Class initialized using 'CodeIgniter\Session\Handlers\FileHandler' driver.
INFO - 2023-12-11 16:55:53 --> Session: Class initialized using 'CodeIgniter\Session\Handlers\FileHandler' driver.
INFO - 2023-12-11 16:59:18 --> Session: Class initialized using 'CodeIgniter\Session\Handlers\FileHandler' driver.
INFO - 2023-12-11 16:59:39 --> Session: Class initialized using 'CodeIgniter\Session\Handlers\FileHandler' driver.
